{
"/Users/terrencelam/Documents/Dev/debt_mgmt/debt_mgmt/src/common/debtors/actions.js":{"path":"/Users/terrencelam/Documents/Dev/debt_mgmt/debt_mgmt/src/common/debtors/actions.js","s":{"1":1,"2":1,"3":1,"4":1,"5":1,"6":1,"7":1,"8":1,"9":1,"10":1,"11":1,"12":1,"13":1,"14":1,"15":1,"16":1,"17":1,"18":1,"19":1,"20":1,"21":1,"22":1,"23":0,"24":1,"25":0,"26":0,"27":0,"28":0,"29":1,"30":0,"31":0,"32":0,"33":0,"34":0,"35":0,"36":0,"37":0,"38":0,"39":0,"40":0,"41":0,"42":0,"43":0,"44":0,"45":0,"46":0,"47":0,"48":1,"49":0,"50":0,"51":0,"52":0,"53":1,"54":0,"55":0,"56":0,"57":0,"58":0,"59":0,"60":0,"61":0,"62":0,"63":0,"64":0,"65":0,"66":0,"67":0,"68":0,"69":0,"70":0,"71":0},"b":{"1":[1,0],"2":[1,0],"3":[0,0],"4":[0,0],"5":[0,0,0,0,0,0],"6":[0,0],"7":[0,0],"8":[0,0],"9":[0,0,0,0,0,0],"10":[0,0]},"f":{"1":1,"2":1,"3":0,"4":0,"5":0,"6":0,"7":0,"8":0,"9":0,"10":0,"11":0},"fnMap":{"1":{"loc":{"start":{"line":16,"column":7},"end":{"line":16,"column":40}},"name":"fetchDebtors","line":61},"2":{"loc":{"start":{"line":18,"column":9},"end":{"line":18,"column":9}},"name":"(anonymous_2)","line":61},"3":{"loc":{"start":{"line":26,"column":14},"end":{"line":26,"column":14}},"name":"(anonymous_3)","line":61},"4":{"loc":{"start":{"line":16,"column":7},"end":{"line":31,"column":51}},"name":"searchDebtors","line":61},"5":{"loc":{"start":{"line":33,"column":9},"end":{"line":33,"column":24}},"name":"(anonymous_5)","line":61},"6":{"loc":{"start":{"line":33,"column":24},"end":{"line":34,"column":4}},"name":"getPromise","line":61},"7":{"loc":{"start":{"line":36,"column":14},"end":{"line":36,"column":14}},"name":"getPromise$","line":61},"8":{"loc":{"start":{"line":31,"column":7},"end":{"line":61,"column":50}},"name":"fetchDebtor","line":61},"9":{"loc":{"start":{"line":63,"column":9},"end":{"line":63,"column":24}},"name":"(anonymous_9)","line":63},"10":{"loc":{"start":{"line":64,"column":4},"end":{"line":64,"column":4}},"name":"getPromise","line":64},"11":{"loc":{"start":{"line":66,"column":14},"end":{"line":66,"column":14}},"name":"getPromise$","line":66}},"statementMap":{"1":{"start":{"line":0,"column":0},"end":{"line":0,"column":0},"skip":true},"2":{"start":{"line":0,"column":0},"end":{"line":0,"column":0},"skip":true},"3":{"start":{"line":0,"column":0},"end":{"line":0,"column":0},"skip":true},"4":{"end":{"line":31,"column":16},"start":{"line":16,"column":16}},"5":{"end":{"line":1,"column":-15},"start":{"line":31,"column":16}},"6":{"end":{"line":3,"column":7},"start":{"line":1,"column":-15}},"7":{"end":{"line":4,"column":7},"start":{"line":3,"column":7}},"8":{"end":{"line":5,"column":7},"start":{"line":4,"column":7}},"9":{"end":{"line":6,"column":7},"start":{"line":5,"column":7}},"10":{"end":{"line":7,"column":7},"start":{"line":6,"column":7}},"11":{"end":{"line":8,"column":7},"start":{"line":7,"column":7}},"12":{"end":{"line":9,"column":7},"start":{"line":8,"column":7}},"13":{"end":{"line":10,"column":7},"start":{"line":9,"column":7}},"14":{"end":{"line":11,"column":7},"start":{"line":10,"column":7}},"15":{"end":{"line":13,"column":0},"start":{"line":11,"column":7}},"16":{"end":{"line":16,"column":7},"start":{"line":13,"column":0}},"17":{"end":{"line":16,"column":7},"start":{"line":16,"column":7}},"18":{"end":{"line":16,"column":40},"start":{"line":16,"column":40}},"19":{"end":{"line":16,"column":40},"start":{"line":16,"column":40}},"20":{"end":{"line":16,"column":40},"start":{"line":16,"column":40}},"21":{"end":{"line":18,"column":12},"start":{"line":18,"column":9}},"22":{"end":{"line":20,"column":4},"start":{"line":18,"column":12}},"23":{"end":{"line":26,"column":26},"start":{"line":26,"column":14}},"24":{"end":{"line":31,"column":7},"start":{"line":16,"column":7}},"25":{"end":{"line":31,"column":51},"start":{"line":31,"column":51}},"26":{"end":{"line":31,"column":51},"start":{"line":31,"column":51}},"27":{"end":{"line":31,"column":51},"start":{"line":31,"column":51}},"28":{"end":{"line":33,"column":24},"start":{"line":33,"column":24}},"29":{"end":{"line":34,"column":4},"start":{"line":33,"column":24}},"30":{"end":{"line":36,"column":14},"start":{"line":34,"column":4}},"31":{"end":{"line":48,"column":14},"start":{"line":36,"column":14}},"32":{"end":{"line":48,"column":14},"start":{"line":36,"column":14}},"33":{"end":{"line":48,"column":14},"start":{"line":36,"column":14}},"34":{"end":{"line":36,"column":14},"start":{"line":36,"column":14}},"35":{"end":{"line":36,"column":14},"start":{"line":36,"column":14}},"36":{"end":{"line":36,"column":31},"start":{"line":36,"column":14}},"37":{"end":{"line":36,"column":14},"start":{"line":36,"column":14}},"38":{"end":{"line":45,"column":12},"start":{"line":36,"column":14}},"39":{"end":{"line":45,"column":12},"start":{"line":45,"column":12}},"40":{"end":{"line":45,"column":12},"start":{"line":45,"column":12}},"41":{"end":{"line":45,"column":43},"start":{"line":45,"column":12}},"42":{"end":{"line":46,"column":15},"start":{"line":45,"column":43}},"43":{"end":{"line":46,"column":15},"start":{"line":46,"column":15}},"44":{"end":{"line":46,"column":15},"start":{"line":46,"column":15}},"45":{"end":{"line":48,"column":14},"start":{"line":46,"column":15}},"46":{"end":{"line":48,"column":14},"start":{"line":48,"column":14}},"47":{"end":{"line":33,"column":24},"start":{"line":34,"column":4}},"48":{"end":{"line":61,"column":7},"start":{"line":31,"column":7}},"49":{"end":{"line":61,"column":50},"start":{"line":61,"column":50}},"50":{"end":{"line":61,"column":50},"start":{"line":62,"column":2}},"51":{"end":{"line":61,"column":50},"start":{"line":63,"column":2}},"52":{"end":{"line":63,"column":24},"start":{"line":63,"column":24}},"53":{"end":{"line":64,"column":4},"start":{"line":64,"column":4}},"54":{"end":{"line":66,"column":14},"start":{"line":64,"column":4}},"55":{"end":{"line":77,"column":14},"start":{"line":66,"column":14}},"56":{"end":{"line":77,"column":14},"start":{"line":66,"column":14}},"57":{"end":{"line":77,"column":14},"start":{"line":66,"column":14}},"58":{"end":{"line":66,"column":14},"start":{"line":66,"column":14}},"59":{"end":{"line":66,"column":14},"start":{"line":66,"column":14}},"60":{"end":{"line":66,"column":31},"start":{"line":66,"column":14}},"61":{"end":{"line":66,"column":14},"start":{"line":66,"column":14}},"62":{"end":{"line":74,"column":12},"start":{"line":66,"column":14}},"63":{"end":{"line":74,"column":12},"start":{"line":74,"column":12}},"64":{"end":{"line":74,"column":12},"start":{"line":74,"column":12}},"65":{"end":{"line":74,"column":43},"start":{"line":74,"column":12}},"66":{"end":{"line":75,"column":15},"start":{"line":74,"column":43}},"67":{"end":{"line":75,"column":15},"start":{"line":75,"column":15}},"68":{"end":{"line":75,"column":15},"start":{"line":75,"column":15}},"69":{"end":{"line":77,"column":14},"start":{"line":75,"column":15}},"70":{"end":{"line":77,"column":14},"start":{"line":77,"column":14}},"71":{"end":{"line":63,"column":24},"start":{"line":80,"column":4}}},"branchMap":{"1":{"line":61,"type":"cond-expr","locations":[{"end":{"line":16,"column":36},"start":{"line":16,"column":36}},{"end":{"line":16,"column":36},"start":{"line":16,"column":36}}]},"2":{"line":61,"type":"binary-expr","locations":[{"end":{"line":16,"column":29},"start":{"line":16,"column":29}},{"end":{"line":16,"column":29},"start":{"line":16,"column":29}}]},"3":{"line":61,"type":"cond-expr","locations":[{"end":{"line":31,"column":47},"start":{"line":31,"column":47}},{"end":{"line":31,"column":47},"start":{"line":31,"column":47}}]},"4":{"line":61,"type":"binary-expr","locations":[{"end":{"line":31,"column":40},"start":{"line":31,"column":40}},{"end":{"line":31,"column":40},"start":{"line":31,"column":40}}]},"5":{"line":61,"type":"switch","locations":[{"end":{"line":36,"column":31},"start":{"line":36,"column":14}},{"end":{"line":45,"column":43},"start":{"line":36,"column":31}},{"end":{"line":46,"column":15},"start":{"line":45,"column":43}},{"end":{"line":48,"column":14},"start":{"line":46,"column":15}},{"end":{"line":48,"column":14},"start":{"line":48,"column":14}},{"end":{"line":48,"column":14},"start":{"line":48,"column":14}}]},"6":{"line":61,"type":"if","locations":[{"end":{"line":36,"column":14},"start":{"line":36,"column":14}},{"end":{"line":36,"column":14},"start":{"line":36,"column":14}}]},"7":{"line":61,"type":"cond-expr","locations":[{"end":{"line":61,"column":46},"start":{"line":61,"column":46}},{"end":{"line":61,"column":46},"start":{"line":61,"column":46}}]},"8":{"line":61,"type":"binary-expr","locations":[{"end":{"line":61,"column":39},"start":{"line":61,"column":39}},{"end":{"line":61,"column":39},"start":{"line":61,"column":39}}]},"9":{"line":66,"type":"switch","locations":[{"end":{"line":66,"column":31},"start":{"line":66,"column":14}},{"end":{"line":74,"column":43},"start":{"line":66,"column":31}},{"end":{"line":75,"column":15},"start":{"line":74,"column":43}},{"end":{"line":77,"column":14},"start":{"line":75,"column":15}},{"end":{"line":77,"column":14},"start":{"line":77,"column":14}},{"end":{"line":77,"column":14},"start":{"line":77,"column":14}}]},"10":{"line":71,"type":"if","locations":[{"end":{"line":66,"column":14},"start":{"line":66,"column":14}},{"end":{"line":66,"column":14},"start":{"line":66,"column":14}}]}},"l":{"0":1,"1":1,"3":1,"4":1,"5":1,"6":1,"7":1,"8":1,"9":1,"10":1,"11":1,"13":1,"16":1,"18":1,"26":0,"31":1,"33":1,"34":0,"36":0,"45":0,"46":0,"48":0,"61":0,"62":0,"63":0,"64":1,"66":0,"74":0,"75":0,"77":0,"80":0}},
"/Users/terrencelam/Documents/Dev/debt_mgmt/debt_mgmt/src/common/lib/error/error.js":{"path":"/Users/terrencelam/Documents/Dev/debt_mgmt/debt_mgmt/src/common/lib/error/error.js","s":{"1":1,"2":1,"3":1,"4":1,"5":1,"6":1,"7":1,"8":0,"9":0,"10":0},"b":{"1":[1,0],"2":[1,1],"3":[0,0]},"f":{"1":1,"2":0},"fnMap":{"1":{"loc":{"start":{"line":1,"column":-15},"end":{"line":1,"column":-15}},"name":"_interopRequireDefault","line":3},"2":{"loc":{"start":{"line":3,"column":7},"end":{"line":3,"column":48}},"name":"translateHttpError","line":3}},"statementMap":{"1":{"start":{"line":0,"column":0},"end":{"line":0,"column":0},"skip":true},"2":{"start":{"line":0,"column":0},"end":{"line":0,"column":0},"skip":true},"3":{"end":{"line":1,"column":-15},"start":{"line":1,"column":-15}},"4":{"end":{"line":1,"column":-15},"start":{"line":1,"column":-15}},"5":{"end":{"line":3,"column":7},"start":{"line":1,"column":-15}},"6":{"end":{"line":1,"column":-15},"start":{"line":1,"column":-15}},"7":{"end":{"line":3,"column":7},"start":{"line":3,"column":7}},"8":{"end":{"line":3,"column":48},"start":{"line":4,"column":2}},"9":{"end":{"line":5,"column":4},"start":{"line":6,"column":6}},"10":{"end":{"line":7,"column":4},"start":{"line":8,"column":6}}},"branchMap":{"1":{"line":3,"type":"cond-expr","locations":[{"end":{"line":1,"column":-15},"start":{"line":1,"column":-15}},{"end":{"line":1,"column":-15},"start":{"line":1,"column":-15}}]},"2":{"line":3,"type":"binary-expr","locations":[{"end":{"line":1,"column":-15},"start":{"line":1,"column":-15}},{"end":{"line":1,"column":-15},"start":{"line":1,"column":-15}}]},"3":{"line":4,"type":"switch","locations":[{"end":{"line":5,"column":4},"start":{"line":5,"column":4}},{"end":{"line":7,"column":4},"start":{"line":7,"column":4}}]}},"l":{"0":1,"1":1,"3":1,"4":0,"6":0,"8":0}},
"/Users/terrencelam/Documents/Dev/debt_mgmt/debt_mgmt/src/common/lib/error/AuthorizationError.js":{"path":"/Users/terrencelam/Documents/Dev/debt_mgmt/debt_mgmt/src/common/lib/error/AuthorizationError.js","s":{"1":1,"2":1,"3":1,"4":0,"5":0,"6":1,"7":0,"8":0,"9":0,"10":1,"11":1,"12":0,"13":1,"14":1,"15":1,"16":1,"17":1,"18":1,"19":0,"20":0,"21":0,"22":0,"23":0,"24":0,"25":1,"26":1},"b":{"1":[0,0],"2":[0,0],"3":[0,0],"4":[0,0,0],"5":[0,1],"6":[1,0],"7":[1,1],"8":[1,0],"9":[1,0],"10":[0,0],"11":[0,0]},"f":{"1":0,"2":0,"3":1,"4":1,"5":0},"fnMap":{"1":{"loc":{"start":{"line":1,"column":-15},"end":{"line":1,"column":-15}},"name":"_classCallCheck","line":1},"2":{"loc":{"start":{"line":1,"column":-15},"end":{"line":1,"column":-15}},"name":"_possibleConstructorReturn","line":1},"3":{"loc":{"start":{"line":1,"column":-15},"end":{"line":1,"column":-15}},"name":"_inherits","line":1},"4":{"loc":{"start":{"line":3,"column":6},"end":{"line":3,"column":6}},"name":"(anonymous_4)","line":3},"5":{"loc":{"start":{"line":5,"column":2},"end":{"line":5,"column":33}},"name":"AuthorizationError","line":5}},"statementMap":{"1":{"start":{"line":0,"column":0},"end":{"line":0,"column":0},"skip":true},"2":{"end":{"line":1,"column":-15},"start":{"line":1,"column":-15}},"3":{"end":{"line":1,"column":-15},"start":{"line":1,"column":-15}},"4":{"end":{"line":1,"column":-15},"start":{"line":1,"column":-15}},"5":{"end":{"line":1,"column":-15},"start":{"line":1,"column":-15}},"6":{"end":{"line":1,"column":-15},"start":{"line":1,"column":-15}},"7":{"end":{"line":1,"column":-15},"start":{"line":1,"column":-15}},"8":{"end":{"line":1,"column":-15},"start":{"line":1,"column":-15}},"9":{"end":{"line":1,"column":-15},"start":{"line":1,"column":-15}},"10":{"end":{"line":1,"column":-15},"start":{"line":1,"column":-15}},"11":{"end":{"line":1,"column":-15},"start":{"line":1,"column":-15}},"12":{"end":{"line":1,"column":-15},"start":{"line":1,"column":-15}},"13":{"end":{"line":1,"column":-15},"start":{"line":1,"column":-15}},"14":{"end":{"line":1,"column":-15},"start":{"line":1,"column":-15}},"15":{"end":{"line":1,"column":-15},"start":{"line":1,"column":-15}},"16":{"end":{"line":3,"column":6},"start":{"line":1,"column":-15}},"17":{"end":{"line":3,"column":6},"start":{"line":3,"column":6}},"18":{"end":{"line":5,"column":2},"start":{"line":5,"column":2}},"19":{"end":{"line":5,"column":33},"start":{"line":5,"column":33}},"20":{"end":{"line":5,"column":33},"start":{"line":5,"column":33}},"21":{"end":{"line":5,"column":33},"start":{"line":5,"column":33}},"22":{"end":{"line":5,"column":33},"start":{"line":7,"column":4}},"23":{"end":{"line":5,"column":33},"start":{"line":8,"column":4}},"24":{"end":{"line":5,"column":33},"start":{"line":5,"column":33}},"25":{"end":{"line":3,"column":6},"start":{"line":5,"column":2}},"26":{"end":{"line":14,"column":15},"start":{"line":3,"column":6}}},"branchMap":{"1":{"line":1,"type":"if","locations":[{"end":{"line":1,"column":-15},"start":{"line":1,"column":-15}},{"end":{"line":1,"column":-15},"start":{"line":1,"column":-15}}]},"2":{"line":1,"type":"if","locations":[{"end":{"line":1,"column":-15},"start":{"line":1,"column":-15}},{"end":{"line":1,"column":-15},"start":{"line":1,"column":-15}}]},"3":{"line":1,"type":"cond-expr","locations":[{"end":{"line":1,"column":-15},"start":{"line":1,"column":-15}},{"end":{"line":1,"column":-15},"start":{"line":1,"column":-15}}]},"4":{"line":1,"type":"binary-expr","locations":[{"end":{"line":1,"column":-15},"start":{"line":1,"column":-15}},{"end":{"line":1,"column":-15},"start":{"line":1,"column":-15}},{"end":{"line":1,"column":-15},"start":{"line":1,"column":-15}}]},"5":{"line":1,"type":"if","locations":[{"end":{"line":1,"column":-15},"start":{"line":1,"column":-15}},{"end":{"line":1,"column":-15},"start":{"line":1,"column":-15}}]},"6":{"line":1,"type":"binary-expr","locations":[{"end":{"line":1,"column":-15},"start":{"line":1,"column":-15}},{"end":{"line":1,"column":-15},"start":{"line":1,"column":-15}}]},"7":{"line":1,"type":"binary-expr","locations":[{"end":{"line":1,"column":-15},"start":{"line":1,"column":-15}},{"end":{"line":1,"column":-15},"start":{"line":1,"column":-15}}]},"8":{"line":1,"type":"if","locations":[{"end":{"line":1,"column":-15},"start":{"line":1,"column":-15}},{"end":{"line":1,"column":-15},"start":{"line":1,"column":-15}}]},"9":{"line":1,"type":"cond-expr","locations":[{"end":{"line":1,"column":-15},"start":{"line":1,"column":-15}},{"end":{"line":1,"column":-15},"start":{"line":1,"column":-15}}]},"10":{"line":5,"type":"cond-expr","locations":[{"end":{"line":5,"column":29},"start":{"line":5,"column":29}},{"end":{"line":5,"column":29},"start":{"line":5,"column":29}}]},"11":{"line":5,"type":"binary-expr","locations":[{"end":{"line":5,"column":20},"start":{"line":5,"column":20}},{"end":{"line":5,"column":20},"start":{"line":5,"column":20}}]}},"l":{"0":1,"1":1,"3":1,"5":1,"7":0,"8":0}},
"/Users/terrencelam/Documents/Dev/debt_mgmt/debt_mgmt/src/server/lib/Boarding.js":{"path":"/Users/terrencelam/Documents/Dev/debt_mgmt/debt_mgmt/src/server/lib/Boarding.js","s":{"1":1,"2":1,"3":1,"4":1,"5":1,"6":1,"7":1,"8":1,"9":1,"10":1,"11":1,"12":1,"13":1,"14":1,"15":5,"16":1,"17":6,"18":221,"19":1,"20":10,"21":10,"22":8,"23":2,"24":1,"25":18,"26":2,"27":16,"28":16,"29":2,"30":14,"31":14,"32":14,"33":14,"34":14,"35":14,"36":14,"37":7,"38":7,"39":7,"40":4,"41":4,"42":7,"43":7,"44":7,"45":7,"46":6,"47":6,"48":14,"49":1,"50":3,"51":3,"52":3,"53":3,"54":3,"55":1,"56":1,"57":1,"58":1,"59":5,"60":1,"61":1,"62":2,"63":2,"64":3,"65":3,"66":1,"67":3,"68":3,"69":3,"70":217,"71":217,"72":1,"73":2,"74":1,"75":2,"76":2,"77":2,"78":121,"79":10,"80":57,"81":1,"82":1,"83":1,"84":1,"85":1,"86":1,"87":5,"88":5,"89":0,"90":1,"91":1,"92":4,"93":4,"94":1,"95":3,"96":1,"97":0,"98":0,"99":0,"100":0,"101":0,"102":0,"103":0,"104":0,"105":0,"106":0,"107":0,"108":0,"109":0,"110":0,"111":0,"112":0,"113":0,"114":0,"115":0,"116":0,"117":0,"118":0,"119":0,"120":1,"121":1,"122":1,"123":1,"124":1,"125":1,"126":1,"127":1,"128":1,"129":1,"130":1},"b":{"1":[2,3],"2":[5,5],"3":[8,2],"4":[2,16],"5":[2,14],"6":[7,7],"7":[4,3],"8":[7,0],"9":[6,1],"10":[2,1],"11":[0,2],"12":[2,2],"13":[0,3],"14":[3,3],"15":[1,216],"16":[0,2],"17":[2,2],"18":[10,111],"19":[1,56],"20":[57,56],"21":[0,5],"22":[2,2],"23":[4,2],"24":[1,3],"25":[4,1],"26":[3,2],"27":[0,0],"28":[0,0],"29":[0,0],"30":[0,0]},"f":{"1":5,"2":6,"3":10,"4":18,"5":3,"6":1,"7":2,"8":3,"9":2,"10":1,"11":4,"12":0},"fnMap":{"1":{"loc":{"start":{"line":0,"column":0},"end":{"line":0,"column":0},"skip":true},"skip":true,"name":"_interopRequireDefault","line":31},"2":{"loc":{"start":{"line":8,"column":0},"end":{"line":8,"column":31}},"name":"getFieldNames","line":33},"3":{"loc":{"start":{"line":14,"column":0},"end":{"line":14,"column":24}},"name":"getGender","line":37},"4":{"loc":{"start":{"line":22,"column":0},"end":{"line":22,"column":29}},"name":"getIdInfo","line":45},"5":{"loc":{"start":{"line":63,"column":0},"end":{"line":63,"column":31}},"name":"getCell","line":80},"6":{"loc":{"start":{"line":68,"column":0},"end":{"line":68,"column":21}},"name":"getRows","line":89},"7":{"loc":{"start":{"line":79,"column":0},"end":{"line":79,"column":48}},"name":"getColIndexes","line":99},"8":{"loc":{"start":{"line":86,"column":0},"end":{"line":86,"column":62}},"name":"checkColumnNames","line":108},"9":{"loc":{"start":{"line":99,"column":0},"end":{"line":99,"column":65}},"name":"checkRequiredFields","line":123},"10":{"loc":{"start":{"line":117,"column":0},"end":{"line":117,"column":43}},"name":"checkIfPortfolioExists","line":141},"11":{"loc":{"start":{"line":142,"column":0},"end":{"line":142,"column":62}},"name":"validateBoarding","line":166},"12":{"loc":{"start":{"line":150,"column":0},"end":{"line":150,"column":47}},"name":"boarding","line":175}},"statementMap":{"1":{"start":{"line":0,"column":0},"end":{"line":0,"column":0},"skip":true},"2":{"start":{"line":0,"column":0},"end":{"line":0,"column":0},"skip":true},"3":{"start":{"line":0,"column":0},"end":{"line":0,"column":0},"skip":true},"4":{"start":{"line":0,"column":0},"end":{"line":0,"column":0},"skip":true},"5":{"start":{"line":0,"column":0},"end":{"line":0,"column":0},"skip":true},"6":{"end":{"line":1,"column":-15},"start":{"line":1,"column":-15}},"7":{"end":{"line":2,"column":0},"start":{"line":2,"column":0}},"8":{"start":{"line":0,"column":0},"end":{"line":0,"column":0},"skip":true},"9":{"end":{"line":3,"column":0},"start":{"line":3,"column":0}},"10":{"end":{"line":4,"column":0},"start":{"line":4,"column":0}},"11":{"start":{"line":0,"column":0},"end":{"line":0,"column":0},"skip":true},"12":{"end":{"line":5,"column":0},"start":{"line":5,"column":0}},"13":{"start":{"line":0,"column":0},"end":{"line":0,"column":0},"skip":true},"14":{"start":{"line":0,"column":0},"end":{"line":0,"column":0},"skip":true},"15":{"start":{"line":0,"column":0},"end":{"line":0,"column":0},"skip":true},"16":{"end":{"line":8,"column":0},"start":{"line":8,"column":0}},"17":{"end":{"line":8,"column":31},"start":{"line":9,"column":2}},"18":{"end":{"line":9,"column":23},"start":{"line":10,"column":4}},"19":{"end":{"line":14,"column":0},"start":{"line":14,"column":0}},"20":{"end":{"line":14,"column":24},"start":{"line":15,"column":2}},"21":{"end":{"line":16,"column":2},"start":{"line":16,"column":2}},"22":{"end":{"line":16,"column":18},"start":{"line":17,"column":4}},"23":{"end":{"line":14,"column":24},"start":{"line":19,"column":2}},"24":{"end":{"line":22,"column":0},"start":{"line":22,"column":0}},"25":{"end":{"line":23,"column":2},"start":{"line":23,"column":2}},"26":{"end":{"line":23,"column":17},"start":{"line":24,"column":4}},"27":{"end":{"line":22,"column":29},"start":{"line":26,"column":2}},"28":{"end":{"line":27,"column":2},"start":{"line":27,"column":2}},"29":{"end":{"line":27,"column":16},"start":{"line":28,"column":4}},"30":{"end":{"line":22,"column":29},"start":{"line":30,"column":2}},"31":{"end":{"line":22,"column":29},"start":{"line":31,"column":2}},"32":{"end":{"line":22,"column":29},"start":{"line":32,"column":2}},"33":{"end":{"line":22,"column":29},"start":{"line":33,"column":2}},"34":{"end":{"line":22,"column":29},"start":{"line":34,"column":2}},"35":{"end":{"line":22,"column":29},"start":{"line":35,"column":2}},"36":{"end":{"line":46,"column":9},"start":{"line":36,"column":2}},"37":{"end":{"line":36,"column":18},"start":{"line":37,"column":4}},"38":{"end":{"line":36,"column":18},"start":{"line":38,"column":4}},"39":{"end":{"line":39,"column":4},"start":{"line":39,"column":4}},"40":{"end":{"line":39,"column":16},"start":{"line":40,"column":6}},"41":{"end":{"line":39,"column":16},"start":{"line":44,"column":6}},"42":{"end":{"line":46,"column":9},"start":{"line":46,"column":9}},"43":{"end":{"line":46,"column":25},"start":{"line":47,"column":4}},"44":{"end":{"line":46,"column":25},"start":{"line":48,"column":4}},"45":{"end":{"line":49,"column":4},"start":{"line":49,"column":4}},"46":{"end":{"line":49,"column":16},"start":{"line":50,"column":6}},"47":{"end":{"line":49,"column":16},"start":{"line":54,"column":6}},"48":{"end":{"line":22,"column":29},"start":{"line":57,"column":2}},"49":{"end":{"line":63,"column":0},"start":{"line":63,"column":0}},"50":{"start":{"line":0,"column":0},"end":{"line":0,"column":0},"skip":true},"51":{"start":{"line":0,"column":0},"end":{"line":0,"column":0},"skip":true},"52":{"start":{"line":0,"column":0},"end":{"line":0,"column":0},"skip":true},"53":{"end":{"line":63,"column":31},"start":{"line":64,"column":2}},"54":{"end":{"line":63,"column":31},"start":{"line":65,"column":2}},"55":{"end":{"line":68,"column":0},"start":{"line":68,"column":0}},"56":{"end":{"line":69,"column":8},"start":{"line":69,"column":2}},"57":{"end":{"line":68,"column":21},"start":{"line":68,"column":21}},"58":{"end":{"line":72,"column":2},"start":{"line":72,"column":2}},"59":{"end":{"line":72,"column":51},"start":{"line":73,"column":4}},"60":{"end":{"line":68,"column":21},"start":{"line":75,"column":2}},"61":{"end":{"line":79,"column":0},"start":{"line":79,"column":0}},"62":{"start":{"line":0,"column":0},"end":{"line":0,"column":0},"skip":true},"63":{"end":{"line":79,"column":48},"start":{"line":80,"column":2}},"64":{"end":{"line":80,"column":46},"start":{"line":81,"column":4}},"65":{"end":{"line":80,"column":46},"start":{"line":82,"column":4}},"66":{"end":{"line":86,"column":0},"start":{"line":86,"column":0}},"67":{"start":{"line":0,"column":0},"end":{"line":0,"column":0},"skip":true},"68":{"end":{"line":86,"column":62},"start":{"line":87,"column":2}},"69":{"end":{"line":88,"column":2},"start":{"line":88,"column":2}},"70":{"end":{"line":88,"column":47},"start":{"line":89,"column":4}},"71":{"end":{"line":90,"column":4},"start":{"line":90,"column":4}},"72":{"end":{"line":90,"column":44},"start":{"line":91,"column":6}},"73":{"end":{"line":86,"column":62},"start":{"line":96,"column":2}},"74":{"end":{"line":99,"column":0},"start":{"line":99,"column":0}},"75":{"start":{"line":0,"column":0},"end":{"line":0,"column":0},"skip":true},"76":{"end":{"line":99,"column":65},"start":{"line":100,"column":2}},"77":{"end":{"line":99,"column":65},"start":{"line":101,"column":2}},"78":{"end":{"line":102,"column":4},"start":{"line":102,"column":4}},"79":{"end":{"line":103,"column":6},"start":{"line":103,"column":6}},"80":{"end":{"line":104,"column":8},"start":{"line":104,"column":8}},"81":{"end":{"line":106,"column":10},"start":{"line":107,"column":10}},"82":{"end":{"line":99,"column":65},"start":{"line":114,"column":2}},"83":{"end":{"line":117,"column":0},"start":{"line":117,"column":0}},"84":{"end":{"line":118,"column":8},"start":{"line":118,"column":2}},"85":{"end":{"line":117,"column":43},"start":{"line":117,"column":43}},"86":{"end":{"line":124,"column":2},"start":{"line":124,"column":2}},"87":{"end":{"line":124,"column":51},"start":{"line":125,"column":4}},"88":{"end":{"line":129,"column":4},"start":{"line":129,"column":4}},"89":{"end":{"line":129,"column":47},"start":{"line":130,"column":6}},"90":{"end":{"line":117,"column":43},"start":{"line":135,"column":2}},"91":{"end":{"line":142,"column":0},"start":{"line":142,"column":0}},"92":{"start":{"line":0,"column":0},"end":{"line":0,"column":0},"skip":true},"93":{"end":{"line":143,"column":2},"start":{"line":143,"column":2}},"94":{"end":{"line":143,"column":40},"start":{"line":144,"column":4}},"95":{"end":{"line":142,"column":62},"start":{"line":146,"column":2}},"96":{"end":{"line":150,"column":0},"start":{"line":150,"column":0}},"97":{"start":{"line":0,"column":0},"end":{"line":0,"column":0},"skip":true},"98":{"end":{"line":151,"column":2},"start":{"line":151,"column":2}},"99":{"end":{"line":151,"column":37},"start":{"line":152,"column":4}},"100":{"end":{"line":154,"column":24},"start":{"line":154,"column":2}},"101":{"end":{"line":150,"column":47},"start":{"line":150,"column":47}},"102":{"end":{"line":150,"column":47},"start":{"line":158,"column":2}},"103":{"end":{"line":150,"column":47},"start":{"line":159,"column":2}},"104":{"end":{"line":163,"column":10},"start":{"line":164,"column":4}},"105":{"end":{"line":164,"column":29},"start":{"line":165,"column":6}},"106":{"end":{"line":165,"column":35},"start":{"line":166,"column":8}},"107":{"start":{"line":0,"column":0},"end":{"line":0,"column":0},"skip":true},"108":{"start":{"line":0,"column":0},"end":{"line":0,"column":0},"skip":true},"109":{"start":{"line":0,"column":0},"end":{"line":0,"column":0},"skip":true},"110":{"end":{"line":184,"column":10},"start":{"line":184,"column":10}},"111":{"end":{"line":184,"column":23},"start":{"line":185,"column":12}},"112":{"end":{"line":190,"column":20},"start":{"line":191,"column":14}},"113":{"end":{"line":194,"column":19},"start":{"line":195,"column":14}},"114":{"end":{"line":199,"column":22},"start":{"line":200,"column":16}},"115":{"end":{"line":204,"column":19},"start":{"line":205,"column":14}},"116":{"end":{"line":211,"column":32},"start":{"line":212,"column":16}},"117":{"end":{"line":211,"column":32},"start":{"line":215,"column":16}},"118":{"end":{"line":183,"column":47},"start":{"line":219,"column":10}},"119":{"end":{"line":231,"column":14},"start":{"line":231,"column":23}},"120":{"end":{"line":236,"column":6},"start":{"line":236,"column":0}},"121":{"end":{"line":238,"column":0},"start":{"line":238,"column":0}},"122":{"end":{"line":239,"column":0},"start":{"line":239,"column":0}},"123":{"end":{"line":240,"column":0},"start":{"line":240,"column":0}},"124":{"end":{"line":241,"column":0},"start":{"line":241,"column":0}},"125":{"end":{"line":242,"column":0},"start":{"line":242,"column":0}},"126":{"end":{"line":243,"column":0},"start":{"line":243,"column":0}},"127":{"end":{"line":244,"column":0},"start":{"line":244,"column":0}},"128":{"end":{"line":245,"column":0},"start":{"line":245,"column":0}},"129":{"start":{"line":0,"column":0},"end":{"line":0,"column":0},"skip":true},"130":{"start":{"line":0,"column":0},"end":{"line":0,"column":0},"skip":true}},"branchMap":{"1":{"line":31,"type":"cond-expr","locations":[{"start":{"line":0,"column":0},"end":{"line":0,"column":0},"skip":true},{"start":{"line":0,"column":0},"end":{"line":0,"column":0},"skip":true}]},"2":{"line":31,"type":"binary-expr","locations":[{"start":{"line":0,"column":0},"end":{"line":0,"column":0},"skip":true},{"start":{"line":0,"column":0},"end":{"line":0,"column":0},"skip":true}]},"3":{"line":39,"type":"if","locations":[{"end":{"line":16,"column":2},"start":{"line":16,"column":2}},{"end":{"line":16,"column":2},"start":{"line":16,"column":2}}]},"4":{"line":46,"type":"if","locations":[{"end":{"line":23,"column":2},"start":{"line":23,"column":2}},{"end":{"line":23,"column":2},"start":{"line":23,"column":2}}]},"5":{"line":50,"type":"if","locations":[{"end":{"line":27,"column":2},"start":{"line":27,"column":2}},{"end":{"line":27,"column":2},"start":{"line":27,"column":2}}]},"6":{"line":59,"type":"if","locations":[{"end":{"line":36,"column":2},"start":{"line":36,"column":2}},{"end":{"line":36,"column":2},"start":{"line":36,"column":2}}]},"7":{"line":62,"type":"if","locations":[{"end":{"line":39,"column":4},"start":{"line":39,"column":4}},{"end":{"line":39,"column":4},"start":{"line":39,"column":4}}]},"8":{"line":66,"type":"if","locations":[{"end":{"line":46,"column":9},"start":{"line":46,"column":9}},{"end":{"line":46,"column":9},"start":{"line":46,"column":9}}]},"9":{"line":69,"type":"if","locations":[{"end":{"line":49,"column":4},"start":{"line":49,"column":4}},{"end":{"line":49,"column":4},"start":{"line":49,"column":4}}]},"10":{"line":86,"type":"cond-expr","locations":[{"end":{"line":65,"column":16},"start":{"line":65,"column":16}},{"end":{"line":65,"column":9},"start":{"line":65,"column":25}}]},"11":{"line":100,"type":"cond-expr","locations":[{"end":{"line":79,"column":23},"start":{"line":79,"column":23}},{"end":{"line":79,"column":23},"start":{"line":79,"column":23}}]},"12":{"line":100,"type":"binary-expr","locations":[{"end":{"line":79,"column":23},"start":{"line":79,"column":23}},{"end":{"line":79,"column":23},"start":{"line":79,"column":23}}]},"13":{"line":109,"type":"cond-expr","locations":[{"end":{"line":86,"column":37},"start":{"line":86,"column":37}},{"end":{"line":86,"column":37},"start":{"line":86,"column":37}}]},"14":{"line":109,"type":"binary-expr","locations":[{"end":{"line":86,"column":37},"start":{"line":86,"column":37}},{"end":{"line":86,"column":37},"start":{"line":86,"column":37}}]},"15":{"line":114,"type":"if","locations":[{"end":{"line":90,"column":4},"start":{"line":90,"column":4}},{"end":{"line":90,"column":4},"start":{"line":90,"column":4}}]},"16":{"line":124,"type":"cond-expr","locations":[{"end":{"line":99,"column":40},"start":{"line":99,"column":40}},{"end":{"line":99,"column":40},"start":{"line":99,"column":40}}]},"17":{"line":124,"type":"binary-expr","locations":[{"end":{"line":99,"column":40},"start":{"line":99,"column":40}},{"end":{"line":99,"column":40},"start":{"line":99,"column":40}}]},"18":{"line":128,"type":"if","locations":[{"end":{"line":102,"column":4},"start":{"line":102,"column":4}},{"end":{"line":102,"column":4},"start":{"line":102,"column":4}}]},"19":{"line":130,"type":"if","locations":[{"end":{"line":104,"column":8},"start":{"line":104,"column":8}},{"end":{"line":104,"column":8},"start":{"line":104,"column":8}}]},"20":{"line":130,"type":"binary-expr","locations":[{"end":{"line":104,"column":12},"start":{"line":104,"column":12}},{"end":{"line":105,"column":11},"start":{"line":105,"column":10}}]},"21":{"line":153,"type":"if","locations":[{"end":{"line":129,"column":4},"start":{"line":129,"column":4}},{"end":{"line":129,"column":4},"start":{"line":129,"column":4}}]},"22":{"line":167,"type":"cond-expr","locations":[{"end":{"line":142,"column":37},"start":{"line":142,"column":37}},{"end":{"line":142,"column":37},"start":{"line":142,"column":37}}]},"23":{"line":167,"type":"binary-expr","locations":[{"end":{"line":142,"column":37},"start":{"line":142,"column":37}},{"end":{"line":142,"column":37},"start":{"line":142,"column":37}}]},"24":{"line":169,"type":"if","locations":[{"end":{"line":143,"column":2},"start":{"line":143,"column":2}},{"end":{"line":143,"column":2},"start":{"line":143,"column":2}}]},"25":{"line":169,"type":"binary-expr","locations":[{"end":{"line":143,"column":6},"start":{"line":143,"column":6}},{"end":{"line":143,"column":20},"start":{"line":143,"column":20}}]},"26":{"line":172,"type":"binary-expr","locations":[{"end":{"line":146,"column":9},"start":{"line":146,"column":9}},{"end":{"line":146,"column":9},"start":{"line":147,"column":4}}]},"27":{"line":176,"type":"cond-expr","locations":[{"end":{"line":150,"column":22},"start":{"line":150,"column":22}},{"end":{"line":150,"column":22},"start":{"line":150,"column":22}}]},"28":{"line":176,"type":"binary-expr","locations":[{"end":{"line":150,"column":22},"start":{"line":150,"column":22}},{"end":{"line":150,"column":22},"start":{"line":150,"column":22}}]},"29":{"line":178,"type":"if","locations":[{"end":{"line":151,"column":2},"start":{"line":151,"column":2}},{"end":{"line":151,"column":2},"start":{"line":151,"column":2}}]},"30":{"line":211,"type":"if","locations":[{"end":{"line":184,"column":10},"start":{"line":184,"column":10}},{"end":{"line":184,"column":10},"start":{"line":184,"column":10}}]}},"l":{"0":5,"1":1,"2":1,"3":1,"4":1,"5":1,"8":1,"9":6,"10":221,"14":1,"15":10,"16":10,"17":8,"19":2,"22":1,"23":18,"24":2,"26":16,"27":16,"28":2,"30":14,"31":14,"32":14,"33":14,"34":14,"35":14,"36":14,"37":7,"38":7,"39":7,"40":4,"44":4,"46":7,"47":7,"48":7,"49":7,"50":6,"54":6,"57":14,"63":1,"64":3,"65":3,"68":1,"69":1,"72":1,"73":5,"75":1,"79":1,"80":2,"81":3,"82":3,"86":1,"87":3,"88":3,"89":217,"90":217,"91":1,"96":2,"99":1,"100":2,"101":2,"102":121,"103":10,"104":57,"107":1,"114":1,"117":1,"118":1,"124":1,"125":5,"129":5,"130":0,"135":1,"142":1,"143":4,"144":1,"146":3,"150":1,"151":0,"152":0,"154":0,"158":0,"159":0,"164":0,"165":0,"166":0,"184":0,"185":0,"191":0,"195":0,"200":0,"205":0,"212":0,"215":0,"219":0,"231":0,"236":1,"238":1,"239":1,"240":1,"241":1,"242":1,"243":1,"244":1,"245":1}},
"/Users/terrencelam/Documents/Dev/debt_mgmt/debt_mgmt/src/server/lib/BoardingValidationError.js":{"path":"/Users/terrencelam/Documents/Dev/debt_mgmt/debt_mgmt/src/server/lib/BoardingValidationError.js","s":{"1":1,"2":1,"3":1,"4":1,"5":1,"6":1,"7":3,"8":3,"9":3,"10":3,"11":1,"12":1},"b":{"1":[1,0],"2":[1,1],"3":[1,2],"4":[3,2]},"f":{"1":1,"2":3},"fnMap":{"1":{"loc":{"start":{"line":0,"column":0},"end":{"line":0,"column":0},"skip":true},"skip":true,"name":"_interopRequireDefault","line":13},"2":{"loc":{"start":{"line":5,"column":2},"end":{"line":5,"column":33}},"name":"(anonymous_2)","line":17}},"statementMap":{"1":{"start":{"line":0,"column":0},"end":{"line":0,"column":0},"skip":true},"2":{"start":{"line":0,"column":0},"end":{"line":0,"column":0},"skip":true},"3":{"start":{"line":0,"column":0},"end":{"line":0,"column":0},"skip":true},"4":{"end":{"line":1,"column":-15},"start":{"line":1,"column":-15}},"5":{"start":{"line":0,"column":0},"end":{"line":0,"column":0},"skip":true},"6":{"start":{"line":0,"column":0},"end":{"line":0,"column":0},"skip":true},"7":{"start":{"line":0,"column":0},"end":{"line":0,"column":0},"skip":true},"8":{"end":{"line":5,"column":33},"start":{"line":6,"column":4}},"9":{"end":{"line":5,"column":33},"start":{"line":7,"column":4}},"10":{"end":{"line":5,"column":33},"start":{"line":8,"column":4}},"11":{"start":{"line":0,"column":0},"end":{"line":0,"column":0},"skip":true},"12":{"start":{"line":0,"column":0},"end":{"line":0,"column":0},"skip":true}},"branchMap":{"1":{"line":13,"type":"cond-expr","locations":[{"start":{"line":0,"column":0},"end":{"line":0,"column":0},"skip":true},{"start":{"line":0,"column":0},"end":{"line":0,"column":0},"skip":true}]},"2":{"line":13,"type":"binary-expr","locations":[{"start":{"line":0,"column":0},"end":{"line":0,"column":0},"skip":true},{"start":{"line":0,"column":0},"end":{"line":0,"column":0},"skip":true}]},"3":{"line":18,"type":"cond-expr","locations":[{"end":{"line":5,"column":29},"start":{"line":5,"column":29}},{"end":{"line":5,"column":29},"start":{"line":5,"column":29}}]},"4":{"line":18,"type":"binary-expr","locations":[{"end":{"line":5,"column":20},"start":{"line":5,"column":20}},{"end":{"line":5,"column":20},"start":{"line":5,"column":20}}]}},"l":{"0":3,"1":1,"6":3,"7":3,"8":3}},
"/Users/terrencelam/Documents/Dev/debt_mgmt/debt_mgmt/src/server/models/index.js":{"path":"/Users/terrencelam/Documents/Dev/debt_mgmt/debt_mgmt/src/server/models/index.js","s":{"1":1,"2":1,"3":1,"4":1,"5":1,"6":1,"7":1,"8":1,"9":1,"10":1,"11":1,"12":1,"13":1,"14":1,"15":6,"16":1,"17":1,"18":1,"19":1,"20":1,"21":1,"22":37,"23":36,"24":36,"25":1,"26":36,"27":22,"28":36,"29":36,"30":1,"31":1,"32":1,"33":1},"b":{"1":[1,5],"2":[6,6],"3":[1,1],"4":[37,37],"5":[22,14],"6":[36,0]},"f":{"1":6},"fnMap":{"1":{"loc":{"start":{"line":0,"column":0},"end":{"line":0,"column":0},"skip":true},"skip":true,"name":"_interopRequireDefault","line":31}},"statementMap":{"1":{"start":{"line":0,"column":0},"end":{"line":0,"column":0},"skip":true},"2":{"start":{"line":0,"column":0},"end":{"line":0,"column":0},"skip":true},"3":{"start":{"line":0,"column":0},"end":{"line":0,"column":0},"skip":true},"4":{"end":{"line":1,"column":-15},"start":{"line":1,"column":-15}},"5":{"start":{"line":0,"column":0},"end":{"line":0,"column":0},"skip":true},"6":{"end":{"line":2,"column":0},"start":{"line":2,"column":0}},"7":{"start":{"line":0,"column":0},"end":{"line":0,"column":0},"skip":true},"8":{"end":{"line":3,"column":0},"start":{"line":3,"column":0}},"9":{"start":{"line":0,"column":0},"end":{"line":0,"column":0},"skip":true},"10":{"end":{"line":4,"column":0},"start":{"line":4,"column":0}},"11":{"start":{"line":0,"column":0},"end":{"line":0,"column":0},"skip":true},"12":{"end":{"line":5,"column":0},"start":{"line":5,"column":0}},"13":{"start":{"line":0,"column":0},"end":{"line":0,"column":0},"skip":true},"14":{"start":{"line":0,"column":0},"end":{"line":0,"column":0},"skip":true},"15":{"start":{"line":0,"column":0},"end":{"line":0,"column":0},"skip":true},"16":{"end":{"line":7,"column":12},"start":{"line":7,"column":0}},"17":{"end":{"line":8,"column":6},"start":{"line":8,"column":0}},"18":{"end":{"line":10,"column":0},"start":{"line":10,"column":0}},"19":{"end":{"line":11,"column":6},"start":{"line":11,"column":0}},"20":{"end":{"line":13,"column":6},"start":{"line":13,"column":0}},"21":{"end":{"line":15,"column":0},"start":{"line":15,"column":0}},"22":{"end":{"line":16,"column":32},"start":{"line":16,"column":2}},"23":{"end":{"line":17,"column":18},"start":{"line":18,"column":2}},"24":{"end":{"line":17,"column":18},"start":{"line":19,"column":2}},"25":{"end":{"line":22,"column":0},"start":{"line":22,"column":0}},"26":{"end":{"line":23,"column":2},"start":{"line":23,"column":2}},"27":{"end":{"line":23,"column":36},"start":{"line":24,"column":4}},"28":{"end":{"line":26,"column":2},"start":{"line":26,"column":2}},"29":{"end":{"line":26,"column":31},"start":{"line":27,"column":4}},"30":{"end":{"line":31,"column":0},"start":{"line":31,"column":0}},"31":{"end":{"line":32,"column":0},"start":{"line":32,"column":0}},"32":{"start":{"line":0,"column":0},"end":{"line":0,"column":0},"skip":true},"33":{"start":{"line":0,"column":0},"end":{"line":0,"column":0},"skip":true}},"branchMap":{"1":{"line":31,"type":"cond-expr","locations":[{"start":{"line":0,"column":0},"end":{"line":0,"column":0},"skip":true},{"start":{"line":0,"column":0},"end":{"line":0,"column":0},"skip":true}]},"2":{"line":31,"type":"binary-expr","locations":[{"start":{"line":0,"column":0},"end":{"line":0,"column":0},"skip":true},{"start":{"line":0,"column":0},"end":{"line":0,"column":0},"skip":true}]},"3":{"line":33,"type":"binary-expr","locations":[{"end":{"line":7,"column":12},"start":{"line":7,"column":12}},{"end":{"line":7,"column":12},"start":{"line":7,"column":36}}]},"4":{"line":41,"type":"binary-expr","locations":[{"end":{"line":16,"column":3},"start":{"line":16,"column":2}},{"end":{"line":16,"column":32},"start":{"line":16,"column":32}}]},"5":{"line":47,"type":"if","locations":[{"end":{"line":23,"column":2},"start":{"line":23,"column":2}},{"end":{"line":23,"column":2},"start":{"line":23,"column":2}}]},"6":{"line":50,"type":"if","locations":[{"end":{"line":26,"column":2},"start":{"line":26,"column":2}},{"end":{"line":26,"column":2},"start":{"line":26,"column":2}}]}},"l":{"0":6,"1":1,"2":1,"3":1,"4":1,"5":1,"7":1,"8":1,"10":1,"11":1,"13":1,"15":1,"16":37,"18":36,"19":36,"22":1,"23":36,"24":22,"26":36,"27":36,"31":1,"32":1}},
"/Users/terrencelam/Documents/Dev/debt_mgmt/debt_mgmt/src/server/config.js":{"path":"/Users/terrencelam/Documents/Dev/debt_mgmt/debt_mgmt/src/server/config.js","s":{"1":1,"2":1,"3":1,"4":1,"5":1,"6":1,"7":1,"8":1,"9":1,"10":1,"11":1,"12":1},"b":{"1":[0,1],"2":[1,1],"3":[1,1]},"f":{"1":1},"fnMap":{"1":{"loc":{"start":{"line":0,"column":0},"end":{"line":0,"column":0},"skip":true},"skip":true,"name":"_interopRequireDefault","line":11}},"statementMap":{"1":{"start":{"line":0,"column":0},"end":{"line":0,"column":0},"skip":true},"2":{"end":{"line":4,"column":0},"start":{"line":4,"column":0}},"3":{"start":{"line":0,"column":0},"end":{"line":0,"column":0},"skip":true},"4":{"start":{"line":0,"column":0},"end":{"line":0,"column":0},"skip":true},"5":{"start":{"line":0,"column":0},"end":{"line":0,"column":0},"skip":true},"6":{"end":{"line":6,"column":16},"start":{"line":6,"column":0}},"7":{"end":{"line":7,"column":21},"start":{"line":7,"column":0}},"8":{"end":{"line":11,"column":0},"start":{"line":11,"column":0}},"9":{"end":{"line":14,"column":0},"start":{"line":14,"column":0}},"10":{"end":{"line":18,"column":0},"start":{"line":18,"column":0}},"11":{"start":{"line":0,"column":0},"end":{"line":0,"column":0},"skip":true},"12":{"start":{"line":0,"column":0},"end":{"line":0,"column":0},"skip":true}},"branchMap":{"1":{"line":11,"type":"cond-expr","locations":[{"start":{"line":0,"column":0},"end":{"line":0,"column":0},"skip":true},{"start":{"line":0,"column":0},"end":{"line":0,"column":0},"skip":true}]},"2":{"line":11,"type":"binary-expr","locations":[{"start":{"line":0,"column":0},"end":{"line":0,"column":0},"skip":true},{"start":{"line":0,"column":0},"end":{"line":0,"column":0},"skip":true}]},"3":{"line":35,"type":"binary-expr","locations":[{"end":{"line":25,"column":8},"start":{"line":25,"column":8}},{"end":{"line":25,"column":8},"start":{"line":25,"column":28}}]}},"l":{"0":1,"4":1,"6":1,"7":1,"11":1,"14":1,"18":1}},
"/Users/terrencelam/Documents/Dev/debt_mgmt/debt_mgmt/src/server/lib/logger.js":{"path":"/Users/terrencelam/Documents/Dev/debt_mgmt/debt_mgmt/src/server/lib/logger.js","s":{"1":1,"2":1,"3":1,"4":1,"5":1,"6":1,"7":1,"8":1,"9":3,"10":1,"11":1,"12":1,"13":1,"14":1,"15":1,"16":1,"17":1},"b":{"1":[0,3],"2":[3,3],"3":[0,1]},"f":{"1":3},"fnMap":{"1":{"loc":{"start":{"line":0,"column":0},"end":{"line":0,"column":0},"skip":true},"skip":true,"name":"_interopRequireDefault","line":19}},"statementMap":{"1":{"start":{"line":0,"column":0},"end":{"line":0,"column":0},"skip":true},"2":{"end":{"line":1,"column":-15},"start":{"line":1,"column":-15}},"3":{"start":{"line":0,"column":0},"end":{"line":0,"column":0},"skip":true},"4":{"end":{"line":2,"column":0},"start":{"line":2,"column":0}},"5":{"start":{"line":0,"column":0},"end":{"line":0,"column":0},"skip":true},"6":{"end":{"line":3,"column":0},"start":{"line":3,"column":0}},"7":{"start":{"line":0,"column":0},"end":{"line":0,"column":0},"skip":true},"8":{"start":{"line":0,"column":0},"end":{"line":0,"column":0},"skip":true},"9":{"start":{"line":0,"column":0},"end":{"line":0,"column":0},"skip":true},"10":{"start":{"line":0,"column":0},"end":{"line":0,"column":0},"skip":true},"11":{"start":{"line":0,"column":0},"end":{"line":0,"column":0},"skip":true},"12":{"end":{"line":7,"column":6},"start":{"line":7,"column":0}},"13":{"end":{"line":9,"column":6},"start":{"line":9,"column":0}},"14":{"end":{"line":17,"column":0},"start":{"line":17,"column":0}},"15":{"end":{"line":19,"column":0},"start":{"line":19,"column":0}},"16":{"start":{"line":0,"column":0},"end":{"line":0,"column":0},"skip":true},"17":{"start":{"line":0,"column":0},"end":{"line":0,"column":0},"skip":true}},"branchMap":{"1":{"line":19,"type":"cond-expr","locations":[{"start":{"line":0,"column":0},"end":{"line":0,"column":0},"skip":true},{"start":{"line":0,"column":0},"end":{"line":0,"column":0},"skip":true}]},"2":{"line":19,"type":"binary-expr","locations":[{"start":{"line":0,"column":0},"end":{"line":0,"column":0},"skip":true},{"start":{"line":0,"column":0},"end":{"line":0,"column":0},"skip":true}]},"3":{"line":35,"type":"cond-expr","locations":[{"end":{"line":17,"column":28},"start":{"line":17,"column":28}},{"end":{"line":17,"column":42},"start":{"line":17,"column":42}}]}},"l":{"0":3,"1":1,"2":1,"3":1,"7":1,"9":1,"17":1,"19":1}},
"/Users/terrencelam/Documents/Dev/debt_mgmt/debt_mgmt/src/server/models/address.js":{"path":"/Users/terrencelam/Documents/Dev/debt_mgmt/debt_mgmt/src/server/models/address.js","s":{"1":1,"2":1,"3":1,"4":1,"5":1,"6":1,"7":1},"b":{},"f":{"1":1},"fnMap":{"1":{"loc":{"start":{"line":1,"column":0},"end":{"line":1,"column":32}},"name":"(anonymous_1)","line":7}},"statementMap":{"1":{"start":{"line":0,"column":0},"end":{"line":0,"column":0},"skip":true},"2":{"start":{"line":0,"column":0},"end":{"line":0,"column":0},"skip":true},"3":{"end":{"line":1,"column":32},"start":{"line":2,"column":2}},"4":{"end":{"line":11,"column":27},"start":{"line":12,"column":8}},"5":{"end":{"line":11,"column":27},"start":{"line":13,"column":8}},"6":{"end":{"line":1,"column":32},"start":{"line":19,"column":2}},"7":{"start":{"line":0,"column":0},"end":{"line":0,"column":0},"skip":true}},"branchMap":{},"l":{"0":1,"2":1,"12":1,"13":1,"19":1}},
"/Users/terrencelam/Documents/Dev/debt_mgmt/debt_mgmt/src/server/models/addressType.js":{"path":"/Users/terrencelam/Documents/Dev/debt_mgmt/debt_mgmt/src/server/models/addressType.js","s":{"1":1,"2":1,"3":1,"4":1,"5":1},"b":{},"f":{"1":1},"fnMap":{"1":{"loc":{"start":{"line":1,"column":0},"end":{"line":1,"column":32}},"name":"(anonymous_1)","line":7}},"statementMap":{"1":{"start":{"line":0,"column":0},"end":{"line":0,"column":0},"skip":true},"2":{"start":{"line":0,"column":0},"end":{"line":0,"column":0},"skip":true},"3":{"end":{"line":1,"column":32},"start":{"line":2,"column":2}},"4":{"end":{"line":1,"column":32},"start":{"line":13,"column":2}},"5":{"start":{"line":0,"column":0},"end":{"line":0,"column":0},"skip":true}},"branchMap":{},"l":{"0":1,"2":1,"13":1}},
"/Users/terrencelam/Documents/Dev/debt_mgmt/debt_mgmt/src/server/models/agency.js":{"path":"/Users/terrencelam/Documents/Dev/debt_mgmt/debt_mgmt/src/server/models/agency.js","s":{"1":1,"2":1,"3":1,"4":1,"5":1,"6":1},"b":{},"f":{"1":1},"fnMap":{"1":{"loc":{"start":{"line":1,"column":0},"end":{"line":1,"column":32}},"name":"(anonymous_1)","line":7}},"statementMap":{"1":{"start":{"line":0,"column":0},"end":{"line":0,"column":0},"skip":true},"2":{"start":{"line":0,"column":0},"end":{"line":0,"column":0},"skip":true},"3":{"end":{"line":1,"column":32},"start":{"line":2,"column":2}},"4":{"end":{"line":15,"column":27},"start":{"line":16,"column":8}},"5":{"end":{"line":1,"column":32},"start":{"line":22,"column":2}},"6":{"start":{"line":0,"column":0},"end":{"line":0,"column":0},"skip":true}},"branchMap":{},"l":{"0":1,"2":1,"16":1,"22":1}},
"/Users/terrencelam/Documents/Dev/debt_mgmt/debt_mgmt/src/server/models/city.js":{"path":"/Users/terrencelam/Documents/Dev/debt_mgmt/debt_mgmt/src/server/models/city.js","s":{"1":1,"2":1,"3":1,"4":1,"5":1,"6":1,"7":1},"b":{},"f":{"1":1},"fnMap":{"1":{"loc":{"start":{"line":1,"column":0},"end":{"line":1,"column":32}},"name":"(anonymous_1)","line":7}},"statementMap":{"1":{"start":{"line":0,"column":0},"end":{"line":0,"column":0},"skip":true},"2":{"start":{"line":0,"column":0},"end":{"line":0,"column":0},"skip":true},"3":{"end":{"line":1,"column":32},"start":{"line":2,"column":2}},"4":{"end":{"line":8,"column":27},"start":{"line":9,"column":8}},"5":{"end":{"line":8,"column":27},"start":{"line":12,"column":8}},"6":{"end":{"line":1,"column":32},"start":{"line":20,"column":2}},"7":{"start":{"line":0,"column":0},"end":{"line":0,"column":0},"skip":true}},"branchMap":{},"l":{"0":1,"2":1,"9":1,"12":1,"20":1}},
"/Users/terrencelam/Documents/Dev/debt_mgmt/debt_mgmt/src/server/models/cityCounty.js":{"path":"/Users/terrencelam/Documents/Dev/debt_mgmt/debt_mgmt/src/server/models/cityCounty.js","s":{"1":1,"2":1,"3":1,"4":1,"5":1},"b":{},"f":{"1":1},"fnMap":{"1":{"loc":{"start":{"line":1,"column":0},"end":{"line":1,"column":32}},"name":"(anonymous_1)","line":7}},"statementMap":{"1":{"start":{"line":0,"column":0},"end":{"line":0,"column":0},"skip":true},"2":{"start":{"line":0,"column":0},"end":{"line":0,"column":0},"skip":true},"3":{"end":{"line":1,"column":32},"start":{"line":2,"column":2}},"4":{"end":{"line":1,"column":32},"start":{"line":12,"column":2}},"5":{"start":{"line":0,"column":0},"end":{"line":0,"column":0},"skip":true}},"branchMap":{},"l":{"0":1,"2":1,"12":1}},
"/Users/terrencelam/Documents/Dev/debt_mgmt/debt_mgmt/src/server/models/company.js":{"path":"/Users/terrencelam/Documents/Dev/debt_mgmt/debt_mgmt/src/server/models/company.js","s":{"1":1,"2":1,"3":1,"4":1,"5":1,"6":1},"b":{},"f":{"1":1},"fnMap":{"1":{"loc":{"start":{"line":1,"column":0},"end":{"line":1,"column":32}},"name":"(anonymous_1)","line":7}},"statementMap":{"1":{"start":{"line":0,"column":0},"end":{"line":0,"column":0},"skip":true},"2":{"start":{"line":0,"column":0},"end":{"line":0,"column":0},"skip":true},"3":{"end":{"line":1,"column":32},"start":{"line":2,"column":2}},"4":{"end":{"line":15,"column":27},"start":{"line":16,"column":8}},"5":{"end":{"line":1,"column":32},"start":{"line":22,"column":2}},"6":{"start":{"line":0,"column":0},"end":{"line":0,"column":0},"skip":true}},"branchMap":{},"l":{"0":1,"2":1,"16":1,"22":1}},
"/Users/terrencelam/Documents/Dev/debt_mgmt/debt_mgmt/src/server/models/companyType.js":{"path":"/Users/terrencelam/Documents/Dev/debt_mgmt/debt_mgmt/src/server/models/companyType.js","s":{"1":1,"2":1,"3":1,"4":1,"5":1},"b":{},"f":{"1":1},"fnMap":{"1":{"loc":{"start":{"line":1,"column":0},"end":{"line":1,"column":32}},"name":"(anonymous_1)","line":7}},"statementMap":{"1":{"start":{"line":0,"column":0},"end":{"line":0,"column":0},"skip":true},"2":{"start":{"line":0,"column":0},"end":{"line":0,"column":0},"skip":true},"3":{"end":{"line":1,"column":32},"start":{"line":2,"column":2}},"4":{"end":{"line":1,"column":32},"start":{"line":19,"column":2}},"5":{"start":{"line":0,"column":0},"end":{"line":0,"column":0},"skip":true}},"branchMap":{},"l":{"0":1,"2":1,"19":1}},
"/Users/terrencelam/Documents/Dev/debt_mgmt/debt_mgmt/src/server/models/contactNumber.js":{"path":"/Users/terrencelam/Documents/Dev/debt_mgmt/debt_mgmt/src/server/models/contactNumber.js","s":{"1":1,"2":1,"3":1,"4":1,"5":1,"6":1,"7":1},"b":{},"f":{"1":1},"fnMap":{"1":{"loc":{"start":{"line":1,"column":0},"end":{"line":1,"column":32}},"name":"(anonymous_1)","line":7}},"statementMap":{"1":{"start":{"line":0,"column":0},"end":{"line":0,"column":0},"skip":true},"2":{"start":{"line":0,"column":0},"end":{"line":0,"column":0},"skip":true},"3":{"end":{"line":1,"column":32},"start":{"line":2,"column":2}},"4":{"end":{"line":17,"column":27},"start":{"line":18,"column":8}},"5":{"end":{"line":17,"column":27},"start":{"line":19,"column":8}},"6":{"end":{"line":1,"column":32},"start":{"line":25,"column":2}},"7":{"start":{"line":0,"column":0},"end":{"line":0,"column":0},"skip":true}},"branchMap":{},"l":{"0":1,"2":1,"18":1,"19":1,"25":1}},
"/Users/terrencelam/Documents/Dev/debt_mgmt/debt_mgmt/src/server/models/contactNumberType.js":{"path":"/Users/terrencelam/Documents/Dev/debt_mgmt/debt_mgmt/src/server/models/contactNumberType.js","s":{"1":1,"2":1,"3":1,"4":1,"5":1},"b":{},"f":{"1":1},"fnMap":{"1":{"loc":{"start":{"line":1,"column":0},"end":{"line":1,"column":32}},"name":"(anonymous_1)","line":7}},"statementMap":{"1":{"start":{"line":0,"column":0},"end":{"line":0,"column":0},"skip":true},"2":{"start":{"line":0,"column":0},"end":{"line":0,"column":0},"skip":true},"3":{"end":{"line":1,"column":32},"start":{"line":2,"column":2}},"4":{"end":{"line":1,"column":32},"start":{"line":14,"column":2}},"5":{"start":{"line":0,"column":0},"end":{"line":0,"column":0},"skip":true}},"branchMap":{},"l":{"0":1,"2":1,"14":1}},
"/Users/terrencelam/Documents/Dev/debt_mgmt/debt_mgmt/src/server/models/country.js":{"path":"/Users/terrencelam/Documents/Dev/debt_mgmt/debt_mgmt/src/server/models/country.js","s":{"1":1,"2":1,"3":1,"4":1,"5":1,"6":1,"7":1},"b":{},"f":{"1":1},"fnMap":{"1":{"loc":{"start":{"line":1,"column":0},"end":{"line":1,"column":32}},"name":"(anonymous_1)","line":7}},"statementMap":{"1":{"start":{"line":0,"column":0},"end":{"line":0,"column":0},"skip":true},"2":{"start":{"line":0,"column":0},"end":{"line":0,"column":0},"skip":true},"3":{"end":{"line":1,"column":32},"start":{"line":2,"column":2}},"4":{"end":{"line":8,"column":27},"start":{"line":9,"column":8}},"5":{"end":{"line":8,"column":27},"start":{"line":10,"column":8}},"6":{"end":{"line":1,"column":32},"start":{"line":16,"column":2}},"7":{"start":{"line":0,"column":0},"end":{"line":0,"column":0},"skip":true}},"branchMap":{},"l":{"0":1,"2":1,"9":1,"10":1,"16":1}},
"/Users/terrencelam/Documents/Dev/debt_mgmt/debt_mgmt/src/server/models/county.js":{"path":"/Users/terrencelam/Documents/Dev/debt_mgmt/debt_mgmt/src/server/models/county.js","s":{"1":1,"2":1,"3":1,"4":1,"5":1,"6":1},"b":{},"f":{"1":1},"fnMap":{"1":{"loc":{"start":{"line":1,"column":0},"end":{"line":1,"column":32}},"name":"(anonymous_1)","line":7}},"statementMap":{"1":{"start":{"line":0,"column":0},"end":{"line":0,"column":0},"skip":true},"2":{"start":{"line":0,"column":0},"end":{"line":0,"column":0},"skip":true},"3":{"end":{"line":1,"column":32},"start":{"line":2,"column":2}},"4":{"end":{"line":8,"column":27},"start":{"line":9,"column":8}},"5":{"end":{"line":1,"column":32},"start":{"line":17,"column":2}},"6":{"start":{"line":0,"column":0},"end":{"line":0,"column":0},"skip":true}},"branchMap":{},"l":{"0":1,"2":1,"9":1,"17":1}},
"/Users/terrencelam/Documents/Dev/debt_mgmt/debt_mgmt/src/server/models/debtorLoan.js":{"path":"/Users/terrencelam/Documents/Dev/debt_mgmt/debt_mgmt/src/server/models/debtorLoan.js","s":{"1":1,"2":1,"3":1,"4":1,"5":1},"b":{},"f":{"1":1},"fnMap":{"1":{"loc":{"start":{"line":1,"column":0},"end":{"line":1,"column":32}},"name":"(anonymous_1)","line":7}},"statementMap":{"1":{"start":{"line":0,"column":0},"end":{"line":0,"column":0},"skip":true},"2":{"start":{"line":0,"column":0},"end":{"line":0,"column":0},"skip":true},"3":{"end":{"line":1,"column":32},"start":{"line":2,"column":2}},"4":{"end":{"line":1,"column":32},"start":{"line":16,"column":2}},"5":{"start":{"line":0,"column":0},"end":{"line":0,"column":0},"skip":true}},"branchMap":{},"l":{"0":1,"2":1,"16":1}},
"/Users/terrencelam/Documents/Dev/debt_mgmt/debt_mgmt/src/server/models/employer.js":{"path":"/Users/terrencelam/Documents/Dev/debt_mgmt/debt_mgmt/src/server/models/employer.js","s":{"1":1,"2":1,"3":1,"4":1,"5":1,"6":1,"7":1},"b":{},"f":{"1":1},"fnMap":{"1":{"loc":{"start":{"line":1,"column":0},"end":{"line":1,"column":32}},"name":"(anonymous_1)","line":7}},"statementMap":{"1":{"start":{"line":0,"column":0},"end":{"line":0,"column":0},"skip":true},"2":{"start":{"line":0,"column":0},"end":{"line":0,"column":0},"skip":true},"3":{"end":{"line":1,"column":32},"start":{"line":2,"column":2}},"4":{"end":{"line":8,"column":27},"start":{"line":9,"column":8}},"5":{"end":{"line":8,"column":27},"start":{"line":10,"column":8}},"6":{"end":{"line":1,"column":32},"start":{"line":16,"column":2}},"7":{"start":{"line":0,"column":0},"end":{"line":0,"column":0},"skip":true}},"branchMap":{},"l":{"0":1,"2":1,"9":1,"10":1,"16":1}},
"/Users/terrencelam/Documents/Dev/debt_mgmt/debt_mgmt/src/server/models/identity.js":{"path":"/Users/terrencelam/Documents/Dev/debt_mgmt/debt_mgmt/src/server/models/identity.js","s":{"1":1,"2":1,"3":1,"4":1,"5":1,"6":1,"7":1,"8":1,"9":1},"b":{},"f":{"1":1},"fnMap":{"1":{"loc":{"start":{"line":1,"column":0},"end":{"line":1,"column":32}},"name":"(anonymous_1)","line":7}},"statementMap":{"1":{"start":{"line":0,"column":0},"end":{"line":0,"column":0},"skip":true},"2":{"start":{"line":0,"column":0},"end":{"line":0,"column":0},"skip":true},"3":{"end":{"line":1,"column":32},"start":{"line":2,"column":2}},"4":{"end":{"line":17,"column":27},"start":{"line":18,"column":8}},"5":{"end":{"line":17,"column":27},"start":{"line":19,"column":8}},"6":{"end":{"line":17,"column":27},"start":{"line":20,"column":8}},"7":{"end":{"line":17,"column":27},"start":{"line":21,"column":8}},"8":{"end":{"line":1,"column":32},"start":{"line":27,"column":2}},"9":{"start":{"line":0,"column":0},"end":{"line":0,"column":0},"skip":true}},"branchMap":{},"l":{"0":1,"2":1,"18":1,"19":1,"20":1,"21":1,"27":1}},
"/Users/terrencelam/Documents/Dev/debt_mgmt/debt_mgmt/src/server/models/identityType.js":{"path":"/Users/terrencelam/Documents/Dev/debt_mgmt/debt_mgmt/src/server/models/identityType.js","s":{"1":1,"2":1,"3":1,"4":1,"5":1},"b":{},"f":{"1":1},"fnMap":{"1":{"loc":{"start":{"line":1,"column":0},"end":{"line":1,"column":32}},"name":"(anonymous_1)","line":7}},"statementMap":{"1":{"start":{"line":0,"column":0},"end":{"line":0,"column":0},"skip":true},"2":{"start":{"line":0,"column":0},"end":{"line":0,"column":0},"skip":true},"3":{"end":{"line":1,"column":32},"start":{"line":2,"column":2}},"4":{"end":{"line":1,"column":32},"start":{"line":19,"column":2}},"5":{"start":{"line":0,"column":0},"end":{"line":0,"column":0},"skip":true}},"branchMap":{},"l":{"0":1,"2":1,"19":1}},
"/Users/terrencelam/Documents/Dev/debt_mgmt/debt_mgmt/src/server/models/loan.js":{"path":"/Users/terrencelam/Documents/Dev/debt_mgmt/debt_mgmt/src/server/models/loan.js","s":{"1":1,"2":1,"3":1,"4":1,"5":1,"6":1,"7":1,"8":1,"9":1,"10":0,"11":0,"12":1,"13":1},"b":{},"f":{"1":1},"fnMap":{"1":{"loc":{"start":{"line":1,"column":0},"end":{"line":1,"column":32}},"name":"(anonymous_1)","line":7}},"statementMap":{"1":{"start":{"line":0,"column":0},"end":{"line":0,"column":0},"skip":true},"2":{"start":{"line":0,"column":0},"end":{"line":0,"column":0},"skip":true},"3":{"end":{"line":1,"column":32},"start":{"line":2,"column":2}},"4":{"end":{"line":84,"column":27},"start":{"line":85,"column":8}},"5":{"end":{"line":84,"column":27},"start":{"line":86,"column":8}},"6":{"end":{"line":84,"column":27},"start":{"line":87,"column":8}},"7":{"end":{"line":84,"column":27},"start":{"line":88,"column":8}},"8":{"end":{"line":84,"column":27},"start":{"line":93,"column":8}},"9":{"end":{"line":95,"column":22},"start":{"line":97,"column":8}},"10":{"end":{"line":97,"column":25},"start":{"line":98,"column":10}},"11":{"end":{"line":102,"column":53},"start":{"line":103,"column":12}},"12":{"end":{"line":1,"column":32},"start":{"line":114,"column":2}},"13":{"start":{"line":0,"column":0},"end":{"line":0,"column":0},"skip":true}},"branchMap":{},"l":{"0":1,"2":1,"85":1,"86":1,"87":1,"88":1,"93":1,"97":1,"98":0,"103":0,"114":1}},
"/Users/terrencelam/Documents/Dev/debt_mgmt/debt_mgmt/src/server/models/loanPlacement.js":{"path":"/Users/terrencelam/Documents/Dev/debt_mgmt/debt_mgmt/src/server/models/loanPlacement.js","s":{"1":1,"2":1,"3":1,"4":1,"5":1,"6":1,"7":1,"8":0,"9":0,"10":1,"11":1},"b":{},"f":{"1":1},"fnMap":{"1":{"loc":{"start":{"line":1,"column":0},"end":{"line":1,"column":32}},"name":"(anonymous_1)","line":7}},"statementMap":{"1":{"start":{"line":0,"column":0},"end":{"line":0,"column":0},"skip":true},"2":{"start":{"line":0,"column":0},"end":{"line":0,"column":0},"skip":true},"3":{"end":{"line":1,"column":32},"start":{"line":2,"column":2}},"4":{"end":{"line":15,"column":27},"start":{"line":16,"column":8}},"5":{"end":{"line":15,"column":27},"start":{"line":17,"column":8}},"6":{"end":{"line":15,"column":27},"start":{"line":18,"column":8}},"7":{"end":{"line":20,"column":22},"start":{"line":22,"column":8}},"8":{"end":{"line":22,"column":34},"start":{"line":23,"column":10}},"9":{"end":{"line":29,"column":18},"start":{"line":30,"column":12}},"10":{"end":{"line":1,"column":32},"start":{"line":40,"column":2}},"11":{"start":{"line":0,"column":0},"end":{"line":0,"column":0},"skip":true}},"branchMap":{},"l":{"0":1,"2":1,"16":1,"17":1,"18":1,"22":1,"23":0,"30":0,"40":1}},
"/Users/terrencelam/Documents/Dev/debt_mgmt/debt_mgmt/src/server/models/loanStatus.js":{"path":"/Users/terrencelam/Documents/Dev/debt_mgmt/debt_mgmt/src/server/models/loanStatus.js","s":{"1":1,"2":1,"3":1,"4":1,"5":1},"b":{},"f":{"1":1},"fnMap":{"1":{"loc":{"start":{"line":1,"column":0},"end":{"line":1,"column":32}},"name":"(anonymous_1)","line":7}},"statementMap":{"1":{"start":{"line":0,"column":0},"end":{"line":0,"column":0},"skip":true},"2":{"start":{"line":0,"column":0},"end":{"line":0,"column":0},"skip":true},"3":{"end":{"line":1,"column":32},"start":{"line":2,"column":2}},"4":{"end":{"line":1,"column":32},"start":{"line":18,"column":2}},"5":{"start":{"line":0,"column":0},"end":{"line":0,"column":0},"skip":true}},"branchMap":{},"l":{"0":1,"2":1,"18":1}},
"/Users/terrencelam/Documents/Dev/debt_mgmt/debt_mgmt/src/server/models/loanType.js":{"path":"/Users/terrencelam/Documents/Dev/debt_mgmt/debt_mgmt/src/server/models/loanType.js","s":{"1":1,"2":1,"3":1,"4":1,"5":1},"b":{},"f":{"1":1},"fnMap":{"1":{"loc":{"start":{"line":1,"column":0},"end":{"line":1,"column":32}},"name":"(anonymous_1)","line":7}},"statementMap":{"1":{"start":{"line":0,"column":0},"end":{"line":0,"column":0},"skip":true},"2":{"start":{"line":0,"column":0},"end":{"line":0,"column":0},"skip":true},"3":{"end":{"line":1,"column":32},"start":{"line":2,"column":2}},"4":{"end":{"line":1,"column":32},"start":{"line":14,"column":2}},"5":{"start":{"line":0,"column":0},"end":{"line":0,"column":0},"skip":true}},"branchMap":{},"l":{"0":1,"2":1,"14":1}},
"/Users/terrencelam/Documents/Dev/debt_mgmt/debt_mgmt/src/server/models/note.js":{"path":"/Users/terrencelam/Documents/Dev/debt_mgmt/debt_mgmt/src/server/models/note.js","s":{"1":1,"2":1,"3":1,"4":1,"5":1,"6":1},"b":{},"f":{"1":1},"fnMap":{"1":{"loc":{"start":{"line":1,"column":0},"end":{"line":1,"column":32}},"name":"(anonymous_1)","line":7}},"statementMap":{"1":{"start":{"line":0,"column":0},"end":{"line":0,"column":0},"skip":true},"2":{"start":{"line":0,"column":0},"end":{"line":0,"column":0},"skip":true},"3":{"end":{"line":1,"column":32},"start":{"line":2,"column":2}},"4":{"end":{"line":9,"column":27},"start":{"line":10,"column":8}},"5":{"end":{"line":1,"column":32},"start":{"line":16,"column":2}},"6":{"start":{"line":0,"column":0},"end":{"line":0,"column":0},"skip":true}},"branchMap":{},"l":{"0":1,"2":1,"10":1,"16":1}},
"/Users/terrencelam/Documents/Dev/debt_mgmt/debt_mgmt/src/server/models/person.js":{"path":"/Users/terrencelam/Documents/Dev/debt_mgmt/debt_mgmt/src/server/models/person.js","s":{"1":1,"2":1,"3":1,"4":1,"5":1,"6":1,"7":1,"8":1,"9":1},"b":{},"f":{"1":1},"fnMap":{"1":{"loc":{"start":{"line":1,"column":0},"end":{"line":1,"column":32}},"name":"(anonymous_1)","line":7}},"statementMap":{"1":{"start":{"line":0,"column":0},"end":{"line":0,"column":0},"skip":true},"2":{"start":{"line":0,"column":0},"end":{"line":0,"column":0},"skip":true},"3":{"end":{"line":1,"column":32},"start":{"line":2,"column":2}},"4":{"end":{"line":18,"column":27},"start":{"line":19,"column":8}},"5":{"end":{"line":18,"column":27},"start":{"line":20,"column":8}},"6":{"end":{"line":18,"column":27},"start":{"line":25,"column":8}},"7":{"end":{"line":18,"column":27},"start":{"line":26,"column":8}},"8":{"end":{"line":1,"column":32},"start":{"line":32,"column":2}},"9":{"start":{"line":0,"column":0},"end":{"line":0,"column":0},"skip":true}},"branchMap":{},"l":{"0":1,"2":1,"19":1,"20":1,"25":1,"26":1,"32":1}},
"/Users/terrencelam/Documents/Dev/debt_mgmt/debt_mgmt/src/server/models/personAddress.js":{"path":"/Users/terrencelam/Documents/Dev/debt_mgmt/debt_mgmt/src/server/models/personAddress.js","s":{"1":1,"2":1,"3":1,"4":1,"5":1,"6":1,"7":1,"8":1,"9":1,"10":1},"b":{},"f":{"1":1},"fnMap":{"1":{"loc":{"start":{"line":1,"column":0},"end":{"line":1,"column":32}},"name":"(anonymous_1)","line":7}},"statementMap":{"1":{"start":{"line":0,"column":0},"end":{"line":0,"column":0},"skip":true},"2":{"start":{"line":0,"column":0},"end":{"line":0,"column":0},"skip":true},"3":{"end":{"line":1,"column":32},"start":{"line":2,"column":2}},"4":{"end":{"line":14,"column":27},"start":{"line":15,"column":8}},"5":{"end":{"line":14,"column":27},"start":{"line":16,"column":8}},"6":{"end":{"line":14,"column":27},"start":{"line":17,"column":8}},"7":{"end":{"line":14,"column":27},"start":{"line":18,"column":8}},"8":{"end":{"line":14,"column":27},"start":{"line":19,"column":8}},"9":{"end":{"line":1,"column":32},"start":{"line":25,"column":2}},"10":{"start":{"line":0,"column":0},"end":{"line":0,"column":0},"skip":true}},"branchMap":{},"l":{"0":1,"2":1,"15":1,"16":1,"17":1,"18":1,"19":1,"25":1}},
"/Users/terrencelam/Documents/Dev/debt_mgmt/debt_mgmt/src/server/models/personContactNumber.js":{"path":"/Users/terrencelam/Documents/Dev/debt_mgmt/debt_mgmt/src/server/models/personContactNumber.js","s":{"1":1,"2":1,"3":1,"4":1,"5":1,"6":1,"7":1,"8":1,"9":1,"10":1},"b":{},"f":{"1":1},"fnMap":{"1":{"loc":{"start":{"line":1,"column":0},"end":{"line":1,"column":32}},"name":"(anonymous_1)","line":7}},"statementMap":{"1":{"start":{"line":0,"column":0},"end":{"line":0,"column":0},"skip":true},"2":{"start":{"line":0,"column":0},"end":{"line":0,"column":0},"skip":true},"3":{"end":{"line":1,"column":32},"start":{"line":2,"column":2}},"4":{"end":{"line":14,"column":27},"start":{"line":15,"column":8}},"5":{"end":{"line":14,"column":27},"start":{"line":16,"column":8}},"6":{"end":{"line":14,"column":27},"start":{"line":17,"column":8}},"7":{"end":{"line":14,"column":27},"start":{"line":18,"column":8}},"8":{"end":{"line":14,"column":27},"start":{"line":19,"column":8}},"9":{"end":{"line":1,"column":32},"start":{"line":25,"column":2}},"10":{"start":{"line":0,"column":0},"end":{"line":0,"column":0},"skip":true}},"branchMap":{},"l":{"0":1,"2":1,"15":1,"16":1,"17":1,"18":1,"19":1,"25":1}},
"/Users/terrencelam/Documents/Dev/debt_mgmt/debt_mgmt/src/server/models/placement.js":{"path":"/Users/terrencelam/Documents/Dev/debt_mgmt/debt_mgmt/src/server/models/placement.js","s":{"1":1,"2":1,"3":1,"4":1,"5":1,"6":1,"7":1},"b":{},"f":{"1":1},"fnMap":{"1":{"loc":{"start":{"line":1,"column":0},"end":{"line":1,"column":32}},"name":"(anonymous_1)","line":7}},"statementMap":{"1":{"start":{"line":0,"column":0},"end":{"line":0,"column":0},"skip":true},"2":{"start":{"line":0,"column":0},"end":{"line":0,"column":0},"skip":true},"3":{"end":{"line":1,"column":32},"start":{"line":2,"column":2}},"4":{"end":{"line":22,"column":27},"start":{"line":23,"column":8}},"5":{"end":{"line":22,"column":27},"start":{"line":24,"column":8}},"6":{"end":{"line":1,"column":32},"start":{"line":30,"column":2}},"7":{"start":{"line":0,"column":0},"end":{"line":0,"column":0},"skip":true}},"branchMap":{},"l":{"0":1,"2":1,"23":1,"24":1,"30":1}},
"/Users/terrencelam/Documents/Dev/debt_mgmt/debt_mgmt/src/server/models/placementStatus.js":{"path":"/Users/terrencelam/Documents/Dev/debt_mgmt/debt_mgmt/src/server/models/placementStatus.js","s":{"1":1,"2":1,"3":1,"4":1,"5":1},"b":{},"f":{"1":1},"fnMap":{"1":{"loc":{"start":{"line":1,"column":0},"end":{"line":1,"column":32}},"name":"(anonymous_1)","line":7}},"statementMap":{"1":{"start":{"line":0,"column":0},"end":{"line":0,"column":0},"skip":true},"2":{"start":{"line":0,"column":0},"end":{"line":0,"column":0},"skip":true},"3":{"end":{"line":1,"column":32},"start":{"line":2,"column":2}},"4":{"end":{"line":1,"column":32},"start":{"line":14,"column":2}},"5":{"start":{"line":0,"column":0},"end":{"line":0,"column":0},"skip":true}},"branchMap":{},"l":{"0":1,"2":1,"14":1}},
"/Users/terrencelam/Documents/Dev/debt_mgmt/debt_mgmt/src/server/models/portfolio.js":{"path":"/Users/terrencelam/Documents/Dev/debt_mgmt/debt_mgmt/src/server/models/portfolio.js","s":{"1":1,"2":1,"3":1,"4":1,"5":1,"6":1,"7":1},"b":{},"f":{"1":1},"fnMap":{"1":{"loc":{"start":{"line":1,"column":0},"end":{"line":1,"column":32}},"name":"(anonymous_1)","line":7}},"statementMap":{"1":{"start":{"line":0,"column":0},"end":{"line":0,"column":0},"skip":true},"2":{"start":{"line":0,"column":0},"end":{"line":0,"column":0},"skip":true},"3":{"end":{"line":1,"column":32},"start":{"line":2,"column":2}},"4":{"end":{"line":18,"column":27},"start":{"line":19,"column":8}},"5":{"end":{"line":18,"column":27},"start":{"line":20,"column":8}},"6":{"end":{"line":1,"column":32},"start":{"line":26,"column":2}},"7":{"start":{"line":0,"column":0},"end":{"line":0,"column":0},"skip":true}},"branchMap":{},"l":{"0":1,"2":1,"19":1,"20":1,"26":1}},
"/Users/terrencelam/Documents/Dev/debt_mgmt/debt_mgmt/src/server/models/province.js":{"path":"/Users/terrencelam/Documents/Dev/debt_mgmt/debt_mgmt/src/server/models/province.js","s":{"1":1,"2":1,"3":1,"4":1,"5":1,"6":1,"7":1},"b":{},"f":{"1":1},"fnMap":{"1":{"loc":{"start":{"line":1,"column":0},"end":{"line":1,"column":32}},"name":"(anonymous_1)","line":7}},"statementMap":{"1":{"start":{"line":0,"column":0},"end":{"line":0,"column":0},"skip":true},"2":{"start":{"line":0,"column":0},"end":{"line":0,"column":0},"skip":true},"3":{"end":{"line":1,"column":32},"start":{"line":2,"column":2}},"4":{"end":{"line":8,"column":27},"start":{"line":9,"column":8}},"5":{"end":{"line":8,"column":27},"start":{"line":10,"column":8}},"6":{"end":{"line":1,"column":32},"start":{"line":18,"column":2}},"7":{"start":{"line":0,"column":0},"end":{"line":0,"column":0},"skip":true}},"branchMap":{},"l":{"0":1,"2":1,"9":1,"10":1,"18":1}},
"/Users/terrencelam/Documents/Dev/debt_mgmt/debt_mgmt/src/server/models/relationship.js":{"path":"/Users/terrencelam/Documents/Dev/debt_mgmt/debt_mgmt/src/server/models/relationship.js","s":{"1":1,"2":1,"3":1,"4":1,"5":1},"b":{},"f":{"1":1},"fnMap":{"1":{"loc":{"start":{"line":1,"column":0},"end":{"line":1,"column":32}},"name":"(anonymous_1)","line":7}},"statementMap":{"1":{"start":{"line":0,"column":0},"end":{"line":0,"column":0},"skip":true},"2":{"start":{"line":0,"column":0},"end":{"line":0,"column":0},"skip":true},"3":{"end":{"line":1,"column":32},"start":{"line":2,"column":2}},"4":{"end":{"line":1,"column":32},"start":{"line":13,"column":2}},"5":{"start":{"line":0,"column":0},"end":{"line":0,"column":0},"skip":true}},"branchMap":{},"l":{"0":1,"2":1,"13":1}},
"/Users/terrencelam/Documents/Dev/debt_mgmt/debt_mgmt/src/server/models/repayment.js":{"path":"/Users/terrencelam/Documents/Dev/debt_mgmt/debt_mgmt/src/server/models/repayment.js","s":{"1":1,"2":1,"3":1,"4":1,"5":1,"6":0,"7":0,"8":1,"9":1},"b":{},"f":{"1":1},"fnMap":{"1":{"loc":{"start":{"line":1,"column":0},"end":{"line":1,"column":32}},"name":"(anonymous_1)","line":7}},"statementMap":{"1":{"start":{"line":0,"column":0},"end":{"line":0,"column":0},"skip":true},"2":{"start":{"line":0,"column":0},"end":{"line":0,"column":0},"skip":true},"3":{"end":{"line":1,"column":32},"start":{"line":2,"column":2}},"4":{"end":{"line":35,"column":27},"start":{"line":36,"column":8}},"5":{"end":{"line":38,"column":22},"start":{"line":40,"column":8}},"6":{"end":{"line":40,"column":30},"start":{"line":41,"column":10}},"7":{"end":{"line":47,"column":18},"start":{"line":48,"column":12}},"8":{"end":{"line":1,"column":32},"start":{"line":58,"column":2}},"9":{"start":{"line":0,"column":0},"end":{"line":0,"column":0},"skip":true}},"branchMap":{},"l":{"0":1,"2":1,"36":1,"40":1,"41":0,"48":0,"58":1}},
"/Users/terrencelam/Documents/Dev/debt_mgmt/debt_mgmt/src/server/models/repaymentPlan.js":{"path":"/Users/terrencelam/Documents/Dev/debt_mgmt/debt_mgmt/src/server/models/repaymentPlan.js","s":{"1":1,"2":1,"3":1,"4":1,"5":1,"6":1,"7":1,"8":1,"9":0,"10":0,"11":1,"12":1},"b":{},"f":{"1":1},"fnMap":{"1":{"loc":{"start":{"line":1,"column":0},"end":{"line":1,"column":32}},"name":"(anonymous_1)","line":7}},"statementMap":{"1":{"start":{"line":0,"column":0},"end":{"line":0,"column":0},"skip":true},"2":{"start":{"line":0,"column":0},"end":{"line":0,"column":0},"skip":true},"3":{"end":{"line":1,"column":32},"start":{"line":2,"column":2}},"4":{"end":{"line":36,"column":27},"start":{"line":37,"column":8}},"5":{"end":{"line":36,"column":27},"start":{"line":38,"column":8}},"6":{"end":{"line":36,"column":27},"start":{"line":39,"column":8}},"7":{"end":{"line":36,"column":27},"start":{"line":40,"column":8}},"8":{"end":{"line":42,"column":22},"start":{"line":44,"column":8}},"9":{"end":{"line":44,"column":34},"start":{"line":45,"column":10}},"10":{"end":{"line":51,"column":18},"start":{"line":52,"column":12}},"11":{"end":{"line":1,"column":32},"start":{"line":62,"column":2}},"12":{"start":{"line":0,"column":0},"end":{"line":0,"column":0},"skip":true}},"branchMap":{},"l":{"0":1,"2":1,"37":1,"38":1,"39":1,"40":1,"44":1,"45":0,"52":0,"62":1}},
"/Users/terrencelam/Documents/Dev/debt_mgmt/debt_mgmt/src/server/models/repaymentPlanStatus.js":{"path":"/Users/terrencelam/Documents/Dev/debt_mgmt/debt_mgmt/src/server/models/repaymentPlanStatus.js","s":{"1":1,"2":1,"3":1,"4":1,"5":1},"b":{},"f":{"1":1},"fnMap":{"1":{"loc":{"start":{"line":1,"column":0},"end":{"line":1,"column":32}},"name":"(anonymous_1)","line":7}},"statementMap":{"1":{"start":{"line":0,"column":0},"end":{"line":0,"column":0},"skip":true},"2":{"start":{"line":0,"column":0},"end":{"line":0,"column":0},"skip":true},"3":{"end":{"line":1,"column":32},"start":{"line":2,"column":2}},"4":{"end":{"line":1,"column":32},"start":{"line":14,"column":2}},"5":{"start":{"line":0,"column":0},"end":{"line":0,"column":0},"skip":true}},"branchMap":{},"l":{"0":1,"2":1,"14":1}},
"/Users/terrencelam/Documents/Dev/debt_mgmt/debt_mgmt/src/server/models/repaymentStatus.js":{"path":"/Users/terrencelam/Documents/Dev/debt_mgmt/debt_mgmt/src/server/models/repaymentStatus.js","s":{"1":1,"2":1,"3":1,"4":1,"5":1},"b":{},"f":{"1":1},"fnMap":{"1":{"loc":{"start":{"line":1,"column":0},"end":{"line":1,"column":32}},"name":"(anonymous_1)","line":7}},"statementMap":{"1":{"start":{"line":0,"column":0},"end":{"line":0,"column":0},"skip":true},"2":{"start":{"line":0,"column":0},"end":{"line":0,"column":0},"skip":true},"3":{"end":{"line":1,"column":32},"start":{"line":2,"column":2}},"4":{"end":{"line":1,"column":32},"start":{"line":14,"column":2}},"5":{"start":{"line":0,"column":0},"end":{"line":0,"column":0},"skip":true}},"branchMap":{},"l":{"0":1,"2":1,"14":1}},
"/Users/terrencelam/Documents/Dev/debt_mgmt/debt_mgmt/src/server/models/role.js":{"path":"/Users/terrencelam/Documents/Dev/debt_mgmt/debt_mgmt/src/server/models/role.js","s":{"1":1,"2":1,"3":1,"4":1,"5":1,"6":1},"b":{},"f":{"1":1},"fnMap":{"1":{"loc":{"start":{"line":1,"column":0},"end":{"line":1,"column":32}},"name":"(anonymous_1)","line":7}},"statementMap":{"1":{"start":{"line":0,"column":0},"end":{"line":0,"column":0},"skip":true},"2":{"start":{"line":0,"column":0},"end":{"line":0,"column":0},"skip":true},"3":{"end":{"line":1,"column":32},"start":{"line":2,"column":2}},"4":{"end":{"line":13,"column":27},"start":{"line":14,"column":8}},"5":{"end":{"line":1,"column":32},"start":{"line":22,"column":2}},"6":{"start":{"line":0,"column":0},"end":{"line":0,"column":0},"skip":true}},"branchMap":{},"l":{"0":1,"2":1,"14":1,"22":1}},
"/Users/terrencelam/Documents/Dev/debt_mgmt/debt_mgmt/src/server/models/source.js":{"path":"/Users/terrencelam/Documents/Dev/debt_mgmt/debt_mgmt/src/server/models/source.js","s":{"1":1,"2":1,"3":1,"4":1,"5":1},"b":{},"f":{"1":1},"fnMap":{"1":{"loc":{"start":{"line":1,"column":0},"end":{"line":1,"column":32}},"name":"(anonymous_1)","line":7}},"statementMap":{"1":{"start":{"line":0,"column":0},"end":{"line":0,"column":0},"skip":true},"2":{"start":{"line":0,"column":0},"end":{"line":0,"column":0},"skip":true},"3":{"end":{"line":1,"column":32},"start":{"line":2,"column":2}},"4":{"end":{"line":1,"column":32},"start":{"line":14,"column":2}},"5":{"start":{"line":0,"column":0},"end":{"line":0,"column":0},"skip":true}},"branchMap":{},"l":{"0":1,"2":1,"14":1}},
"/Users/terrencelam/Documents/Dev/debt_mgmt/debt_mgmt/src/server/models/user.js":{"path":"/Users/terrencelam/Documents/Dev/debt_mgmt/debt_mgmt/src/server/models/user.js","s":{"1":1,"2":1,"3":1,"4":1,"5":1,"6":1},"b":{},"f":{"1":1},"fnMap":{"1":{"loc":{"start":{"line":1,"column":0},"end":{"line":1,"column":32}},"name":"(anonymous_1)","line":7}},"statementMap":{"1":{"start":{"line":0,"column":0},"end":{"line":0,"column":0},"skip":true},"2":{"start":{"line":0,"column":0},"end":{"line":0,"column":0},"skip":true},"3":{"end":{"line":1,"column":32},"start":{"line":2,"column":2}},"4":{"end":{"line":39,"column":27},"start":{"line":40,"column":8}},"5":{"end":{"line":1,"column":32},"start":{"line":48,"column":2}},"6":{"start":{"line":0,"column":0},"end":{"line":0,"column":0},"skip":true}},"branchMap":{},"l":{"0":1,"2":1,"40":1,"48":1}},
"/Users/terrencelam/Documents/Dev/debt_mgmt/debt_mgmt/src/server/models/userRole.js":{"path":"/Users/terrencelam/Documents/Dev/debt_mgmt/debt_mgmt/src/server/models/userRole.js","s":{"1":1,"2":1,"3":1,"4":1,"5":1},"b":{},"f":{"1":1},"fnMap":{"1":{"loc":{"start":{"line":1,"column":0},"end":{"line":1,"column":32}},"name":"(anonymous_1)","line":7}},"statementMap":{"1":{"start":{"line":0,"column":0},"end":{"line":0,"column":0},"skip":true},"2":{"start":{"line":0,"column":0},"end":{"line":0,"column":0},"skip":true},"3":{"end":{"line":1,"column":32},"start":{"line":2,"column":2}},"4":{"end":{"line":1,"column":32},"start":{"line":11,"column":2}},"5":{"start":{"line":0,"column":0},"end":{"line":0,"column":0},"skip":true}},"branchMap":{},"l":{"0":1,"2":1,"11":1}}}
