{
"/Users/terrencelam/Documents/Dev/debt_mgmt/debt_mgmt/src/common/debtors/actions.js":{"path":"/Users/terrencelam/Documents/Dev/debt_mgmt/debt_mgmt/src/common/debtors/actions.js","s":{"1":1,"2":1,"3":1,"4":1,"5":1,"6":1,"7":1,"8":1,"9":1,"10":1,"11":1,"12":1,"13":1,"14":1,"15":1,"16":1,"17":1,"18":1,"19":1,"20":1,"21":1,"22":1,"23":0,"24":1,"25":0,"26":0,"27":0,"28":0,"29":1,"30":0,"31":0,"32":0,"33":0,"34":0,"35":0,"36":0,"37":0,"38":0,"39":0,"40":0,"41":0,"42":0,"43":0,"44":0,"45":0,"46":0,"47":0,"48":1,"49":0,"50":0,"51":0,"52":0,"53":1,"54":0,"55":0,"56":0,"57":0,"58":0,"59":0,"60":0,"61":0,"62":0,"63":0,"64":0,"65":0,"66":0,"67":0,"68":0,"69":0,"70":0,"71":0},"b":{"1":[1,0],"2":[1,0],"3":[0,0],"4":[0,0],"5":[0,0,0,0,0,0],"6":[0,0],"7":[0,0],"8":[0,0],"9":[0,0,0,0,0,0],"10":[0,0]},"f":{"1":1,"2":1,"3":0,"4":0,"5":0,"6":0,"7":0,"8":0,"9":0,"10":0,"11":0},"fnMap":{"1":{"loc":{"start":{"line":16,"column":7},"end":{"line":16,"column":40}},"name":"fetchDebtors","line":61},"2":{"loc":{"start":{"line":18,"column":9},"end":{"line":18,"column":9}},"name":"(anonymous_2)","line":61},"3":{"loc":{"start":{"line":26,"column":14},"end":{"line":26,"column":14}},"name":"(anonymous_3)","line":61},"4":{"loc":{"start":{"line":31,"column":7},"end":{"line":31,"column":51}},"name":"searchDebtors","line":61},"5":{"loc":{"start":{"line":33,"column":9},"end":{"line":33,"column":24}},"name":"(anonymous_5)","line":61},"6":{"loc":{"start":{"line":34,"column":4},"end":{"line":34,"column":4}},"name":"getPromise","line":61},"7":{"loc":{"start":{"line":34,"column":4},"end":{"line":34,"column":4}},"name":"getPromise$","line":61},"8":{"loc":{"start":{"line":61,"column":7},"end":{"line":61,"column":50}},"name":"fetchDebtor","line":61},"9":{"loc":{"start":{"line":63,"column":9},"end":{"line":63,"column":24}},"name":"(anonymous_9)","line":63},"10":{"loc":{"start":{"line":64,"column":4},"end":{"line":64,"column":4}},"name":"getPromise","line":64},"11":{"loc":{"start":{"line":64,"column":4},"end":{"line":64,"column":4}},"name":"getPromise$","line":66}},"statementMap":{"1":{"start":{"line":0,"column":0},"end":{"line":0,"column":0},"skip":true},"2":{"start":{"line":0,"column":0},"end":{"line":0,"column":0},"skip":true},"3":{"start":{"line":0,"column":0},"end":{"line":0,"column":0},"skip":true},"4":{"start":{"line":0,"column":0},"end":{"line":0,"column":0},"skip":true},"5":{"start":{"line":0,"column":0},"end":{"line":0,"column":0},"skip":true},"6":{"end":{"line":3,"column":7},"start":{"line":1,"column":-15}},"7":{"end":{"line":4,"column":7},"start":{"line":3,"column":7}},"8":{"end":{"line":5,"column":7},"start":{"line":4,"column":7}},"9":{"end":{"line":6,"column":7},"start":{"line":5,"column":7}},"10":{"end":{"line":7,"column":7},"start":{"line":6,"column":7}},"11":{"end":{"line":8,"column":7},"start":{"line":7,"column":7}},"12":{"end":{"line":9,"column":7},"start":{"line":8,"column":7}},"13":{"end":{"line":10,"column":7},"start":{"line":9,"column":7}},"14":{"end":{"line":11,"column":7},"start":{"line":10,"column":7}},"15":{"end":{"line":13,"column":0},"start":{"line":11,"column":7}},"16":{"end":{"line":16,"column":7},"start":{"line":13,"column":0}},"17":{"end":{"line":31,"column":7},"start":{"line":16,"column":7}},"18":{"end":{"line":17,"column":2},"start":{"line":16,"column":40}},"19":{"end":{"line":18,"column":2},"start":{"line":17,"column":2}},"20":{"end":{"line":29,"column":1},"start":{"line":18,"column":2}},"21":{"end":{"line":18,"column":9},"start":{"line":18,"column":9}},"22":{"end":{"line":18,"column":9},"start":{"line":18,"column":9}},"23":{"end":{"line":26,"column":14},"start":{"line":26,"column":14}},"24":{"end":{"line":61,"column":7},"start":{"line":31,"column":7}},"25":{"end":{"line":32,"column":2},"start":{"line":31,"column":51}},"26":{"end":{"line":33,"column":2},"start":{"line":32,"column":2}},"27":{"end":{"line":58,"column":1},"start":{"line":33,"column":2}},"28":{"end":{"line":34,"column":4},"start":{"line":33,"column":24}},"29":{"end":{"line":51,"column":4},"start":{"line":34,"column":4}},"30":{"end":{"line":34,"column":4},"start":{"line":34,"column":4}},"31":{"end":{"line":34,"column":4},"start":{"line":34,"column":4}},"32":{"end":{"line":34,"column":4},"start":{"line":34,"column":4}},"33":{"end":{"line":34,"column":4},"start":{"line":34,"column":4}},"34":{"end":{"line":34,"column":4},"start":{"line":34,"column":4}},"35":{"end":{"line":34,"column":4},"start":{"line":34,"column":4}},"36":{"end":{"line":34,"column":4},"start":{"line":34,"column":4}},"37":{"end":{"line":34,"column":4},"start":{"line":36,"column":14}},"38":{"end":{"line":34,"column":4},"start":{"line":34,"column":4}},"39":{"end":{"line":34,"column":4},"start":{"line":34,"column":4}},"40":{"end":{"line":34,"column":4},"start":{"line":34,"column":4}},"41":{"end":{"line":34,"column":4},"start":{"line":34,"column":4}},"42":{"end":{"line":34,"column":4},"start":{"line":34,"column":4}},"43":{"end":{"line":34,"column":4},"start":{"line":34,"column":4}},"44":{"end":{"line":34,"column":4},"start":{"line":34,"column":4}},"45":{"end":{"line":34,"column":4},"start":{"line":34,"column":4}},"46":{"end":{"line":34,"column":4},"start":{"line":34,"column":4}},"47":{"end":{"line":57,"column":3},"start":{"line":51,"column":4}},"48":{"end":{"line":87,"column":1},"start":{"line":61,"column":7}},"49":{"end":{"line":61,"column":50},"start":{"line":61,"column":50}},"50":{"end":{"line":62,"column":2},"start":{"line":62,"column":2}},"51":{"end":{"line":87,"column":1},"start":{"line":63,"column":2}},"52":{"end":{"line":63,"column":24},"start":{"line":63,"column":24}},"53":{"end":{"line":64,"column":4},"start":{"line":64,"column":4}},"54":{"end":{"line":64,"column":4},"start":{"line":64,"column":4}},"55":{"end":{"line":64,"column":4},"start":{"line":64,"column":4}},"56":{"end":{"line":64,"column":4},"start":{"line":64,"column":4}},"57":{"end":{"line":64,"column":4},"start":{"line":64,"column":4}},"58":{"end":{"line":64,"column":4},"start":{"line":64,"column":4}},"59":{"end":{"line":64,"column":4},"start":{"line":64,"column":4}},"60":{"end":{"line":64,"column":4},"start":{"line":64,"column":4}},"61":{"end":{"line":64,"column":4},"start":{"line":66,"column":14}},"62":{"end":{"line":64,"column":4},"start":{"line":64,"column":4}},"63":{"end":{"line":64,"column":4},"start":{"line":64,"column":4}},"64":{"end":{"line":64,"column":4},"start":{"line":64,"column":4}},"65":{"end":{"line":64,"column":4},"start":{"line":64,"column":4}},"66":{"end":{"line":64,"column":4},"start":{"line":64,"column":4}},"67":{"end":{"line":64,"column":4},"start":{"line":64,"column":4}},"68":{"end":{"line":64,"column":4},"start":{"line":64,"column":4}},"69":{"end":{"line":64,"column":4},"start":{"line":64,"column":4}},"70":{"end":{"line":64,"column":4},"start":{"line":64,"column":4}},"71":{"end":{"line":86,"column":3},"start":{"line":80,"column":4}}},"branchMap":{"1":{"line":61,"type":"cond-expr","locations":[{"end":{"line":16,"column":40},"start":{"line":16,"column":36}},{"end":{"line":16,"column":40},"start":{"line":16,"column":40}}]},"2":{"line":61,"type":"binary-expr","locations":[{"end":{"line":16,"column":40},"start":{"line":16,"column":40}},{"end":{"line":16,"column":40},"start":{"line":16,"column":40}}]},"3":{"line":61,"type":"cond-expr","locations":[{"end":{"line":31,"column":51},"start":{"line":31,"column":47}},{"end":{"line":31,"column":51},"start":{"line":31,"column":51}}]},"4":{"line":61,"type":"binary-expr","locations":[{"end":{"line":31,"column":51},"start":{"line":31,"column":51}},{"end":{"line":31,"column":51},"start":{"line":31,"column":51}}]},"5":{"line":61,"type":"switch","locations":[{"end":{"line":34,"column":4},"start":{"line":34,"column":4}},{"end":{"line":34,"column":4},"start":{"line":34,"column":4}},{"end":{"line":34,"column":4},"start":{"line":34,"column":4}},{"end":{"line":34,"column":4},"start":{"line":34,"column":4}},{"end":{"line":34,"column":4},"start":{"line":34,"column":4}},{"end":{"line":34,"column":4},"start":{"line":34,"column":4}}]},"6":{"line":61,"type":"if","locations":[{"end":{"line":34,"column":4},"start":{"line":34,"column":4}},{"end":{"line":34,"column":4},"start":{"line":34,"column":4}}]},"7":{"line":61,"type":"cond-expr","locations":[{"end":{"line":61,"column":50},"start":{"line":61,"column":46}},{"end":{"line":61,"column":50},"start":{"line":61,"column":50}}]},"8":{"line":61,"type":"binary-expr","locations":[{"end":{"line":61,"column":50},"start":{"line":61,"column":50}},{"end":{"line":61,"column":50},"start":{"line":61,"column":50}}]},"9":{"line":66,"type":"switch","locations":[{"end":{"line":64,"column":4},"start":{"line":64,"column":4}},{"end":{"line":64,"column":4},"start":{"line":64,"column":4}},{"end":{"line":64,"column":4},"start":{"line":64,"column":4}},{"end":{"line":64,"column":4},"start":{"line":64,"column":4}},{"end":{"line":64,"column":4},"start":{"line":64,"column":4}},{"end":{"line":64,"column":4},"start":{"line":64,"column":4}}]},"10":{"line":71,"type":"if","locations":[{"end":{"line":64,"column":4},"start":{"line":64,"column":4}},{"end":{"line":64,"column":4},"start":{"line":64,"column":4}}]}},"l":{"0":1,"1":1,"3":1,"4":1,"5":1,"6":1,"7":1,"8":1,"9":1,"10":1,"11":1,"13":1,"16":1,"17":1,"18":1,"26":0,"31":1,"32":0,"33":0,"34":1,"36":0,"51":0,"61":1,"62":0,"63":0,"64":1,"66":0,"80":0}},
"/Users/terrencelam/Documents/Dev/debt_mgmt/debt_mgmt/src/common/lib/error/error.js":{"path":"/Users/terrencelam/Documents/Dev/debt_mgmt/debt_mgmt/src/common/lib/error/error.js","s":{"1":1,"2":1,"3":1,"4":1,"5":1,"6":1,"7":1,"8":0,"9":0,"10":0},"b":{"1":[1,0],"2":[1,1],"3":[0,0]},"f":{"1":1,"2":0},"fnMap":{"1":{"loc":{"start":{"line":0,"column":0},"end":{"line":0,"column":0},"skip":true},"skip":true,"name":"_interopRequireDefault","line":3},"2":{"loc":{"start":{"line":3,"column":7},"end":{"line":3,"column":48}},"name":"translateHttpError","line":3}},"statementMap":{"1":{"start":{"line":0,"column":0},"end":{"line":0,"column":0},"skip":true},"2":{"start":{"line":0,"column":0},"end":{"line":0,"column":0},"skip":true},"3":{"start":{"line":0,"column":0},"end":{"line":0,"column":0},"skip":true},"4":{"start":{"line":0,"column":0},"end":{"line":0,"column":0},"skip":true},"5":{"start":{"line":0,"column":0},"end":{"line":0,"column":0},"skip":true},"6":{"start":{"line":0,"column":0},"end":{"line":0,"column":0},"skip":true},"7":{"end":{"line":10,"column":1},"start":{"line":3,"column":7}},"8":{"end":{"line":10,"column":1},"start":{"line":4,"column":2}},"9":{"end":{"line":6,"column":6},"start":{"line":6,"column":6}},"10":{"end":{"line":4,"column":2},"start":{"line":8,"column":6}}},"branchMap":{"1":{"line":3,"type":"cond-expr","locations":[{"start":{"line":0,"column":0},"end":{"line":0,"column":0},"skip":true},{"start":{"line":0,"column":0},"end":{"line":0,"column":0},"skip":true}]},"2":{"line":3,"type":"binary-expr","locations":[{"start":{"line":0,"column":0},"end":{"line":0,"column":0},"skip":true},{"start":{"line":0,"column":0},"end":{"line":0,"column":0},"skip":true}]},"3":{"line":4,"type":"switch","locations":[{"end":{"line":6,"column":6},"start":{"line":5,"column":4}},{"end":{"line":4,"column":2},"start":{"line":7,"column":4}}]}},"l":{"0":1,"3":1,"4":0,"6":0,"8":0}},
"/Users/terrencelam/Documents/Dev/debt_mgmt/debt_mgmt/src/common/lib/error/AuthorizationError.js":{"path":"/Users/terrencelam/Documents/Dev/debt_mgmt/debt_mgmt/src/common/lib/error/AuthorizationError.js","s":{"1":1,"2":1,"3":1,"4":0,"5":0,"6":1,"7":0,"8":0,"9":0,"10":1,"11":1,"12":0,"13":1,"14":1,"15":1,"16":1,"17":1,"18":1,"19":0,"20":0,"21":0,"22":0,"23":0,"24":0,"25":1,"26":1},"b":{"1":[0,0],"2":[0,0],"3":[0,0],"4":[0,0,0],"5":[0,1],"6":[1,0],"7":[1,1],"8":[1,0],"9":[1,0],"10":[0,0],"11":[0,0]},"f":{"1":0,"2":0,"3":1,"4":1,"5":0},"fnMap":{"1":{"loc":{"start":{"line":0,"column":0},"end":{"line":0,"column":0},"skip":true},"skip":true,"name":"_classCallCheck","line":1},"2":{"loc":{"start":{"line":0,"column":0},"end":{"line":0,"column":0},"skip":true},"skip":true,"name":"_possibleConstructorReturn","line":1},"3":{"loc":{"start":{"line":0,"column":0},"end":{"line":0,"column":0},"skip":true},"skip":true,"name":"_inherits","line":1},"4":{"loc":{"start":{"line":0,"column":0},"end":{"line":0,"column":0},"skip":true},"skip":true,"name":"(anonymous_4)","line":3},"5":{"loc":{"start":{"line":5,"column":2},"end":{"line":5,"column":33}},"name":"AuthorizationError","line":5}},"statementMap":{"1":{"start":{"line":0,"column":0},"end":{"line":0,"column":0},"skip":true},"2":{"start":{"line":0,"column":0},"end":{"line":0,"column":0},"skip":true},"3":{"start":{"line":0,"column":0},"end":{"line":0,"column":0},"skip":true},"4":{"start":{"line":0,"column":0},"end":{"line":0,"column":0},"skip":true},"5":{"start":{"line":0,"column":0},"end":{"line":0,"column":0},"skip":true},"6":{"start":{"line":0,"column":0},"end":{"line":0,"column":0},"skip":true},"7":{"start":{"line":0,"column":0},"end":{"line":0,"column":0},"skip":true},"8":{"start":{"line":0,"column":0},"end":{"line":0,"column":0},"skip":true},"9":{"start":{"line":0,"column":0},"end":{"line":0,"column":0},"skip":true},"10":{"start":{"line":0,"column":0},"end":{"line":0,"column":0},"skip":true},"11":{"start":{"line":0,"column":0},"end":{"line":0,"column":0},"skip":true},"12":{"start":{"line":0,"column":0},"end":{"line":0,"column":0},"skip":true},"13":{"start":{"line":0,"column":0},"end":{"line":0,"column":0},"skip":true},"14":{"start":{"line":0,"column":0},"end":{"line":0,"column":0},"skip":true},"15":{"start":{"line":0,"column":0},"end":{"line":0,"column":0},"skip":true},"16":{"start":{"line":0,"column":0},"end":{"line":0,"column":0},"skip":true},"17":{"start":{"line":0,"column":0},"end":{"line":0,"column":0},"skip":true},"18":{"start":{"line":0,"column":0},"end":{"line":0,"column":0},"skip":true},"19":{"end":{"line":5,"column":33},"start":{"line":5,"column":33}},"20":{"end":{"line":5,"column":33},"start":{"line":5,"column":33}},"21":{"end":{"line":5,"column":33},"start":{"line":5,"column":33}},"22":{"end":{"line":7,"column":4},"start":{"line":7,"column":4}},"23":{"end":{"line":5,"column":33},"start":{"line":8,"column":4}},"24":{"end":{"line":9,"column":3},"start":{"line":5,"column":33}},"25":{"start":{"line":0,"column":0},"end":{"line":0,"column":0},"skip":true},"26":{"start":{"line":0,"column":0},"end":{"line":0,"column":0},"skip":true}},"branchMap":{"1":{"line":1,"type":"if","locations":[{"start":{"line":0,"column":0},"end":{"line":0,"column":0},"skip":true},{"start":{"line":0,"column":0},"end":{"line":0,"column":0},"skip":true}]},"2":{"line":1,"type":"if","locations":[{"start":{"line":0,"column":0},"end":{"line":0,"column":0},"skip":true},{"start":{"line":0,"column":0},"end":{"line":0,"column":0},"skip":true}]},"3":{"line":1,"type":"cond-expr","locations":[{"start":{"line":0,"column":0},"end":{"line":0,"column":0},"skip":true},{"start":{"line":0,"column":0},"end":{"line":0,"column":0},"skip":true}]},"4":{"line":1,"type":"binary-expr","locations":[{"start":{"line":0,"column":0},"end":{"line":0,"column":0},"skip":true},{"start":{"line":0,"column":0},"end":{"line":0,"column":0},"skip":true},{"start":{"line":0,"column":0},"end":{"line":0,"column":0},"skip":true}]},"5":{"line":1,"type":"if","locations":[{"start":{"line":0,"column":0},"end":{"line":0,"column":0},"skip":true},{"start":{"line":0,"column":0},"end":{"line":0,"column":0},"skip":true}]},"6":{"line":1,"type":"binary-expr","locations":[{"start":{"line":0,"column":0},"end":{"line":0,"column":0},"skip":true},{"start":{"line":0,"column":0},"end":{"line":0,"column":0},"skip":true}]},"7":{"line":1,"type":"binary-expr","locations":[{"start":{"line":0,"column":0},"end":{"line":0,"column":0},"skip":true},{"start":{"line":0,"column":0},"end":{"line":0,"column":0},"skip":true}]},"8":{"line":1,"type":"if","locations":[{"start":{"line":0,"column":0},"end":{"line":0,"column":0},"skip":true},{"start":{"line":0,"column":0},"end":{"line":0,"column":0},"skip":true}]},"9":{"line":1,"type":"cond-expr","locations":[{"start":{"line":0,"column":0},"end":{"line":0,"column":0},"skip":true},{"start":{"line":0,"column":0},"end":{"line":0,"column":0},"skip":true}]},"10":{"line":5,"type":"cond-expr","locations":[{"end":{"line":5,"column":33},"start":{"line":5,"column":29}},{"end":{"line":5,"column":33},"start":{"line":5,"column":33}}]},"11":{"line":5,"type":"binary-expr","locations":[{"end":{"line":5,"column":33},"start":{"line":5,"column":33}},{"end":{"line":5,"column":33},"start":{"line":5,"column":33}}]}},"l":{"0":1,"5":0,"7":0,"8":0}},
"/Users/terrencelam/Documents/Dev/debt_mgmt/debt_mgmt/src/server/lib/Boarding.js":{"path":"/Users/terrencelam/Documents/Dev/debt_mgmt/debt_mgmt/src/server/lib/Boarding.js","s":{"1":1,"2":1,"3":1,"4":1,"5":1,"6":1,"7":1,"8":1,"9":1,"10":1,"11":1,"12":1,"13":1,"14":1,"15":1,"16":5,"17":1,"18":6,"19":221,"20":1,"21":10,"22":10,"23":8,"24":2,"25":1,"26":18,"27":2,"28":16,"29":16,"30":2,"31":14,"32":14,"33":14,"34":14,"35":14,"36":14,"37":14,"38":7,"39":7,"40":7,"41":4,"42":4,"43":7,"44":7,"45":7,"46":7,"47":6,"48":6,"49":14,"50":1,"51":3,"52":3,"53":3,"54":3,"55":3,"56":1,"57":1,"58":1,"59":1,"60":5,"61":1,"62":1,"63":2,"64":2,"65":3,"66":3,"67":1,"68":3,"69":3,"70":3,"71":217,"72":217,"73":1,"74":2,"75":1,"76":2,"77":2,"78":2,"79":121,"80":10,"81":57,"82":1,"83":1,"84":1,"85":1,"86":1,"87":1,"88":5,"89":5,"90":0,"91":1,"92":1,"93":4,"94":4,"95":1,"96":3,"97":1,"98":1,"99":1,"100":1,"101":1,"102":1,"103":1,"104":1,"105":1,"106":1,"107":1,"108":1,"109":1,"110":1,"111":1,"112":1,"113":1,"114":1,"115":1,"116":1,"117":1,"118":1,"119":1,"120":1,"121":1,"122":0,"123":0,"124":1,"125":1,"126":1,"127":1,"128":1,"129":1,"130":0,"131":1,"132":1,"133":1,"134":1,"135":1,"136":1,"137":1,"138":1,"139":1,"140":1,"141":1,"142":1,"143":1,"144":1,"145":1,"146":1,"147":1,"148":1,"149":1,"150":1,"151":1,"152":1,"153":1,"154":1,"155":1,"156":1,"157":1,"158":1,"159":1,"160":1,"161":1,"162":1,"163":1,"164":1,"165":1,"166":0,"167":1,"168":1,"169":2,"170":2,"171":2,"172":2,"173":2,"174":2,"175":2,"176":2,"177":2,"178":1,"179":1,"180":1,"181":1,"182":1,"183":0,"184":1,"185":1,"186":1,"187":1,"188":1,"189":0,"190":1,"191":1,"192":2,"193":2,"194":2,"195":2,"196":2,"197":2,"198":2,"199":0,"200":2,"201":2,"202":2,"203":2,"204":2,"205":2,"206":2,"207":2,"208":1,"209":1,"210":1,"211":1,"212":1,"213":0,"214":1,"215":1,"216":1,"217":1,"218":0,"219":0,"220":0,"221":0,"222":0,"223":0,"224":0,"225":0,"226":0,"227":0,"228":0,"229":1,"230":1,"231":1,"232":1,"233":1,"234":1,"235":1,"236":1,"237":1,"238":1,"239":1,"240":1,"241":1,"242":1,"243":1},"b":{"1":[2,3],"2":[5,5],"3":[8,2],"4":[2,16],"5":[2,14],"6":[7,7],"7":[4,3],"8":[7,0],"9":[6,1],"10":[2,1],"11":[0,2],"12":[2,2],"13":[0,3],"14":[3,3],"15":[1,216],"16":[0,2],"17":[2,2],"18":[10,111],"19":[1,56],"20":[57,56],"21":[0,5],"22":[2,2],"23":[4,2],"24":[1,3],"25":[4,1],"26":[3,2],"27":[1,0],"28":[1,0],"29":[0,1],"30":[1,1],"31":[1,1],"32":[0,1],"33":[0,1],"34":[1,1],"35":[2,0],"36":[1,1],"37":[0,1],"38":[0,0],"39":[0,0],"40":[0,0]},"f":{"1":5,"2":6,"3":10,"4":18,"5":3,"6":1,"7":2,"8":3,"9":2,"10":1,"11":4,"12":1,"13":1,"14":1,"15":1,"16":0},"fnMap":{"1":{"loc":{"start":{"line":0,"column":0},"end":{"line":0,"column":0},"skip":true},"skip":true,"name":"_interopRequireDefault","line":33},"2":{"loc":{"start":{"line":10,"column":0},"end":{"line":10,"column":31}},"name":"getFieldNames","line":37},"3":{"loc":{"start":{"line":16,"column":0},"end":{"line":16,"column":24}},"name":"getGender","line":41},"4":{"loc":{"start":{"line":24,"column":0},"end":{"line":24,"column":29}},"name":"getIdInfo","line":49},"5":{"loc":{"start":{"line":65,"column":0},"end":{"line":65,"column":31}},"name":"getCell","line":84},"6":{"loc":{"start":{"line":70,"column":0},"end":{"line":70,"column":21}},"name":"getRows","line":93},"7":{"loc":{"start":{"line":81,"column":0},"end":{"line":81,"column":48}},"name":"getColIndexes","line":103},"8":{"loc":{"start":{"line":88,"column":0},"end":{"line":88,"column":62}},"name":"checkColumnNames","line":112},"9":{"loc":{"start":{"line":101,"column":0},"end":{"line":101,"column":65}},"name":"checkRequiredFields","line":127},"10":{"loc":{"start":{"line":119,"column":0},"end":{"line":119,"column":43}},"name":"checkIfPortfolioExists","line":145},"11":{"loc":{"start":{"line":144,"column":0},"end":{"line":144,"column":62}},"name":"validateBoarding","line":170},"12":{"loc":{"start":{"line":152,"column":0},"end":{"line":160,"column":6}},"name":"savePersonInfo","line":179},"13":{"loc":{"start":{"line":255,"column":0},"end":{"line":285,"column":6}},"name":"saveLoan","line":281},"14":{"loc":{"start":{"line":343,"column":0},"end":{"line":343,"column":51}},"name":"savePersonAddresses","line":365},"15":{"loc":{"start":{"line":450,"column":0},"end":{"line":450,"column":49}},"name":"savePersonContacts","line":459},"16":{"loc":{"start":{"line":549,"column":0},"end":{"line":549,"column":47}},"name":"boarding","line":546}},"statementMap":{"1":{"start":{"line":0,"column":0},"end":{"line":0,"column":0},"skip":true},"2":{"start":{"line":0,"column":0},"end":{"line":0,"column":0},"skip":true},"3":{"start":{"line":0,"column":0},"end":{"line":0,"column":0},"skip":true},"4":{"start":{"line":0,"column":0},"end":{"line":0,"column":0},"skip":true},"5":{"start":{"line":0,"column":0},"end":{"line":0,"column":0},"skip":true},"6":{"end":{"line":1,"column":-15},"start":{"line":1,"column":-15}},"7":{"end":{"line":2,"column":0},"start":{"line":2,"column":0}},"8":{"start":{"line":0,"column":0},"end":{"line":0,"column":0},"skip":true},"9":{"end":{"line":3,"column":0},"start":{"line":3,"column":0}},"10":{"end":{"line":4,"column":0},"start":{"line":4,"column":0}},"11":{"start":{"line":0,"column":0},"end":{"line":0,"column":0},"skip":true},"12":{"end":{"line":5,"column":0},"start":{"line":5,"column":0}},"13":{"start":{"line":0,"column":0},"end":{"line":0,"column":0},"skip":true},"14":{"end":{"line":6,"column":0},"start":{"line":6,"column":0}},"15":{"start":{"line":0,"column":0},"end":{"line":0,"column":0},"skip":true},"16":{"start":{"line":0,"column":0},"end":{"line":0,"column":0},"skip":true},"17":{"end":{"line":14,"column":1},"start":{"line":10,"column":0}},"18":{"end":{"line":11,"column":2},"start":{"line":11,"column":2}},"19":{"end":{"line":11,"column":9},"start":{"line":12,"column":4}},"20":{"end":{"line":22,"column":1},"start":{"line":16,"column":0}},"21":{"end":{"line":17,"column":2},"start":{"line":17,"column":2}},"22":{"end":{"line":20,"column":3},"start":{"line":18,"column":2}},"23":{"end":{"line":19,"column":4},"start":{"line":19,"column":4}},"24":{"end":{"line":21,"column":2},"start":{"line":21,"column":2}},"25":{"end":{"line":63,"column":1},"start":{"line":24,"column":0}},"26":{"end":{"line":27,"column":3},"start":{"line":25,"column":2}},"27":{"end":{"line":26,"column":4},"start":{"line":26,"column":4}},"28":{"end":{"line":28,"column":2},"start":{"line":28,"column":2}},"29":{"end":{"line":31,"column":3},"start":{"line":29,"column":2}},"30":{"end":{"line":30,"column":4},"start":{"line":30,"column":4}},"31":{"end":{"line":32,"column":2},"start":{"line":32,"column":2}},"32":{"end":{"line":33,"column":2},"start":{"line":33,"column":2}},"33":{"end":{"line":34,"column":2},"start":{"line":34,"column":2}},"34":{"end":{"line":35,"column":2},"start":{"line":35,"column":2}},"35":{"end":{"line":36,"column":2},"start":{"line":36,"column":2}},"36":{"end":{"line":37,"column":2},"start":{"line":37,"column":2}},"37":{"end":{"line":58,"column":3},"start":{"line":38,"column":2}},"38":{"end":{"line":39,"column":4},"start":{"line":39,"column":4}},"39":{"end":{"line":40,"column":4},"start":{"line":40,"column":4}},"40":{"end":{"line":47,"column":5},"start":{"line":41,"column":4}},"41":{"end":{"line":42,"column":6},"start":{"line":42,"column":6}},"42":{"end":{"line":46,"column":6},"start":{"line":46,"column":6}},"43":{"end":{"line":58,"column":3},"start":{"line":48,"column":9}},"44":{"end":{"line":49,"column":4},"start":{"line":49,"column":4}},"45":{"end":{"line":50,"column":4},"start":{"line":50,"column":4}},"46":{"end":{"line":57,"column":5},"start":{"line":51,"column":4}},"47":{"end":{"line":52,"column":6},"start":{"line":52,"column":6}},"48":{"end":{"line":56,"column":6},"start":{"line":56,"column":6}},"49":{"end":{"line":59,"column":2},"start":{"line":59,"column":2}},"50":{"end":{"line":68,"column":1},"start":{"line":65,"column":0}},"51":{"end":{"line":65,"column":31},"start":{"line":65,"column":31}},"52":{"end":{"line":65,"column":31},"start":{"line":65,"column":31}},"53":{"end":{"line":65,"column":31},"start":{"line":65,"column":31}},"54":{"end":{"line":66,"column":2},"start":{"line":66,"column":2}},"55":{"end":{"line":67,"column":2},"start":{"line":67,"column":2}},"56":{"end":{"line":78,"column":1},"start":{"line":70,"column":0}},"57":{"end":{"line":71,"column":2},"start":{"line":71,"column":2}},"58":{"end":{"line":73,"column":2},"start":{"line":73,"column":2}},"59":{"end":{"line":76,"column":3},"start":{"line":74,"column":2}},"60":{"end":{"line":75,"column":4},"start":{"line":75,"column":4}},"61":{"end":{"line":77,"column":2},"start":{"line":77,"column":2}},"62":{"end":{"line":86,"column":1},"start":{"line":81,"column":0}},"63":{"end":{"line":81,"column":48},"start":{"line":81,"column":48}},"64":{"end":{"line":82,"column":2},"start":{"line":82,"column":2}},"65":{"end":{"line":83,"column":4},"start":{"line":83,"column":4}},"66":{"end":{"line":84,"column":4},"start":{"line":84,"column":4}},"67":{"end":{"line":99,"column":1},"start":{"line":88,"column":0}},"68":{"end":{"line":88,"column":62},"start":{"line":88,"column":62}},"69":{"end":{"line":89,"column":2},"start":{"line":89,"column":2}},"70":{"end":{"line":97,"column":3},"start":{"line":90,"column":2}},"71":{"end":{"line":91,"column":4},"start":{"line":91,"column":4}},"72":{"end":{"line":96,"column":5},"start":{"line":92,"column":4}},"73":{"end":{"line":93,"column":6},"start":{"line":93,"column":6}},"74":{"end":{"line":98,"column":2},"start":{"line":98,"column":2}},"75":{"end":{"line":117,"column":1},"start":{"line":101,"column":0}},"76":{"end":{"line":101,"column":65},"start":{"line":101,"column":65}},"77":{"end":{"line":102,"column":2},"start":{"line":102,"column":2}},"78":{"end":{"line":103,"column":2},"start":{"line":103,"column":2}},"79":{"end":{"line":114,"column":5},"start":{"line":104,"column":4}},"80":{"end":{"line":113,"column":7},"start":{"line":105,"column":6}},"81":{"end":{"line":112,"column":9},"start":{"line":106,"column":8}},"82":{"end":{"line":109,"column":10},"start":{"line":109,"column":10}},"83":{"end":{"line":116,"column":2},"start":{"line":116,"column":2}},"84":{"end":{"line":142,"column":1},"start":{"line":119,"column":0}},"85":{"end":{"line":120,"column":2},"start":{"line":120,"column":2}},"86":{"end":{"line":122,"column":2},"start":{"line":122,"column":2}},"87":{"end":{"line":136,"column":3},"start":{"line":126,"column":2}},"88":{"end":{"line":127,"column":4},"start":{"line":127,"column":4}},"89":{"end":{"line":135,"column":5},"start":{"line":131,"column":4}},"90":{"end":{"line":132,"column":6},"start":{"line":132,"column":6}},"91":{"end":{"line":137,"column":2},"start":{"line":137,"column":2}},"92":{"end":{"line":150,"column":1},"start":{"line":144,"column":0}},"93":{"end":{"line":144,"column":62},"start":{"line":144,"column":62}},"94":{"end":{"line":147,"column":3},"start":{"line":145,"column":2}},"95":{"end":{"line":146,"column":4},"start":{"line":146,"column":4}},"96":{"end":{"line":148,"column":2},"start":{"line":148,"column":2}},"97":{"end":{"line":253,"column":1},"start":{"line":152,"column":0}},"98":{"end":{"line":160,"column":6},"start":{"line":160,"column":6}},"99":{"end":{"line":160,"column":6},"start":{"line":160,"column":6}},"100":{"end":{"line":160,"column":6},"start":{"line":160,"column":6}},"101":{"end":{"line":160,"column":6},"start":{"line":160,"column":6}},"102":{"end":{"line":160,"column":6},"start":{"line":160,"column":6}},"103":{"end":{"line":160,"column":6},"start":{"line":160,"column":6}},"104":{"end":{"line":160,"column":6},"start":{"line":160,"column":6}},"105":{"end":{"line":161,"column":2},"start":{"line":161,"column":2}},"106":{"end":{"line":161,"column":9},"start":{"line":167,"column":4}},"107":{"end":{"line":182,"column":43},"start":{"line":182,"column":43}},"108":{"end":{"line":182,"column":43},"start":{"line":182,"column":43}},"109":{"end":{"line":182,"column":43},"start":{"line":182,"column":43}},"110":{"end":{"line":249,"column":7},"start":{"line":183,"column":6}},"111":{"end":{"line":184,"column":8},"start":{"line":184,"column":8}},"112":{"end":{"line":184,"column":15},"start":{"line":191,"column":10}},"113":{"end":{"line":191,"column":10},"start":{"line":194,"column":12}},"114":{"end":{"line":208,"column":51},"start":{"line":208,"column":51}},"115":{"end":{"line":208,"column":51},"start":{"line":208,"column":51}},"116":{"end":{"line":208,"column":51},"start":{"line":208,"column":51}},"117":{"end":{"line":224,"column":15},"start":{"line":209,"column":14}},"118":{"end":{"line":210,"column":16},"start":{"line":210,"column":16}},"119":{"end":{"line":210,"column":23},"start":{"line":216,"column":18}},"120":{"end":{"line":210,"column":23},"start":{"line":220,"column":18}},"121":{"end":{"line":220,"column":18},"start":{"line":222,"column":32}},"122":{"end":{"line":225,"column":14},"start":{"line":225,"column":14}},"123":{"end":{"line":225,"column":21},"start":{"line":227,"column":28}},"124":{"end":{"line":184,"column":15},"start":{"line":231,"column":10}},"125":{"end":{"line":184,"column":15},"start":{"line":235,"column":10}},"126":{"end":{"line":243,"column":24},"start":{"line":243,"column":24}},"127":{"end":{"line":243,"column":24},"start":{"line":243,"column":24}},"128":{"end":{"line":243,"column":24},"start":{"line":243,"column":24}},"129":{"end":{"line":235,"column":10},"start":{"line":247,"column":23}},"130":{"end":{"line":250,"column":6},"start":{"line":250,"column":6}},"131":{"end":{"line":330,"column":1},"start":{"line":255,"column":0}},"132":{"end":{"line":285,"column":6},"start":{"line":285,"column":6}},"133":{"end":{"line":285,"column":6},"start":{"line":285,"column":6}},"134":{"end":{"line":285,"column":6},"start":{"line":285,"column":6}},"135":{"end":{"line":285,"column":6},"start":{"line":285,"column":6}},"136":{"end":{"line":285,"column":6},"start":{"line":285,"column":6}},"137":{"end":{"line":285,"column":6},"start":{"line":285,"column":6}},"138":{"end":{"line":285,"column":6},"start":{"line":285,"column":6}},"139":{"end":{"line":285,"column":6},"start":{"line":285,"column":6}},"140":{"end":{"line":285,"column":6},"start":{"line":285,"column":6}},"141":{"end":{"line":285,"column":6},"start":{"line":285,"column":6}},"142":{"end":{"line":285,"column":6},"start":{"line":285,"column":6}},"143":{"end":{"line":285,"column":6},"start":{"line":285,"column":6}},"144":{"end":{"line":285,"column":6},"start":{"line":285,"column":6}},"145":{"end":{"line":285,"column":6},"start":{"line":285,"column":6}},"146":{"end":{"line":285,"column":6},"start":{"line":285,"column":6}},"147":{"end":{"line":285,"column":6},"start":{"line":285,"column":6}},"148":{"end":{"line":285,"column":6},"start":{"line":285,"column":6}},"149":{"end":{"line":285,"column":6},"start":{"line":285,"column":6}},"150":{"end":{"line":285,"column":6},"start":{"line":285,"column":6}},"151":{"end":{"line":285,"column":6},"start":{"line":285,"column":6}},"152":{"end":{"line":285,"column":6},"start":{"line":285,"column":6}},"153":{"end":{"line":285,"column":6},"start":{"line":285,"column":6}},"154":{"end":{"line":285,"column":6},"start":{"line":285,"column":6}},"155":{"end":{"line":285,"column":6},"start":{"line":285,"column":6}},"156":{"end":{"line":285,"column":6},"start":{"line":285,"column":6}},"157":{"end":{"line":285,"column":6},"start":{"line":285,"column":6}},"158":{"end":{"line":285,"column":6},"start":{"line":285,"column":6}},"159":{"end":{"line":285,"column":6},"start":{"line":285,"column":6}},"160":{"end":{"line":285,"column":6},"start":{"line":285,"column":6}},"161":{"end":{"line":286,"column":2},"start":{"line":286,"column":2}},"162":{"end":{"line":286,"column":9},"start":{"line":319,"column":4}},"163":{"end":{"line":319,"column":4},"start":{"line":325,"column":6}},"164":{"end":{"line":438,"column":1},"start":{"line":343,"column":0}},"165":{"end":{"line":349,"column":3},"start":{"line":344,"column":2}},"166":{"end":{"line":345,"column":4},"start":{"line":345,"column":4}},"167":{"end":{"line":350,"column":2},"start":{"line":350,"column":2}},"168":{"end":{"line":350,"column":9},"start":{"line":356,"column":4}},"169":{"end":{"line":356,"column":16},"start":{"line":357,"column":6}},"170":{"end":{"line":365,"column":20},"start":{"line":365,"column":20}},"171":{"end":{"line":365,"column":20},"start":{"line":365,"column":20}},"172":{"end":{"line":365,"column":20},"start":{"line":365,"column":20}},"173":{"end":{"line":366,"column":8},"start":{"line":372,"column":10}},"174":{"end":{"line":372,"column":10},"start":{"line":377,"column":12}},"175":{"end":{"line":387,"column":14},"start":{"line":393,"column":16}},"176":{"end":{"line":397,"column":14},"start":{"line":403,"column":16}},"177":{"end":{"line":429,"column":15},"start":{"line":408,"column":14}},"178":{"end":{"line":409,"column":16},"start":{"line":409,"column":16}},"179":{"end":{"line":417,"column":54},"start":{"line":417,"column":54}},"180":{"end":{"line":417,"column":54},"start":{"line":417,"column":54}},"181":{"end":{"line":417,"column":54},"start":{"line":417,"column":54}},"182":{"end":{"line":422,"column":19},"start":{"line":418,"column":18}},"183":{"end":{"line":419,"column":20},"start":{"line":419,"column":20}},"184":{"end":{"line":423,"column":18},"start":{"line":423,"column":18}},"185":{"end":{"line":409,"column":23},"start":{"line":425,"column":18}},"186":{"end":{"line":430,"column":14},"start":{"line":430,"column":14}},"187":{"end":{"line":547,"column":1},"start":{"line":450,"column":0}},"188":{"end":{"line":456,"column":3},"start":{"line":451,"column":2}},"189":{"end":{"line":452,"column":4},"start":{"line":452,"column":4}},"190":{"end":{"line":457,"column":2},"start":{"line":457,"column":2}},"191":{"end":{"line":457,"column":9},"start":{"line":463,"column":4}},"192":{"end":{"line":463,"column":16},"start":{"line":464,"column":6}},"193":{"end":{"line":473,"column":50},"start":{"line":473,"column":50}},"194":{"end":{"line":473,"column":50},"start":{"line":473,"column":50}},"195":{"end":{"line":473,"column":50},"start":{"line":473,"column":50}},"196":{"end":{"line":485,"column":9},"start":{"line":474,"column":8}},"197":{"end":{"line":475,"column":10},"start":{"line":475,"column":10}},"198":{"end":{"line":475,"column":17},"start":{"line":481,"column":12}},"199":{"end":{"line":486,"column":8},"start":{"line":486,"column":8}},"200":{"end":{"line":464,"column":6},"start":{"line":488,"column":8}},"201":{"end":{"line":488,"column":8},"start":{"line":493,"column":10}},"202":{"end":{"line":493,"column":10},"start":{"line":496,"column":12}},"203":{"end":{"line":493,"column":10},"start":{"line":500,"column":12}},"204":{"end":{"line":500,"column":12},"start":{"line":506,"column":14}},"205":{"end":{"line":493,"column":10},"start":{"line":511,"column":12}},"206":{"end":{"line":511,"column":12},"start":{"line":517,"column":14}},"207":{"end":{"line":540,"column":13},"start":{"line":522,"column":12}},"208":{"end":{"line":523,"column":14},"start":{"line":523,"column":14}},"209":{"end":{"line":528,"column":52},"start":{"line":528,"column":52}},"210":{"end":{"line":528,"column":52},"start":{"line":528,"column":52}},"211":{"end":{"line":528,"column":52},"start":{"line":528,"column":52}},"212":{"end":{"line":533,"column":17},"start":{"line":529,"column":16}},"213":{"end":{"line":530,"column":18},"start":{"line":530,"column":18}},"214":{"end":{"line":534,"column":16},"start":{"line":534,"column":16}},"215":{"end":{"line":523,"column":21},"start":{"line":536,"column":16}},"216":{"end":{"line":541,"column":12},"start":{"line":541,"column":12}},"217":{"end":{"line":569,"column":1},"start":{"line":549,"column":0}},"218":{"end":{"line":549,"column":47},"start":{"line":549,"column":47}},"219":{"end":{"line":552,"column":3},"start":{"line":550,"column":2}},"220":{"end":{"line":551,"column":4},"start":{"line":551,"column":4}},"221":{"end":{"line":553,"column":2},"start":{"line":553,"column":2}},"222":{"end":{"line":556,"column":2},"start":{"line":556,"column":2}},"223":{"end":{"line":557,"column":2},"start":{"line":557,"column":2}},"224":{"end":{"line":558,"column":2},"start":{"line":558,"column":2}},"225":{"end":{"line":558,"column":9},"start":{"line":563,"column":4}},"226":{"end":{"line":563,"column":16},"start":{"line":564,"column":6}},"227":{"end":{"line":564,"column":6},"start":{"line":565,"column":8}},"228":{"end":{"line":564,"column":6},"start":{"line":566,"column":23}},"229":{"end":{"line":571,"column":0},"start":{"line":571,"column":0}},"230":{"end":{"line":573,"column":0},"start":{"line":573,"column":0}},"231":{"end":{"line":574,"column":0},"start":{"line":574,"column":0}},"232":{"end":{"line":575,"column":0},"start":{"line":575,"column":0}},"233":{"end":{"line":576,"column":0},"start":{"line":576,"column":0}},"234":{"end":{"line":577,"column":0},"start":{"line":577,"column":0}},"235":{"end":{"line":578,"column":0},"start":{"line":578,"column":0}},"236":{"end":{"line":579,"column":0},"start":{"line":579,"column":0}},"237":{"end":{"line":580,"column":0},"start":{"line":580,"column":0}},"238":{"end":{"line":581,"column":0},"start":{"line":581,"column":0}},"239":{"end":{"line":582,"column":0},"start":{"line":582,"column":0}},"240":{"end":{"line":583,"column":0},"start":{"line":583,"column":0}},"241":{"end":{"line":584,"column":0},"start":{"line":584,"column":0}},"242":{"start":{"line":0,"column":0},"end":{"line":0,"column":0},"skip":true},"243":{"start":{"line":0,"column":0},"end":{"line":0,"column":0},"skip":true}},"branchMap":{"1":{"line":33,"type":"cond-expr","locations":[{"start":{"line":0,"column":0},"end":{"line":0,"column":0},"skip":true},{"start":{"line":0,"column":0},"end":{"line":0,"column":0},"skip":true}]},"2":{"line":33,"type":"binary-expr","locations":[{"start":{"line":0,"column":0},"end":{"line":0,"column":0},"skip":true},{"start":{"line":0,"column":0},"end":{"line":0,"column":0},"skip":true}]},"3":{"line":43,"type":"if","locations":[{"end":{"line":18,"column":2},"start":{"line":18,"column":2}},{"end":{"line":18,"column":2},"start":{"line":18,"column":2}}]},"4":{"line":50,"type":"if","locations":[{"end":{"line":25,"column":2},"start":{"line":25,"column":2}},{"end":{"line":25,"column":2},"start":{"line":25,"column":2}}]},"5":{"line":54,"type":"if","locations":[{"end":{"line":29,"column":2},"start":{"line":29,"column":2}},{"end":{"line":29,"column":2},"start":{"line":29,"column":2}}]},"6":{"line":63,"type":"if","locations":[{"end":{"line":38,"column":2},"start":{"line":38,"column":2}},{"end":{"line":38,"column":2},"start":{"line":38,"column":2}}]},"7":{"line":66,"type":"if","locations":[{"end":{"line":41,"column":4},"start":{"line":41,"column":4}},{"end":{"line":41,"column":4},"start":{"line":41,"column":4}}]},"8":{"line":70,"type":"if","locations":[{"end":{"line":48,"column":9},"start":{"line":48,"column":9}},{"end":{"line":48,"column":9},"start":{"line":48,"column":9}}]},"9":{"line":73,"type":"if","locations":[{"end":{"line":51,"column":4},"start":{"line":51,"column":4}},{"end":{"line":51,"column":4},"start":{"line":51,"column":4}}]},"10":{"line":90,"type":"cond-expr","locations":[{"end":{"line":67,"column":9},"start":{"line":67,"column":16}},{"end":{"line":67,"column":2},"start":{"line":67,"column":25}}]},"11":{"line":104,"type":"cond-expr","locations":[{"end":{"line":81,"column":48},"start":{"line":81,"column":48}},{"end":{"line":81,"column":48},"start":{"line":81,"column":48}}]},"12":{"line":104,"type":"binary-expr","locations":[{"end":{"line":81,"column":48},"start":{"line":81,"column":48}},{"end":{"line":81,"column":48},"start":{"line":81,"column":48}}]},"13":{"line":113,"type":"cond-expr","locations":[{"end":{"line":88,"column":62},"start":{"line":88,"column":62}},{"end":{"line":88,"column":62},"start":{"line":88,"column":62}}]},"14":{"line":113,"type":"binary-expr","locations":[{"end":{"line":88,"column":62},"start":{"line":88,"column":62}},{"end":{"line":88,"column":62},"start":{"line":88,"column":62}}]},"15":{"line":118,"type":"if","locations":[{"end":{"line":92,"column":4},"start":{"line":92,"column":4}},{"end":{"line":92,"column":4},"start":{"line":92,"column":4}}]},"16":{"line":128,"type":"cond-expr","locations":[{"end":{"line":101,"column":65},"start":{"line":101,"column":65}},{"end":{"line":101,"column":65},"start":{"line":101,"column":65}}]},"17":{"line":128,"type":"binary-expr","locations":[{"end":{"line":101,"column":65},"start":{"line":101,"column":65}},{"end":{"line":101,"column":65},"start":{"line":101,"column":65}}]},"18":{"line":132,"type":"if","locations":[{"end":{"line":104,"column":4},"start":{"line":104,"column":4}},{"end":{"line":104,"column":4},"start":{"line":104,"column":4}}]},"19":{"line":134,"type":"if","locations":[{"end":{"line":106,"column":8},"start":{"line":106,"column":8}},{"end":{"line":106,"column":8},"start":{"line":106,"column":8}}]},"20":{"line":134,"type":"binary-expr","locations":[{"end":{"line":106,"column":12},"start":{"line":106,"column":12}},{"end":{"line":106,"column":8},"start":{"line":107,"column":10}}]},"21":{"line":157,"type":"if","locations":[{"end":{"line":131,"column":4},"start":{"line":131,"column":4}},{"end":{"line":131,"column":4},"start":{"line":131,"column":4}}]},"22":{"line":171,"type":"cond-expr","locations":[{"end":{"line":144,"column":62},"start":{"line":144,"column":62}},{"end":{"line":144,"column":62},"start":{"line":144,"column":62}}]},"23":{"line":171,"type":"binary-expr","locations":[{"end":{"line":144,"column":62},"start":{"line":144,"column":62}},{"end":{"line":144,"column":62},"start":{"line":144,"column":62}}]},"24":{"line":173,"type":"if","locations":[{"end":{"line":145,"column":2},"start":{"line":145,"column":2}},{"end":{"line":145,"column":2},"start":{"line":145,"column":2}}]},"25":{"line":173,"type":"binary-expr","locations":[{"end":{"line":145,"column":6},"start":{"line":145,"column":6}},{"end":{"line":145,"column":2},"start":{"line":145,"column":20}}]},"26":{"line":176,"type":"binary-expr","locations":[{"end":{"line":148,"column":9},"start":{"line":148,"column":9}},{"end":{"line":148,"column":2},"start":{"line":149,"column":4}}]},"27":{"line":214,"type":"if","locations":[{"end":{"line":183,"column":6},"start":{"line":183,"column":6}},{"end":{"line":183,"column":6},"start":{"line":183,"column":6}}]},"28":{"line":243,"type":"if","locations":[{"end":{"line":209,"column":14},"start":{"line":209,"column":14}},{"end":{"line":209,"column":14},"start":{"line":209,"column":14}}]},"29":{"line":366,"type":"if","locations":[{"end":{"line":344,"column":2},"start":{"line":344,"column":2}},{"end":{"line":344,"column":2},"start":{"line":344,"column":2}}]},"30":{"line":366,"type":"binary-expr","locations":[{"end":{"line":344,"column":6},"start":{"line":344,"column":6}},{"end":{"line":344,"column":2},"start":{"line":344,"column":17}}]},"31":{"line":419,"type":"if","locations":[{"end":{"line":408,"column":14},"start":{"line":408,"column":14}},{"end":{"line":408,"column":14},"start":{"line":408,"column":14}}]},"32":{"line":434,"type":"if","locations":[{"end":{"line":418,"column":18},"start":{"line":418,"column":18}},{"end":{"line":418,"column":18},"start":{"line":418,"column":18}}]},"33":{"line":460,"type":"if","locations":[{"end":{"line":451,"column":2},"start":{"line":451,"column":2}},{"end":{"line":451,"column":2},"start":{"line":451,"column":2}}]},"34":{"line":460,"type":"binary-expr","locations":[{"end":{"line":451,"column":6},"start":{"line":451,"column":6}},{"end":{"line":451,"column":2},"start":{"line":451,"column":17}}]},"35":{"line":486,"type":"if","locations":[{"end":{"line":474,"column":8},"start":{"line":474,"column":8}},{"end":{"line":474,"column":8},"start":{"line":474,"column":8}}]},"36":{"line":520,"type":"if","locations":[{"end":{"line":522,"column":12},"start":{"line":522,"column":12}},{"end":{"line":522,"column":12},"start":{"line":522,"column":12}}]},"37":{"line":532,"type":"if","locations":[{"end":{"line":529,"column":16},"start":{"line":529,"column":16}},{"end":{"line":529,"column":16},"start":{"line":529,"column":16}}]},"38":{"line":547,"type":"cond-expr","locations":[{"end":{"line":549,"column":47},"start":{"line":549,"column":47}},{"end":{"line":549,"column":47},"start":{"line":549,"column":47}}]},"39":{"line":547,"type":"binary-expr","locations":[{"end":{"line":549,"column":47},"start":{"line":549,"column":47}},{"end":{"line":549,"column":47},"start":{"line":549,"column":47}}]},"40":{"line":549,"type":"if","locations":[{"end":{"line":550,"column":2},"start":{"line":550,"column":2}},{"end":{"line":550,"column":2},"start":{"line":550,"column":2}}]}},"l":{"0":5,"1":1,"2":1,"3":1,"4":1,"5":1,"6":1,"10":1,"11":6,"12":221,"16":1,"17":10,"18":10,"19":8,"21":2,"24":1,"25":18,"26":2,"28":16,"29":16,"30":2,"32":14,"33":14,"34":14,"35":14,"36":14,"37":14,"38":14,"39":7,"40":7,"41":7,"42":4,"46":4,"48":7,"49":7,"50":7,"51":7,"52":6,"56":6,"59":14,"65":3,"66":3,"67":3,"70":1,"71":1,"73":1,"74":1,"75":5,"77":1,"81":2,"82":2,"83":3,"84":3,"88":3,"89":3,"90":3,"91":217,"92":217,"93":1,"98":2,"101":2,"102":2,"103":2,"104":121,"105":10,"106":57,"109":1,"116":1,"119":1,"120":1,"122":1,"126":1,"127":5,"131":5,"132":0,"137":1,"144":4,"145":4,"146":1,"148":3,"152":1,"160":1,"161":1,"167":1,"182":1,"183":1,"184":1,"191":1,"194":1,"208":1,"209":1,"210":1,"216":1,"220":1,"222":1,"225":0,"227":0,"231":1,"235":1,"243":1,"247":1,"250":0,"255":1,"285":1,"286":1,"319":1,"325":1,"343":1,"344":1,"345":0,"350":1,"356":1,"357":2,"365":2,"372":2,"377":2,"393":2,"403":2,"408":2,"409":1,"417":1,"418":1,"419":0,"423":1,"425":1,"430":1,"450":1,"451":1,"452":0,"457":1,"463":1,"464":2,"473":2,"474":2,"475":2,"481":2,"486":0,"488":2,"493":2,"496":2,"500":2,"506":2,"511":2,"517":2,"522":2,"523":1,"528":1,"529":1,"530":0,"534":1,"536":1,"541":1,"549":1,"550":0,"551":0,"553":0,"556":0,"557":0,"558":0,"563":0,"564":0,"565":0,"566":0,"571":1,"573":1,"574":1,"575":1,"576":1,"577":1,"578":1,"579":1,"580":1,"581":1,"582":1,"583":1,"584":1}},
"/Users/terrencelam/Documents/Dev/debt_mgmt/debt_mgmt/src/server/lib/BoardingValidationError.js":{"path":"/Users/terrencelam/Documents/Dev/debt_mgmt/debt_mgmt/src/server/lib/BoardingValidationError.js","s":{"1":1,"2":1,"3":1,"4":1,"5":1,"6":1,"7":3,"8":3,"9":3,"10":3,"11":1,"12":1},"b":{"1":[1,0],"2":[1,1],"3":[1,2],"4":[3,2]},"f":{"1":1,"2":3},"fnMap":{"1":{"loc":{"start":{"line":0,"column":0},"end":{"line":0,"column":0},"skip":true},"skip":true,"name":"_interopRequireDefault","line":13},"2":{"loc":{"start":{"line":5,"column":2},"end":{"line":5,"column":33}},"name":"(anonymous_2)","line":17}},"statementMap":{"1":{"start":{"line":0,"column":0},"end":{"line":0,"column":0},"skip":true},"2":{"start":{"line":0,"column":0},"end":{"line":0,"column":0},"skip":true},"3":{"start":{"line":0,"column":0},"end":{"line":0,"column":0},"skip":true},"4":{"end":{"line":1,"column":-15},"start":{"line":1,"column":-15}},"5":{"start":{"line":0,"column":0},"end":{"line":0,"column":0},"skip":true},"6":{"start":{"line":0,"column":0},"end":{"line":0,"column":0},"skip":true},"7":{"end":{"line":5,"column":33},"start":{"line":5,"column":33}},"8":{"end":{"line":6,"column":4},"start":{"line":6,"column":4}},"9":{"end":{"line":7,"column":4},"start":{"line":7,"column":4}},"10":{"end":{"line":8,"column":4},"start":{"line":8,"column":4}},"11":{"start":{"line":0,"column":0},"end":{"line":0,"column":0},"skip":true},"12":{"start":{"line":0,"column":0},"end":{"line":0,"column":0},"skip":true}},"branchMap":{"1":{"line":13,"type":"cond-expr","locations":[{"start":{"line":0,"column":0},"end":{"line":0,"column":0},"skip":true},{"start":{"line":0,"column":0},"end":{"line":0,"column":0},"skip":true}]},"2":{"line":13,"type":"binary-expr","locations":[{"start":{"line":0,"column":0},"end":{"line":0,"column":0},"skip":true},{"start":{"line":0,"column":0},"end":{"line":0,"column":0},"skip":true}]},"3":{"line":18,"type":"cond-expr","locations":[{"end":{"line":5,"column":33},"start":{"line":5,"column":29}},{"end":{"line":5,"column":33},"start":{"line":5,"column":33}}]},"4":{"line":18,"type":"binary-expr","locations":[{"end":{"line":5,"column":33},"start":{"line":5,"column":33}},{"end":{"line":5,"column":33},"start":{"line":5,"column":33}}]}},"l":{"0":1,"1":1,"5":3,"6":3,"7":3,"8":3}},
"/Users/terrencelam/Documents/Dev/debt_mgmt/debt_mgmt/src/server/models/index.js":{"path":"/Users/terrencelam/Documents/Dev/debt_mgmt/debt_mgmt/src/server/models/index.js","s":{"1":1,"2":1,"3":1,"4":1,"5":1,"6":1,"7":1,"8":1,"9":1,"10":1,"11":1,"12":1,"13":1,"14":1,"15":6,"16":1,"17":1,"18":1,"19":1,"20":1,"21":1,"22":37,"23":36,"24":36,"25":1,"26":36,"27":22,"28":36,"29":36,"30":1,"31":1,"32":1,"33":1},"b":{"1":[1,5],"2":[6,6],"3":[1,1],"4":[37,37],"5":[22,14],"6":[36,0]},"f":{"1":6},"fnMap":{"1":{"loc":{"start":{"line":0,"column":0},"end":{"line":0,"column":0},"skip":true},"skip":true,"name":"_interopRequireDefault","line":31}},"statementMap":{"1":{"start":{"line":0,"column":0},"end":{"line":0,"column":0},"skip":true},"2":{"start":{"line":0,"column":0},"end":{"line":0,"column":0},"skip":true},"3":{"start":{"line":0,"column":0},"end":{"line":0,"column":0},"skip":true},"4":{"end":{"line":1,"column":-15},"start":{"line":1,"column":-15}},"5":{"start":{"line":0,"column":0},"end":{"line":0,"column":0},"skip":true},"6":{"end":{"line":2,"column":0},"start":{"line":2,"column":0}},"7":{"start":{"line":0,"column":0},"end":{"line":0,"column":0},"skip":true},"8":{"end":{"line":3,"column":0},"start":{"line":3,"column":0}},"9":{"start":{"line":0,"column":0},"end":{"line":0,"column":0},"skip":true},"10":{"end":{"line":4,"column":0},"start":{"line":4,"column":0}},"11":{"start":{"line":0,"column":0},"end":{"line":0,"column":0},"skip":true},"12":{"end":{"line":5,"column":0},"start":{"line":5,"column":0}},"13":{"start":{"line":0,"column":0},"end":{"line":0,"column":0},"skip":true},"14":{"start":{"line":0,"column":0},"end":{"line":0,"column":0},"skip":true},"15":{"start":{"line":0,"column":0},"end":{"line":0,"column":0},"skip":true},"16":{"end":{"line":7,"column":0},"start":{"line":7,"column":0}},"17":{"end":{"line":8,"column":0},"start":{"line":8,"column":0}},"18":{"end":{"line":10,"column":0},"start":{"line":10,"column":0}},"19":{"end":{"line":11,"column":0},"start":{"line":11,"column":0}},"20":{"end":{"line":13,"column":0},"start":{"line":13,"column":0}},"21":{"end":{"line":15,"column":0},"start":{"line":15,"column":0}},"22":{"end":{"line":15,"column":0},"start":{"line":16,"column":3}},"23":{"end":{"line":18,"column":2},"start":{"line":18,"column":2}},"24":{"end":{"line":19,"column":2},"start":{"line":19,"column":2}},"25":{"end":{"line":22,"column":0},"start":{"line":22,"column":0}},"26":{"end":{"line":25,"column":3},"start":{"line":23,"column":2}},"27":{"end":{"line":24,"column":4},"start":{"line":24,"column":4}},"28":{"end":{"line":28,"column":3},"start":{"line":26,"column":2}},"29":{"end":{"line":27,"column":4},"start":{"line":27,"column":4}},"30":{"end":{"line":31,"column":0},"start":{"line":31,"column":0}},"31":{"end":{"line":32,"column":0},"start":{"line":32,"column":0}},"32":{"start":{"line":0,"column":0},"end":{"line":0,"column":0},"skip":true},"33":{"start":{"line":0,"column":0},"end":{"line":0,"column":0},"skip":true}},"branchMap":{"1":{"line":31,"type":"cond-expr","locations":[{"start":{"line":0,"column":0},"end":{"line":0,"column":0},"skip":true},{"start":{"line":0,"column":0},"end":{"line":0,"column":0},"skip":true}]},"2":{"line":31,"type":"binary-expr","locations":[{"start":{"line":0,"column":0},"end":{"line":0,"column":0},"skip":true},{"start":{"line":0,"column":0},"end":{"line":0,"column":0},"skip":true}]},"3":{"line":33,"type":"binary-expr","locations":[{"end":{"line":7,"column":12},"start":{"line":7,"column":12}},{"end":{"line":7,"column":0},"start":{"line":7,"column":36}}]},"4":{"line":41,"type":"binary-expr","locations":[{"end":{"line":16,"column":2},"start":{"line":16,"column":3}},{"end":{"line":15,"column":0},"start":{"line":16,"column":32}}]},"5":{"line":47,"type":"if","locations":[{"end":{"line":23,"column":2},"start":{"line":23,"column":2}},{"end":{"line":23,"column":2},"start":{"line":23,"column":2}}]},"6":{"line":50,"type":"if","locations":[{"end":{"line":26,"column":2},"start":{"line":26,"column":2}},{"end":{"line":26,"column":2},"start":{"line":26,"column":2}}]}},"l":{"0":6,"1":1,"2":1,"3":1,"4":1,"5":1,"7":1,"8":1,"10":1,"11":1,"13":1,"15":1,"16":37,"18":36,"19":36,"22":1,"23":36,"24":22,"26":36,"27":36,"31":1,"32":1}},
"/Users/terrencelam/Documents/Dev/debt_mgmt/debt_mgmt/src/server/config.js":{"path":"/Users/terrencelam/Documents/Dev/debt_mgmt/debt_mgmt/src/server/config.js","s":{"1":1,"2":1,"3":1,"4":1,"5":1,"6":1,"7":1,"8":1,"9":1,"10":1,"11":1,"12":1},"b":{"1":[0,1],"2":[1,1],"3":[1,1]},"f":{"1":1},"fnMap":{"1":{"loc":{"start":{"line":0,"column":0},"end":{"line":0,"column":0},"skip":true},"skip":true,"name":"_interopRequireDefault","line":11}},"statementMap":{"1":{"start":{"line":0,"column":0},"end":{"line":0,"column":0},"skip":true},"2":{"end":{"line":4,"column":0},"start":{"line":4,"column":0}},"3":{"start":{"line":0,"column":0},"end":{"line":0,"column":0},"skip":true},"4":{"start":{"line":0,"column":0},"end":{"line":0,"column":0},"skip":true},"5":{"start":{"line":0,"column":0},"end":{"line":0,"column":0},"skip":true},"6":{"start":{"line":0,"column":0},"end":{"line":0,"column":0},"skip":true},"7":{"end":{"line":7,"column":0},"start":{"line":7,"column":0}},"8":{"end":{"line":11,"column":0},"start":{"line":11,"column":0}},"9":{"end":{"line":14,"column":0},"start":{"line":14,"column":0}},"10":{"end":{"line":18,"column":0},"start":{"line":18,"column":0}},"11":{"start":{"line":0,"column":0},"end":{"line":0,"column":0},"skip":true},"12":{"start":{"line":0,"column":0},"end":{"line":0,"column":0},"skip":true}},"branchMap":{"1":{"line":11,"type":"cond-expr","locations":[{"start":{"line":0,"column":0},"end":{"line":0,"column":0},"skip":true},{"start":{"line":0,"column":0},"end":{"line":0,"column":0},"skip":true}]},"2":{"line":11,"type":"binary-expr","locations":[{"start":{"line":0,"column":0},"end":{"line":0,"column":0},"skip":true},{"start":{"line":0,"column":0},"end":{"line":0,"column":0},"skip":true}]},"3":{"line":35,"type":"binary-expr","locations":[{"end":{"line":25,"column":8},"start":{"line":25,"column":8}},{"end":{"line":18,"column":15},"start":{"line":25,"column":28}}]}},"l":{"0":1,"4":1,"7":1,"11":1,"14":1,"18":1}},
"/Users/terrencelam/Documents/Dev/debt_mgmt/debt_mgmt/src/server/lib/logger.js":{"path":"/Users/terrencelam/Documents/Dev/debt_mgmt/debt_mgmt/src/server/lib/logger.js","s":{"1":1,"2":1,"3":1,"4":1,"5":1,"6":1,"7":1,"8":1,"9":3,"10":1,"11":1,"12":1,"13":1,"14":1,"15":1,"16":1},"b":{"1":[0,3],"2":[3,3]},"f":{"1":3},"fnMap":{"1":{"loc":{"start":{"line":0,"column":0},"end":{"line":0,"column":0},"skip":true},"skip":true,"name":"_interopRequireDefault","line":19}},"statementMap":{"1":{"start":{"line":0,"column":0},"end":{"line":0,"column":0},"skip":true},"2":{"end":{"line":1,"column":-15},"start":{"line":1,"column":-15}},"3":{"start":{"line":0,"column":0},"end":{"line":0,"column":0},"skip":true},"4":{"end":{"line":2,"column":0},"start":{"line":2,"column":0}},"5":{"start":{"line":0,"column":0},"end":{"line":0,"column":0},"skip":true},"6":{"end":{"line":3,"column":0},"start":{"line":3,"column":0}},"7":{"start":{"line":0,"column":0},"end":{"line":0,"column":0},"skip":true},"8":{"start":{"line":0,"column":0},"end":{"line":0,"column":0},"skip":true},"9":{"start":{"line":0,"column":0},"end":{"line":0,"column":0},"skip":true},"10":{"start":{"line":0,"column":0},"end":{"line":0,"column":0},"skip":true},"11":{"start":{"line":0,"column":0},"end":{"line":0,"column":0},"skip":true},"12":{"end":{"line":7,"column":0},"start":{"line":7,"column":0}},"13":{"end":{"line":9,"column":0},"start":{"line":9,"column":0}},"14":{"end":{"line":19,"column":0},"start":{"line":19,"column":0}},"15":{"start":{"line":0,"column":0},"end":{"line":0,"column":0},"skip":true},"16":{"start":{"line":0,"column":0},"end":{"line":0,"column":0},"skip":true}},"branchMap":{"1":{"line":19,"type":"cond-expr","locations":[{"start":{"line":0,"column":0},"end":{"line":0,"column":0},"skip":true},{"start":{"line":0,"column":0},"end":{"line":0,"column":0},"skip":true}]},"2":{"line":19,"type":"binary-expr","locations":[{"start":{"line":0,"column":0},"end":{"line":0,"column":0},"skip":true},{"start":{"line":0,"column":0},"end":{"line":0,"column":0},"skip":true}]}},"l":{"0":3,"1":1,"2":1,"3":1,"7":1,"9":1,"19":1}},
"/Users/terrencelam/Documents/Dev/debt_mgmt/debt_mgmt/src/server/models/address.js":{"path":"/Users/terrencelam/Documents/Dev/debt_mgmt/debt_mgmt/src/server/models/address.js","s":{"1":1,"2":1,"3":1,"4":1,"5":1,"6":1,"7":1},"b":{},"f":{"1":1},"fnMap":{"1":{"loc":{"start":{"line":1,"column":0},"end":{"line":1,"column":32}},"name":"(anonymous_1)","line":7}},"statementMap":{"1":{"start":{"line":0,"column":0},"end":{"line":0,"column":0},"skip":true},"2":{"start":{"line":0,"column":0},"end":{"line":0,"column":0},"skip":true},"3":{"end":{"line":2,"column":2},"start":{"line":2,"column":2}},"4":{"end":{"line":12,"column":8},"start":{"line":12,"column":8}},"5":{"end":{"line":13,"column":8},"start":{"line":13,"column":8}},"6":{"end":{"line":19,"column":2},"start":{"line":19,"column":2}},"7":{"start":{"line":0,"column":0},"end":{"line":0,"column":0},"skip":true}},"branchMap":{},"l":{"0":1,"2":1,"12":1,"13":1,"19":1}},
"/Users/terrencelam/Documents/Dev/debt_mgmt/debt_mgmt/src/server/models/addressType.js":{"path":"/Users/terrencelam/Documents/Dev/debt_mgmt/debt_mgmt/src/server/models/addressType.js","s":{"1":1,"2":1,"3":1,"4":1,"5":1},"b":{},"f":{"1":1},"fnMap":{"1":{"loc":{"start":{"line":1,"column":0},"end":{"line":1,"column":32}},"name":"(anonymous_1)","line":7}},"statementMap":{"1":{"start":{"line":0,"column":0},"end":{"line":0,"column":0},"skip":true},"2":{"start":{"line":0,"column":0},"end":{"line":0,"column":0},"skip":true},"3":{"end":{"line":2,"column":2},"start":{"line":2,"column":2}},"4":{"end":{"line":13,"column":2},"start":{"line":13,"column":2}},"5":{"start":{"line":0,"column":0},"end":{"line":0,"column":0},"skip":true}},"branchMap":{},"l":{"0":1,"2":1,"13":1}},
"/Users/terrencelam/Documents/Dev/debt_mgmt/debt_mgmt/src/server/models/agency.js":{"path":"/Users/terrencelam/Documents/Dev/debt_mgmt/debt_mgmt/src/server/models/agency.js","s":{"1":1,"2":1,"3":1,"4":1,"5":1,"6":1},"b":{},"f":{"1":1},"fnMap":{"1":{"loc":{"start":{"line":1,"column":0},"end":{"line":1,"column":32}},"name":"(anonymous_1)","line":7}},"statementMap":{"1":{"start":{"line":0,"column":0},"end":{"line":0,"column":0},"skip":true},"2":{"start":{"line":0,"column":0},"end":{"line":0,"column":0},"skip":true},"3":{"end":{"line":2,"column":2},"start":{"line":2,"column":2}},"4":{"end":{"line":16,"column":8},"start":{"line":16,"column":8}},"5":{"end":{"line":22,"column":2},"start":{"line":22,"column":2}},"6":{"start":{"line":0,"column":0},"end":{"line":0,"column":0},"skip":true}},"branchMap":{},"l":{"0":1,"2":1,"16":1,"22":1}},
"/Users/terrencelam/Documents/Dev/debt_mgmt/debt_mgmt/src/server/models/city.js":{"path":"/Users/terrencelam/Documents/Dev/debt_mgmt/debt_mgmt/src/server/models/city.js","s":{"1":1,"2":1,"3":1,"4":1,"5":1,"6":1,"7":1},"b":{},"f":{"1":1},"fnMap":{"1":{"loc":{"start":{"line":1,"column":0},"end":{"line":1,"column":32}},"name":"(anonymous_1)","line":7}},"statementMap":{"1":{"start":{"line":0,"column":0},"end":{"line":0,"column":0},"skip":true},"2":{"start":{"line":0,"column":0},"end":{"line":0,"column":0},"skip":true},"3":{"end":{"line":2,"column":2},"start":{"line":2,"column":2}},"4":{"end":{"line":9,"column":8},"start":{"line":9,"column":8}},"5":{"end":{"line":12,"column":8},"start":{"line":12,"column":8}},"6":{"end":{"line":20,"column":2},"start":{"line":20,"column":2}},"7":{"start":{"line":0,"column":0},"end":{"line":0,"column":0},"skip":true}},"branchMap":{},"l":{"0":1,"2":1,"9":1,"12":1,"20":1}},
"/Users/terrencelam/Documents/Dev/debt_mgmt/debt_mgmt/src/server/models/cityCounty.js":{"path":"/Users/terrencelam/Documents/Dev/debt_mgmt/debt_mgmt/src/server/models/cityCounty.js","s":{"1":1,"2":1,"3":1,"4":1,"5":1},"b":{},"f":{"1":1},"fnMap":{"1":{"loc":{"start":{"line":1,"column":0},"end":{"line":1,"column":32}},"name":"(anonymous_1)","line":7}},"statementMap":{"1":{"start":{"line":0,"column":0},"end":{"line":0,"column":0},"skip":true},"2":{"start":{"line":0,"column":0},"end":{"line":0,"column":0},"skip":true},"3":{"end":{"line":2,"column":2},"start":{"line":2,"column":2}},"4":{"end":{"line":12,"column":2},"start":{"line":12,"column":2}},"5":{"start":{"line":0,"column":0},"end":{"line":0,"column":0},"skip":true}},"branchMap":{},"l":{"0":1,"2":1,"12":1}},
"/Users/terrencelam/Documents/Dev/debt_mgmt/debt_mgmt/src/server/models/company.js":{"path":"/Users/terrencelam/Documents/Dev/debt_mgmt/debt_mgmt/src/server/models/company.js","s":{"1":1,"2":1,"3":1,"4":1,"5":1,"6":1},"b":{},"f":{"1":1},"fnMap":{"1":{"loc":{"start":{"line":1,"column":0},"end":{"line":1,"column":32}},"name":"(anonymous_1)","line":7}},"statementMap":{"1":{"start":{"line":0,"column":0},"end":{"line":0,"column":0},"skip":true},"2":{"start":{"line":0,"column":0},"end":{"line":0,"column":0},"skip":true},"3":{"end":{"line":2,"column":2},"start":{"line":2,"column":2}},"4":{"end":{"line":16,"column":8},"start":{"line":16,"column":8}},"5":{"end":{"line":22,"column":2},"start":{"line":22,"column":2}},"6":{"start":{"line":0,"column":0},"end":{"line":0,"column":0},"skip":true}},"branchMap":{},"l":{"0":1,"2":1,"16":1,"22":1}},
"/Users/terrencelam/Documents/Dev/debt_mgmt/debt_mgmt/src/server/models/companyType.js":{"path":"/Users/terrencelam/Documents/Dev/debt_mgmt/debt_mgmt/src/server/models/companyType.js","s":{"1":1,"2":1,"3":1,"4":1,"5":1},"b":{},"f":{"1":1},"fnMap":{"1":{"loc":{"start":{"line":1,"column":0},"end":{"line":1,"column":32}},"name":"(anonymous_1)","line":7}},"statementMap":{"1":{"start":{"line":0,"column":0},"end":{"line":0,"column":0},"skip":true},"2":{"start":{"line":0,"column":0},"end":{"line":0,"column":0},"skip":true},"3":{"end":{"line":2,"column":2},"start":{"line":2,"column":2}},"4":{"end":{"line":19,"column":2},"start":{"line":19,"column":2}},"5":{"start":{"line":0,"column":0},"end":{"line":0,"column":0},"skip":true}},"branchMap":{},"l":{"0":1,"2":1,"19":1}},
"/Users/terrencelam/Documents/Dev/debt_mgmt/debt_mgmt/src/server/models/contactNumber.js":{"path":"/Users/terrencelam/Documents/Dev/debt_mgmt/debt_mgmt/src/server/models/contactNumber.js","s":{"1":1,"2":1,"3":1,"4":1,"5":1,"6":1,"7":1},"b":{},"f":{"1":1},"fnMap":{"1":{"loc":{"start":{"line":1,"column":0},"end":{"line":1,"column":32}},"name":"(anonymous_1)","line":7}},"statementMap":{"1":{"start":{"line":0,"column":0},"end":{"line":0,"column":0},"skip":true},"2":{"start":{"line":0,"column":0},"end":{"line":0,"column":0},"skip":true},"3":{"end":{"line":2,"column":2},"start":{"line":2,"column":2}},"4":{"end":{"line":18,"column":8},"start":{"line":18,"column":8}},"5":{"end":{"line":19,"column":8},"start":{"line":19,"column":8}},"6":{"end":{"line":25,"column":2},"start":{"line":25,"column":2}},"7":{"start":{"line":0,"column":0},"end":{"line":0,"column":0},"skip":true}},"branchMap":{},"l":{"0":1,"2":1,"18":1,"19":1,"25":1}},
"/Users/terrencelam/Documents/Dev/debt_mgmt/debt_mgmt/src/server/models/contactNumberType.js":{"path":"/Users/terrencelam/Documents/Dev/debt_mgmt/debt_mgmt/src/server/models/contactNumberType.js","s":{"1":1,"2":1,"3":1,"4":1,"5":1},"b":{},"f":{"1":1},"fnMap":{"1":{"loc":{"start":{"line":1,"column":0},"end":{"line":1,"column":32}},"name":"(anonymous_1)","line":7}},"statementMap":{"1":{"start":{"line":0,"column":0},"end":{"line":0,"column":0},"skip":true},"2":{"start":{"line":0,"column":0},"end":{"line":0,"column":0},"skip":true},"3":{"end":{"line":2,"column":2},"start":{"line":2,"column":2}},"4":{"end":{"line":14,"column":2},"start":{"line":14,"column":2}},"5":{"start":{"line":0,"column":0},"end":{"line":0,"column":0},"skip":true}},"branchMap":{},"l":{"0":1,"2":1,"14":1}},
"/Users/terrencelam/Documents/Dev/debt_mgmt/debt_mgmt/src/server/models/country.js":{"path":"/Users/terrencelam/Documents/Dev/debt_mgmt/debt_mgmt/src/server/models/country.js","s":{"1":1,"2":1,"3":1,"4":1,"5":1,"6":1,"7":1},"b":{},"f":{"1":1},"fnMap":{"1":{"loc":{"start":{"line":1,"column":0},"end":{"line":1,"column":32}},"name":"(anonymous_1)","line":7}},"statementMap":{"1":{"start":{"line":0,"column":0},"end":{"line":0,"column":0},"skip":true},"2":{"start":{"line":0,"column":0},"end":{"line":0,"column":0},"skip":true},"3":{"end":{"line":2,"column":2},"start":{"line":2,"column":2}},"4":{"end":{"line":9,"column":8},"start":{"line":9,"column":8}},"5":{"end":{"line":10,"column":8},"start":{"line":10,"column":8}},"6":{"end":{"line":16,"column":2},"start":{"line":16,"column":2}},"7":{"start":{"line":0,"column":0},"end":{"line":0,"column":0},"skip":true}},"branchMap":{},"l":{"0":1,"2":1,"9":1,"10":1,"16":1}},
"/Users/terrencelam/Documents/Dev/debt_mgmt/debt_mgmt/src/server/models/county.js":{"path":"/Users/terrencelam/Documents/Dev/debt_mgmt/debt_mgmt/src/server/models/county.js","s":{"1":1,"2":1,"3":1,"4":1,"5":1,"6":1},"b":{},"f":{"1":1},"fnMap":{"1":{"loc":{"start":{"line":1,"column":0},"end":{"line":1,"column":32}},"name":"(anonymous_1)","line":7}},"statementMap":{"1":{"start":{"line":0,"column":0},"end":{"line":0,"column":0},"skip":true},"2":{"start":{"line":0,"column":0},"end":{"line":0,"column":0},"skip":true},"3":{"end":{"line":2,"column":2},"start":{"line":2,"column":2}},"4":{"end":{"line":9,"column":8},"start":{"line":9,"column":8}},"5":{"end":{"line":17,"column":2},"start":{"line":17,"column":2}},"6":{"start":{"line":0,"column":0},"end":{"line":0,"column":0},"skip":true}},"branchMap":{},"l":{"0":1,"2":1,"9":1,"17":1}},
"/Users/terrencelam/Documents/Dev/debt_mgmt/debt_mgmt/src/server/models/debtorLoan.js":{"path":"/Users/terrencelam/Documents/Dev/debt_mgmt/debt_mgmt/src/server/models/debtorLoan.js","s":{"1":1,"2":1,"3":1,"4":1,"5":1},"b":{},"f":{"1":1},"fnMap":{"1":{"loc":{"start":{"line":1,"column":0},"end":{"line":1,"column":32}},"name":"(anonymous_1)","line":7}},"statementMap":{"1":{"start":{"line":0,"column":0},"end":{"line":0,"column":0},"skip":true},"2":{"start":{"line":0,"column":0},"end":{"line":0,"column":0},"skip":true},"3":{"end":{"line":2,"column":2},"start":{"line":2,"column":2}},"4":{"end":{"line":16,"column":2},"start":{"line":16,"column":2}},"5":{"start":{"line":0,"column":0},"end":{"line":0,"column":0},"skip":true}},"branchMap":{},"l":{"0":1,"2":1,"16":1}},
"/Users/terrencelam/Documents/Dev/debt_mgmt/debt_mgmt/src/server/models/employer.js":{"path":"/Users/terrencelam/Documents/Dev/debt_mgmt/debt_mgmt/src/server/models/employer.js","s":{"1":1,"2":1,"3":1,"4":1,"5":1,"6":1,"7":1},"b":{},"f":{"1":1},"fnMap":{"1":{"loc":{"start":{"line":1,"column":0},"end":{"line":1,"column":32}},"name":"(anonymous_1)","line":7}},"statementMap":{"1":{"start":{"line":0,"column":0},"end":{"line":0,"column":0},"skip":true},"2":{"start":{"line":0,"column":0},"end":{"line":0,"column":0},"skip":true},"3":{"end":{"line":2,"column":2},"start":{"line":2,"column":2}},"4":{"end":{"line":9,"column":8},"start":{"line":9,"column":8}},"5":{"end":{"line":10,"column":8},"start":{"line":10,"column":8}},"6":{"end":{"line":16,"column":2},"start":{"line":16,"column":2}},"7":{"start":{"line":0,"column":0},"end":{"line":0,"column":0},"skip":true}},"branchMap":{},"l":{"0":1,"2":1,"9":1,"10":1,"16":1}},
"/Users/terrencelam/Documents/Dev/debt_mgmt/debt_mgmt/src/server/models/identity.js":{"path":"/Users/terrencelam/Documents/Dev/debt_mgmt/debt_mgmt/src/server/models/identity.js","s":{"1":1,"2":1,"3":1,"4":1,"5":1,"6":1,"7":1,"8":1,"9":1},"b":{},"f":{"1":1},"fnMap":{"1":{"loc":{"start":{"line":1,"column":0},"end":{"line":1,"column":32}},"name":"(anonymous_1)","line":7}},"statementMap":{"1":{"start":{"line":0,"column":0},"end":{"line":0,"column":0},"skip":true},"2":{"start":{"line":0,"column":0},"end":{"line":0,"column":0},"skip":true},"3":{"end":{"line":2,"column":2},"start":{"line":2,"column":2}},"4":{"end":{"line":18,"column":8},"start":{"line":18,"column":8}},"5":{"end":{"line":19,"column":8},"start":{"line":19,"column":8}},"6":{"end":{"line":20,"column":8},"start":{"line":20,"column":8}},"7":{"end":{"line":21,"column":8},"start":{"line":21,"column":8}},"8":{"end":{"line":27,"column":2},"start":{"line":27,"column":2}},"9":{"start":{"line":0,"column":0},"end":{"line":0,"column":0},"skip":true}},"branchMap":{},"l":{"0":1,"2":1,"18":1,"19":1,"20":1,"21":1,"27":1}},
"/Users/terrencelam/Documents/Dev/debt_mgmt/debt_mgmt/src/server/models/identityType.js":{"path":"/Users/terrencelam/Documents/Dev/debt_mgmt/debt_mgmt/src/server/models/identityType.js","s":{"1":1,"2":1,"3":1,"4":1,"5":1},"b":{},"f":{"1":1},"fnMap":{"1":{"loc":{"start":{"line":1,"column":0},"end":{"line":1,"column":32}},"name":"(anonymous_1)","line":7}},"statementMap":{"1":{"start":{"line":0,"column":0},"end":{"line":0,"column":0},"skip":true},"2":{"start":{"line":0,"column":0},"end":{"line":0,"column":0},"skip":true},"3":{"end":{"line":2,"column":2},"start":{"line":2,"column":2}},"4":{"end":{"line":19,"column":2},"start":{"line":19,"column":2}},"5":{"start":{"line":0,"column":0},"end":{"line":0,"column":0},"skip":true}},"branchMap":{},"l":{"0":1,"2":1,"19":1}},
"/Users/terrencelam/Documents/Dev/debt_mgmt/debt_mgmt/src/server/models/loan.js":{"path":"/Users/terrencelam/Documents/Dev/debt_mgmt/debt_mgmt/src/server/models/loan.js","s":{"1":1,"2":1,"3":1,"4":1,"5":1,"6":1,"7":1,"8":1,"9":1,"10":1,"11":1,"12":1,"13":1},"b":{},"f":{"1":1},"fnMap":{"1":{"loc":{"start":{"line":1,"column":0},"end":{"line":1,"column":32}},"name":"(anonymous_1)","line":7}},"statementMap":{"1":{"start":{"line":0,"column":0},"end":{"line":0,"column":0},"skip":true},"2":{"start":{"line":0,"column":0},"end":{"line":0,"column":0},"skip":true},"3":{"end":{"line":2,"column":2},"start":{"line":2,"column":2}},"4":{"end":{"line":117,"column":8},"start":{"line":117,"column":8}},"5":{"end":{"line":118,"column":8},"start":{"line":118,"column":8}},"6":{"end":{"line":119,"column":8},"start":{"line":119,"column":8}},"7":{"end":{"line":120,"column":8},"start":{"line":120,"column":8}},"8":{"end":{"line":125,"column":8},"start":{"line":125,"column":8}},"9":{"end":{"line":129,"column":8},"start":{"line":129,"column":8}},"10":{"end":{"line":129,"column":8},"start":{"line":130,"column":10}},"11":{"end":{"line":130,"column":10},"start":{"line":135,"column":12}},"12":{"end":{"line":146,"column":2},"start":{"line":146,"column":2}},"13":{"start":{"line":0,"column":0},"end":{"line":0,"column":0},"skip":true}},"branchMap":{},"l":{"0":1,"2":1,"117":1,"118":1,"119":1,"120":1,"125":1,"129":1,"130":1,"135":1,"146":1}},
"/Users/terrencelam/Documents/Dev/debt_mgmt/debt_mgmt/src/server/models/loanPlacement.js":{"path":"/Users/terrencelam/Documents/Dev/debt_mgmt/debt_mgmt/src/server/models/loanPlacement.js","s":{"1":1,"2":1,"3":1,"4":1,"5":1,"6":1,"7":1,"8":0,"9":0,"10":1,"11":1},"b":{},"f":{"1":1},"fnMap":{"1":{"loc":{"start":{"line":1,"column":0},"end":{"line":1,"column":32}},"name":"(anonymous_1)","line":7}},"statementMap":{"1":{"start":{"line":0,"column":0},"end":{"line":0,"column":0},"skip":true},"2":{"start":{"line":0,"column":0},"end":{"line":0,"column":0},"skip":true},"3":{"end":{"line":2,"column":2},"start":{"line":2,"column":2}},"4":{"end":{"line":16,"column":8},"start":{"line":16,"column":8}},"5":{"end":{"line":17,"column":8},"start":{"line":17,"column":8}},"6":{"end":{"line":18,"column":8},"start":{"line":18,"column":8}},"7":{"end":{"line":22,"column":8},"start":{"line":22,"column":8}},"8":{"end":{"line":22,"column":8},"start":{"line":23,"column":10}},"9":{"end":{"line":23,"column":10},"start":{"line":30,"column":12}},"10":{"end":{"line":40,"column":2},"start":{"line":40,"column":2}},"11":{"start":{"line":0,"column":0},"end":{"line":0,"column":0},"skip":true}},"branchMap":{},"l":{"0":1,"2":1,"16":1,"17":1,"18":1,"22":1,"23":0,"30":0,"40":1}},
"/Users/terrencelam/Documents/Dev/debt_mgmt/debt_mgmt/src/server/models/loanStatus.js":{"path":"/Users/terrencelam/Documents/Dev/debt_mgmt/debt_mgmt/src/server/models/loanStatus.js","s":{"1":1,"2":1,"3":1,"4":1,"5":1},"b":{},"f":{"1":1},"fnMap":{"1":{"loc":{"start":{"line":1,"column":0},"end":{"line":1,"column":32}},"name":"(anonymous_1)","line":7}},"statementMap":{"1":{"start":{"line":0,"column":0},"end":{"line":0,"column":0},"skip":true},"2":{"start":{"line":0,"column":0},"end":{"line":0,"column":0},"skip":true},"3":{"end":{"line":2,"column":2},"start":{"line":2,"column":2}},"4":{"end":{"line":18,"column":2},"start":{"line":18,"column":2}},"5":{"start":{"line":0,"column":0},"end":{"line":0,"column":0},"skip":true}},"branchMap":{},"l":{"0":1,"2":1,"18":1}},
"/Users/terrencelam/Documents/Dev/debt_mgmt/debt_mgmt/src/server/models/loanType.js":{"path":"/Users/terrencelam/Documents/Dev/debt_mgmt/debt_mgmt/src/server/models/loanType.js","s":{"1":1,"2":1,"3":1,"4":1,"5":1},"b":{},"f":{"1":1},"fnMap":{"1":{"loc":{"start":{"line":1,"column":0},"end":{"line":1,"column":32}},"name":"(anonymous_1)","line":7}},"statementMap":{"1":{"start":{"line":0,"column":0},"end":{"line":0,"column":0},"skip":true},"2":{"start":{"line":0,"column":0},"end":{"line":0,"column":0},"skip":true},"3":{"end":{"line":2,"column":2},"start":{"line":2,"column":2}},"4":{"end":{"line":14,"column":2},"start":{"line":14,"column":2}},"5":{"start":{"line":0,"column":0},"end":{"line":0,"column":0},"skip":true}},"branchMap":{},"l":{"0":1,"2":1,"14":1}},
"/Users/terrencelam/Documents/Dev/debt_mgmt/debt_mgmt/src/server/models/note.js":{"path":"/Users/terrencelam/Documents/Dev/debt_mgmt/debt_mgmt/src/server/models/note.js","s":{"1":1,"2":1,"3":1,"4":1,"5":1,"6":1},"b":{},"f":{"1":1},"fnMap":{"1":{"loc":{"start":{"line":1,"column":0},"end":{"line":1,"column":32}},"name":"(anonymous_1)","line":7}},"statementMap":{"1":{"start":{"line":0,"column":0},"end":{"line":0,"column":0},"skip":true},"2":{"start":{"line":0,"column":0},"end":{"line":0,"column":0},"skip":true},"3":{"end":{"line":2,"column":2},"start":{"line":2,"column":2}},"4":{"end":{"line":10,"column":8},"start":{"line":10,"column":8}},"5":{"end":{"line":16,"column":2},"start":{"line":16,"column":2}},"6":{"start":{"line":0,"column":0},"end":{"line":0,"column":0},"skip":true}},"branchMap":{},"l":{"0":1,"2":1,"10":1,"16":1}},
"/Users/terrencelam/Documents/Dev/debt_mgmt/debt_mgmt/src/server/models/person.js":{"path":"/Users/terrencelam/Documents/Dev/debt_mgmt/debt_mgmt/src/server/models/person.js","s":{"1":1,"2":1,"3":1,"4":1,"5":1,"6":1,"7":1,"8":1,"9":1},"b":{},"f":{"1":1},"fnMap":{"1":{"loc":{"start":{"line":1,"column":0},"end":{"line":1,"column":32}},"name":"(anonymous_1)","line":7}},"statementMap":{"1":{"start":{"line":0,"column":0},"end":{"line":0,"column":0},"skip":true},"2":{"start":{"line":0,"column":0},"end":{"line":0,"column":0},"skip":true},"3":{"end":{"line":2,"column":2},"start":{"line":2,"column":2}},"4":{"end":{"line":19,"column":8},"start":{"line":19,"column":8}},"5":{"end":{"line":20,"column":8},"start":{"line":20,"column":8}},"6":{"end":{"line":25,"column":8},"start":{"line":25,"column":8}},"7":{"end":{"line":26,"column":8},"start":{"line":26,"column":8}},"8":{"end":{"line":32,"column":2},"start":{"line":32,"column":2}},"9":{"start":{"line":0,"column":0},"end":{"line":0,"column":0},"skip":true}},"branchMap":{},"l":{"0":1,"2":1,"19":1,"20":1,"25":1,"26":1,"32":1}},
"/Users/terrencelam/Documents/Dev/debt_mgmt/debt_mgmt/src/server/models/personAddress.js":{"path":"/Users/terrencelam/Documents/Dev/debt_mgmt/debt_mgmt/src/server/models/personAddress.js","s":{"1":1,"2":1,"3":1,"4":1,"5":1,"6":1,"7":1,"8":1,"9":1,"10":1,"11":1},"b":{},"f":{"1":1},"fnMap":{"1":{"loc":{"start":{"line":1,"column":0},"end":{"line":1,"column":32}},"name":"(anonymous_1)","line":7}},"statementMap":{"1":{"start":{"line":0,"column":0},"end":{"line":0,"column":0},"skip":true},"2":{"start":{"line":0,"column":0},"end":{"line":0,"column":0},"skip":true},"3":{"end":{"line":2,"column":2},"start":{"line":2,"column":2}},"4":{"end":{"line":15,"column":8},"start":{"line":15,"column":8}},"5":{"end":{"line":16,"column":8},"start":{"line":16,"column":8}},"6":{"end":{"line":17,"column":8},"start":{"line":17,"column":8}},"7":{"end":{"line":18,"column":8},"start":{"line":18,"column":8}},"8":{"end":{"line":19,"column":8},"start":{"line":19,"column":8}},"9":{"end":{"line":20,"column":8},"start":{"line":20,"column":8}},"10":{"end":{"line":26,"column":2},"start":{"line":26,"column":2}},"11":{"start":{"line":0,"column":0},"end":{"line":0,"column":0},"skip":true}},"branchMap":{},"l":{"0":1,"2":1,"15":1,"16":1,"17":1,"18":1,"19":1,"20":1,"26":1}},
"/Users/terrencelam/Documents/Dev/debt_mgmt/debt_mgmt/src/server/models/personContactNumber.js":{"path":"/Users/terrencelam/Documents/Dev/debt_mgmt/debt_mgmt/src/server/models/personContactNumber.js","s":{"1":1,"2":1,"3":1,"4":1,"5":1,"6":1,"7":1,"8":1,"9":1,"10":1},"b":{},"f":{"1":1},"fnMap":{"1":{"loc":{"start":{"line":1,"column":0},"end":{"line":1,"column":32}},"name":"(anonymous_1)","line":7}},"statementMap":{"1":{"start":{"line":0,"column":0},"end":{"line":0,"column":0},"skip":true},"2":{"start":{"line":0,"column":0},"end":{"line":0,"column":0},"skip":true},"3":{"end":{"line":2,"column":2},"start":{"line":2,"column":2}},"4":{"end":{"line":15,"column":8},"start":{"line":15,"column":8}},"5":{"end":{"line":16,"column":8},"start":{"line":16,"column":8}},"6":{"end":{"line":17,"column":8},"start":{"line":17,"column":8}},"7":{"end":{"line":18,"column":8},"start":{"line":18,"column":8}},"8":{"end":{"line":19,"column":8},"start":{"line":19,"column":8}},"9":{"end":{"line":25,"column":2},"start":{"line":25,"column":2}},"10":{"start":{"line":0,"column":0},"end":{"line":0,"column":0},"skip":true}},"branchMap":{},"l":{"0":1,"2":1,"15":1,"16":1,"17":1,"18":1,"19":1,"25":1}},
"/Users/terrencelam/Documents/Dev/debt_mgmt/debt_mgmt/src/server/models/placement.js":{"path":"/Users/terrencelam/Documents/Dev/debt_mgmt/debt_mgmt/src/server/models/placement.js","s":{"1":1,"2":1,"3":1,"4":1,"5":1,"6":1,"7":1},"b":{},"f":{"1":1},"fnMap":{"1":{"loc":{"start":{"line":1,"column":0},"end":{"line":1,"column":32}},"name":"(anonymous_1)","line":7}},"statementMap":{"1":{"start":{"line":0,"column":0},"end":{"line":0,"column":0},"skip":true},"2":{"start":{"line":0,"column":0},"end":{"line":0,"column":0},"skip":true},"3":{"end":{"line":2,"column":2},"start":{"line":2,"column":2}},"4":{"end":{"line":23,"column":8},"start":{"line":23,"column":8}},"5":{"end":{"line":24,"column":8},"start":{"line":24,"column":8}},"6":{"end":{"line":30,"column":2},"start":{"line":30,"column":2}},"7":{"start":{"line":0,"column":0},"end":{"line":0,"column":0},"skip":true}},"branchMap":{},"l":{"0":1,"2":1,"23":1,"24":1,"30":1}},
"/Users/terrencelam/Documents/Dev/debt_mgmt/debt_mgmt/src/server/models/placementStatus.js":{"path":"/Users/terrencelam/Documents/Dev/debt_mgmt/debt_mgmt/src/server/models/placementStatus.js","s":{"1":1,"2":1,"3":1,"4":1,"5":1},"b":{},"f":{"1":1},"fnMap":{"1":{"loc":{"start":{"line":1,"column":0},"end":{"line":1,"column":32}},"name":"(anonymous_1)","line":7}},"statementMap":{"1":{"start":{"line":0,"column":0},"end":{"line":0,"column":0},"skip":true},"2":{"start":{"line":0,"column":0},"end":{"line":0,"column":0},"skip":true},"3":{"end":{"line":2,"column":2},"start":{"line":2,"column":2}},"4":{"end":{"line":14,"column":2},"start":{"line":14,"column":2}},"5":{"start":{"line":0,"column":0},"end":{"line":0,"column":0},"skip":true}},"branchMap":{},"l":{"0":1,"2":1,"14":1}},
"/Users/terrencelam/Documents/Dev/debt_mgmt/debt_mgmt/src/server/models/portfolio.js":{"path":"/Users/terrencelam/Documents/Dev/debt_mgmt/debt_mgmt/src/server/models/portfolio.js","s":{"1":1,"2":1,"3":1,"4":1,"5":1,"6":1,"7":1},"b":{},"f":{"1":1},"fnMap":{"1":{"loc":{"start":{"line":1,"column":0},"end":{"line":1,"column":32}},"name":"(anonymous_1)","line":7}},"statementMap":{"1":{"start":{"line":0,"column":0},"end":{"line":0,"column":0},"skip":true},"2":{"start":{"line":0,"column":0},"end":{"line":0,"column":0},"skip":true},"3":{"end":{"line":2,"column":2},"start":{"line":2,"column":2}},"4":{"end":{"line":19,"column":8},"start":{"line":19,"column":8}},"5":{"end":{"line":20,"column":8},"start":{"line":20,"column":8}},"6":{"end":{"line":26,"column":2},"start":{"line":26,"column":2}},"7":{"start":{"line":0,"column":0},"end":{"line":0,"column":0},"skip":true}},"branchMap":{},"l":{"0":1,"2":1,"19":1,"20":1,"26":1}},
"/Users/terrencelam/Documents/Dev/debt_mgmt/debt_mgmt/src/server/models/province.js":{"path":"/Users/terrencelam/Documents/Dev/debt_mgmt/debt_mgmt/src/server/models/province.js","s":{"1":1,"2":1,"3":1,"4":1,"5":1,"6":1,"7":1},"b":{},"f":{"1":1},"fnMap":{"1":{"loc":{"start":{"line":1,"column":0},"end":{"line":1,"column":32}},"name":"(anonymous_1)","line":7}},"statementMap":{"1":{"start":{"line":0,"column":0},"end":{"line":0,"column":0},"skip":true},"2":{"start":{"line":0,"column":0},"end":{"line":0,"column":0},"skip":true},"3":{"end":{"line":2,"column":2},"start":{"line":2,"column":2}},"4":{"end":{"line":9,"column":8},"start":{"line":9,"column":8}},"5":{"end":{"line":10,"column":8},"start":{"line":10,"column":8}},"6":{"end":{"line":18,"column":2},"start":{"line":18,"column":2}},"7":{"start":{"line":0,"column":0},"end":{"line":0,"column":0},"skip":true}},"branchMap":{},"l":{"0":1,"2":1,"9":1,"10":1,"18":1}},
"/Users/terrencelam/Documents/Dev/debt_mgmt/debt_mgmt/src/server/models/relationship.js":{"path":"/Users/terrencelam/Documents/Dev/debt_mgmt/debt_mgmt/src/server/models/relationship.js","s":{"1":1,"2":1,"3":1,"4":1,"5":1},"b":{},"f":{"1":1},"fnMap":{"1":{"loc":{"start":{"line":1,"column":0},"end":{"line":1,"column":32}},"name":"(anonymous_1)","line":7}},"statementMap":{"1":{"start":{"line":0,"column":0},"end":{"line":0,"column":0},"skip":true},"2":{"start":{"line":0,"column":0},"end":{"line":0,"column":0},"skip":true},"3":{"end":{"line":2,"column":2},"start":{"line":2,"column":2}},"4":{"end":{"line":13,"column":2},"start":{"line":13,"column":2}},"5":{"start":{"line":0,"column":0},"end":{"line":0,"column":0},"skip":true}},"branchMap":{},"l":{"0":1,"2":1,"13":1}},
"/Users/terrencelam/Documents/Dev/debt_mgmt/debt_mgmt/src/server/models/repayment.js":{"path":"/Users/terrencelam/Documents/Dev/debt_mgmt/debt_mgmt/src/server/models/repayment.js","s":{"1":1,"2":1,"3":1,"4":1,"5":1,"6":0,"7":0,"8":1,"9":1},"b":{},"f":{"1":1},"fnMap":{"1":{"loc":{"start":{"line":1,"column":0},"end":{"line":1,"column":32}},"name":"(anonymous_1)","line":7}},"statementMap":{"1":{"start":{"line":0,"column":0},"end":{"line":0,"column":0},"skip":true},"2":{"start":{"line":0,"column":0},"end":{"line":0,"column":0},"skip":true},"3":{"end":{"line":2,"column":2},"start":{"line":2,"column":2}},"4":{"end":{"line":36,"column":8},"start":{"line":36,"column":8}},"5":{"end":{"line":40,"column":8},"start":{"line":40,"column":8}},"6":{"end":{"line":40,"column":8},"start":{"line":41,"column":10}},"7":{"end":{"line":41,"column":10},"start":{"line":48,"column":12}},"8":{"end":{"line":58,"column":2},"start":{"line":58,"column":2}},"9":{"start":{"line":0,"column":0},"end":{"line":0,"column":0},"skip":true}},"branchMap":{},"l":{"0":1,"2":1,"36":1,"40":1,"41":0,"48":0,"58":1}},
"/Users/terrencelam/Documents/Dev/debt_mgmt/debt_mgmt/src/server/models/repaymentPlan.js":{"path":"/Users/terrencelam/Documents/Dev/debt_mgmt/debt_mgmt/src/server/models/repaymentPlan.js","s":{"1":1,"2":1,"3":1,"4":1,"5":1,"6":1,"7":1,"8":1,"9":0,"10":0,"11":1,"12":1},"b":{},"f":{"1":1},"fnMap":{"1":{"loc":{"start":{"line":1,"column":0},"end":{"line":1,"column":32}},"name":"(anonymous_1)","line":7}},"statementMap":{"1":{"start":{"line":0,"column":0},"end":{"line":0,"column":0},"skip":true},"2":{"start":{"line":0,"column":0},"end":{"line":0,"column":0},"skip":true},"3":{"end":{"line":2,"column":2},"start":{"line":2,"column":2}},"4":{"end":{"line":37,"column":8},"start":{"line":37,"column":8}},"5":{"end":{"line":38,"column":8},"start":{"line":38,"column":8}},"6":{"end":{"line":39,"column":8},"start":{"line":39,"column":8}},"7":{"end":{"line":40,"column":8},"start":{"line":40,"column":8}},"8":{"end":{"line":44,"column":8},"start":{"line":44,"column":8}},"9":{"end":{"line":44,"column":8},"start":{"line":45,"column":10}},"10":{"end":{"line":45,"column":10},"start":{"line":52,"column":12}},"11":{"end":{"line":62,"column":2},"start":{"line":62,"column":2}},"12":{"start":{"line":0,"column":0},"end":{"line":0,"column":0},"skip":true}},"branchMap":{},"l":{"0":1,"2":1,"37":1,"38":1,"39":1,"40":1,"44":1,"45":0,"52":0,"62":1}},
"/Users/terrencelam/Documents/Dev/debt_mgmt/debt_mgmt/src/server/models/repaymentPlanStatus.js":{"path":"/Users/terrencelam/Documents/Dev/debt_mgmt/debt_mgmt/src/server/models/repaymentPlanStatus.js","s":{"1":1,"2":1,"3":1,"4":1,"5":1},"b":{},"f":{"1":1},"fnMap":{"1":{"loc":{"start":{"line":1,"column":0},"end":{"line":1,"column":32}},"name":"(anonymous_1)","line":7}},"statementMap":{"1":{"start":{"line":0,"column":0},"end":{"line":0,"column":0},"skip":true},"2":{"start":{"line":0,"column":0},"end":{"line":0,"column":0},"skip":true},"3":{"end":{"line":2,"column":2},"start":{"line":2,"column":2}},"4":{"end":{"line":14,"column":2},"start":{"line":14,"column":2}},"5":{"start":{"line":0,"column":0},"end":{"line":0,"column":0},"skip":true}},"branchMap":{},"l":{"0":1,"2":1,"14":1}},
"/Users/terrencelam/Documents/Dev/debt_mgmt/debt_mgmt/src/server/models/repaymentStatus.js":{"path":"/Users/terrencelam/Documents/Dev/debt_mgmt/debt_mgmt/src/server/models/repaymentStatus.js","s":{"1":1,"2":1,"3":1,"4":1,"5":1},"b":{},"f":{"1":1},"fnMap":{"1":{"loc":{"start":{"line":1,"column":0},"end":{"line":1,"column":32}},"name":"(anonymous_1)","line":7}},"statementMap":{"1":{"start":{"line":0,"column":0},"end":{"line":0,"column":0},"skip":true},"2":{"start":{"line":0,"column":0},"end":{"line":0,"column":0},"skip":true},"3":{"end":{"line":2,"column":2},"start":{"line":2,"column":2}},"4":{"end":{"line":14,"column":2},"start":{"line":14,"column":2}},"5":{"start":{"line":0,"column":0},"end":{"line":0,"column":0},"skip":true}},"branchMap":{},"l":{"0":1,"2":1,"14":1}},
"/Users/terrencelam/Documents/Dev/debt_mgmt/debt_mgmt/src/server/models/role.js":{"path":"/Users/terrencelam/Documents/Dev/debt_mgmt/debt_mgmt/src/server/models/role.js","s":{"1":1,"2":1,"3":1,"4":1,"5":1,"6":1},"b":{},"f":{"1":1},"fnMap":{"1":{"loc":{"start":{"line":1,"column":0},"end":{"line":1,"column":32}},"name":"(anonymous_1)","line":7}},"statementMap":{"1":{"start":{"line":0,"column":0},"end":{"line":0,"column":0},"skip":true},"2":{"start":{"line":0,"column":0},"end":{"line":0,"column":0},"skip":true},"3":{"end":{"line":2,"column":2},"start":{"line":2,"column":2}},"4":{"end":{"line":14,"column":8},"start":{"line":14,"column":8}},"5":{"end":{"line":22,"column":2},"start":{"line":22,"column":2}},"6":{"start":{"line":0,"column":0},"end":{"line":0,"column":0},"skip":true}},"branchMap":{},"l":{"0":1,"2":1,"14":1,"22":1}},
"/Users/terrencelam/Documents/Dev/debt_mgmt/debt_mgmt/src/server/models/source.js":{"path":"/Users/terrencelam/Documents/Dev/debt_mgmt/debt_mgmt/src/server/models/source.js","s":{"1":1,"2":1,"3":1,"4":1,"5":1},"b":{},"f":{"1":1},"fnMap":{"1":{"loc":{"start":{"line":1,"column":0},"end":{"line":1,"column":32}},"name":"(anonymous_1)","line":7}},"statementMap":{"1":{"start":{"line":0,"column":0},"end":{"line":0,"column":0},"skip":true},"2":{"start":{"line":0,"column":0},"end":{"line":0,"column":0},"skip":true},"3":{"end":{"line":2,"column":2},"start":{"line":2,"column":2}},"4":{"end":{"line":14,"column":2},"start":{"line":14,"column":2}},"5":{"start":{"line":0,"column":0},"end":{"line":0,"column":0},"skip":true}},"branchMap":{},"l":{"0":1,"2":1,"14":1}},
"/Users/terrencelam/Documents/Dev/debt_mgmt/debt_mgmt/src/server/models/user.js":{"path":"/Users/terrencelam/Documents/Dev/debt_mgmt/debt_mgmt/src/server/models/user.js","s":{"1":1,"2":1,"3":1,"4":1,"5":1,"6":1},"b":{},"f":{"1":1},"fnMap":{"1":{"loc":{"start":{"line":1,"column":0},"end":{"line":1,"column":32}},"name":"(anonymous_1)","line":7}},"statementMap":{"1":{"start":{"line":0,"column":0},"end":{"line":0,"column":0},"skip":true},"2":{"start":{"line":0,"column":0},"end":{"line":0,"column":0},"skip":true},"3":{"end":{"line":2,"column":2},"start":{"line":2,"column":2}},"4":{"end":{"line":40,"column":8},"start":{"line":40,"column":8}},"5":{"end":{"line":48,"column":2},"start":{"line":48,"column":2}},"6":{"start":{"line":0,"column":0},"end":{"line":0,"column":0},"skip":true}},"branchMap":{},"l":{"0":1,"2":1,"40":1,"48":1}},
"/Users/terrencelam/Documents/Dev/debt_mgmt/debt_mgmt/src/server/models/userRole.js":{"path":"/Users/terrencelam/Documents/Dev/debt_mgmt/debt_mgmt/src/server/models/userRole.js","s":{"1":1,"2":1,"3":1,"4":1,"5":1},"b":{},"f":{"1":1},"fnMap":{"1":{"loc":{"start":{"line":1,"column":0},"end":{"line":1,"column":32}},"name":"(anonymous_1)","line":7}},"statementMap":{"1":{"start":{"line":0,"column":0},"end":{"line":0,"column":0},"skip":true},"2":{"start":{"line":0,"column":0},"end":{"line":0,"column":0},"skip":true},"3":{"end":{"line":2,"column":2},"start":{"line":2,"column":2}},"4":{"end":{"line":11,"column":2},"start":{"line":11,"column":2}},"5":{"start":{"line":0,"column":0},"end":{"line":0,"column":0},"skip":true}},"branchMap":{},"l":{"0":1,"2":1,"11":1}}}
