TN:
SF:/Users/terrencelam/Documents/Dev/debt_mgmt/debt_mgmt/src/common/debtors/actions.js
FN:61,fetchDebtors
FN:61,(anonymous_2)
FN:61,(anonymous_3)
FN:61,searchDebtors
FN:61,(anonymous_5)
FN:61,getPromise
FN:61,getPromise$
FN:61,fetchDebtor
FN:63,(anonymous_9)
FN:64,getPromise
FN:66,getPromise$
FNF:11
FNH:2
FNDA:1,fetchDebtors
FNDA:1,(anonymous_2)
FNDA:0,(anonymous_3)
FNDA:0,searchDebtors
FNDA:0,(anonymous_5)
FNDA:0,getPromise
FNDA:0,getPromise$
FNDA:0,fetchDebtor
FNDA:0,(anonymous_9)
FNDA:0,getPromise
FNDA:0,getPromise$
DA:0,1
DA:1,1
DA:3,1
DA:4,1
DA:5,1
DA:6,1
DA:7,1
DA:8,1
DA:9,1
DA:10,1
DA:11,1
DA:13,1
DA:16,1
DA:17,1
DA:18,1
DA:26,0
DA:31,1
DA:32,0
DA:33,0
DA:34,1
DA:36,0
DA:51,0
DA:61,1
DA:62,0
DA:63,0
DA:64,1
DA:66,0
DA:80,0
LF:28
LH:19
BRDA:61,1,0,1
BRDA:61,1,1,0
BRDA:61,2,0,1
BRDA:61,2,1,0
BRDA:61,3,0,0
BRDA:61,3,1,0
BRDA:61,4,0,0
BRDA:61,4,1,0
BRDA:61,5,0,0
BRDA:61,5,1,0
BRDA:61,5,2,0
BRDA:61,5,3,0
BRDA:61,5,4,0
BRDA:61,5,5,0
BRDA:61,6,0,0
BRDA:61,6,1,0
BRDA:61,7,0,0
BRDA:61,7,1,0
BRDA:61,8,0,0
BRDA:61,8,1,0
BRDA:66,9,0,0
BRDA:66,9,1,0
BRDA:66,9,2,0
BRDA:66,9,3,0
BRDA:66,9,4,0
BRDA:66,9,5,0
BRDA:71,10,0,0
BRDA:71,10,1,0
BRF:28
BRH:2
end_of_record
TN:
SF:/Users/terrencelam/Documents/Dev/debt_mgmt/debt_mgmt/src/common/lib/error/error.js
FN:3,_interopRequireDefault
FN:3,translateHttpError
FNF:2
FNH:1
FNDA:1,_interopRequireDefault
FNDA:0,translateHttpError
DA:0,1
DA:3,1
DA:4,0
DA:6,0
DA:8,0
LF:5
LH:2
BRDA:3,1,0,1
BRDA:3,1,1,0
BRDA:3,2,0,1
BRDA:3,2,1,1
BRDA:4,3,0,0
BRDA:4,3,1,0
BRF:6
BRH:4
end_of_record
TN:
SF:/Users/terrencelam/Documents/Dev/debt_mgmt/debt_mgmt/src/common/lib/error/AuthorizationError.js
FN:1,_classCallCheck
FN:1,_possibleConstructorReturn
FN:1,_inherits
FN:3,(anonymous_4)
FN:5,AuthorizationError
FNF:5
FNH:4
FNDA:0,_classCallCheck
FNDA:0,_possibleConstructorReturn
FNDA:1,_inherits
FNDA:1,(anonymous_4)
FNDA:0,AuthorizationError
DA:0,1
DA:5,0
DA:7,0
DA:8,0
LF:4
LH:1
BRDA:1,1,0,0
BRDA:1,1,1,0
BRDA:1,2,0,0
BRDA:1,2,1,0
BRDA:1,3,0,0
BRDA:1,3,1,0
BRDA:1,4,0,0
BRDA:1,4,1,0
BRDA:1,4,2,0
BRDA:1,5,0,0
BRDA:1,5,1,1
BRDA:1,6,0,1
BRDA:1,6,1,0
BRDA:1,7,0,1
BRDA:1,7,1,1
BRDA:1,8,0,1
BRDA:1,8,1,0
BRDA:1,9,0,1
BRDA:1,9,1,0
BRDA:5,10,0,0
BRDA:5,10,1,0
BRDA:5,11,0,0
BRDA:5,11,1,0
BRF:23
BRH:19
end_of_record
TN:
SF:/Users/terrencelam/Documents/Dev/debt_mgmt/debt_mgmt/src/server/lib/Boarding.js
FN:33,_interopRequireDefault
FN:37,getFieldNames
FN:41,getGender
FN:49,getIdInfo
FN:84,getCell
FN:93,getRows
FN:103,getColIndexes
FN:112,checkColumnNames
FN:127,checkRequiredFields
FN:145,checkIfPortfolioExists
FN:170,validateBoarding
FN:179,savePersonInfo
FN:281,saveLoan
FN:365,savePersonAddresses
FN:459,savePersonContacts
FN:546,boarding
FNF:16
FNH:15
FNDA:5,_interopRequireDefault
FNDA:6,getFieldNames
FNDA:10,getGender
FNDA:18,getIdInfo
FNDA:3,getCell
FNDA:1,getRows
FNDA:2,getColIndexes
FNDA:3,checkColumnNames
FNDA:2,checkRequiredFields
FNDA:1,checkIfPortfolioExists
FNDA:4,validateBoarding
FNDA:1,savePersonInfo
FNDA:1,saveLoan
FNDA:1,savePersonAddresses
FNDA:1,savePersonContacts
FNDA:0,boarding
DA:0,5
DA:1,1
DA:2,1
DA:3,1
DA:4,1
DA:5,1
DA:6,1
DA:10,1
DA:11,6
DA:12,221
DA:16,1
DA:17,10
DA:18,10
DA:19,8
DA:21,2
DA:24,1
DA:25,18
DA:26,2
DA:28,16
DA:29,16
DA:30,2
DA:32,14
DA:33,14
DA:34,14
DA:35,14
DA:36,14
DA:37,14
DA:38,14
DA:39,7
DA:40,7
DA:41,7
DA:42,4
DA:46,4
DA:48,7
DA:49,7
DA:50,7
DA:51,7
DA:52,6
DA:56,6
DA:59,14
DA:65,3
DA:66,3
DA:67,3
DA:70,1
DA:71,1
DA:73,1
DA:74,1
DA:75,5
DA:77,1
DA:81,2
DA:82,2
DA:83,3
DA:84,3
DA:88,3
DA:89,3
DA:90,3
DA:91,217
DA:92,217
DA:93,1
DA:98,2
DA:101,2
DA:102,2
DA:103,2
DA:104,121
DA:105,10
DA:106,57
DA:109,1
DA:116,1
DA:119,1
DA:120,1
DA:122,1
DA:126,1
DA:127,5
DA:131,5
DA:132,0
DA:137,1
DA:144,4
DA:145,4
DA:146,1
DA:148,3
DA:152,1
DA:160,1
DA:161,1
DA:167,1
DA:182,1
DA:183,1
DA:184,1
DA:191,1
DA:194,1
DA:208,1
DA:209,1
DA:210,1
DA:216,1
DA:220,1
DA:222,1
DA:225,0
DA:227,0
DA:231,1
DA:235,1
DA:243,1
DA:247,1
DA:250,0
DA:255,1
DA:285,1
DA:286,1
DA:319,1
DA:325,1
DA:343,1
DA:344,1
DA:345,0
DA:350,1
DA:356,1
DA:357,2
DA:365,2
DA:372,2
DA:377,2
DA:393,2
DA:403,2
DA:408,2
DA:409,1
DA:417,1
DA:418,1
DA:419,0
DA:423,1
DA:425,1
DA:430,1
DA:450,1
DA:451,1
DA:452,0
DA:457,1
DA:463,1
DA:464,2
DA:473,2
DA:474,2
DA:475,2
DA:481,2
DA:486,0
DA:488,2
DA:493,2
DA:496,2
DA:500,2
DA:506,2
DA:511,2
DA:517,2
DA:522,2
DA:523,1
DA:528,1
DA:529,1
DA:530,0
DA:534,1
DA:536,1
DA:541,1
DA:549,1
DA:550,0
DA:551,0
DA:553,0
DA:556,0
DA:557,0
DA:558,0
DA:563,0
DA:564,0
DA:565,0
DA:566,0
DA:571,1
DA:573,1
DA:574,1
DA:575,1
DA:576,1
DA:577,1
DA:578,1
DA:579,1
DA:580,1
DA:581,1
DA:582,1
DA:583,1
DA:584,1
LF:176
LH:157
BRDA:33,1,0,2
BRDA:33,1,1,3
BRDA:33,2,0,5
BRDA:33,2,1,5
BRDA:43,3,0,8
BRDA:43,3,1,2
BRDA:50,4,0,2
BRDA:50,4,1,16
BRDA:54,5,0,2
BRDA:54,5,1,14
BRDA:63,6,0,7
BRDA:63,6,1,7
BRDA:66,7,0,4
BRDA:66,7,1,3
BRDA:70,8,0,7
BRDA:70,8,1,0
BRDA:73,9,0,6
BRDA:73,9,1,1
BRDA:90,10,0,2
BRDA:90,10,1,1
BRDA:104,11,0,0
BRDA:104,11,1,2
BRDA:104,12,0,2
BRDA:104,12,1,2
BRDA:113,13,0,0
BRDA:113,13,1,3
BRDA:113,14,0,3
BRDA:113,14,1,3
BRDA:118,15,0,1
BRDA:118,15,1,216
BRDA:128,16,0,0
BRDA:128,16,1,2
BRDA:128,17,0,2
BRDA:128,17,1,2
BRDA:132,18,0,10
BRDA:132,18,1,111
BRDA:134,19,0,1
BRDA:134,19,1,56
BRDA:134,20,0,57
BRDA:134,20,1,56
BRDA:157,21,0,0
BRDA:157,21,1,5
BRDA:171,22,0,2
BRDA:171,22,1,2
BRDA:171,23,0,4
BRDA:171,23,1,2
BRDA:173,24,0,1
BRDA:173,24,1,3
BRDA:173,25,0,4
BRDA:173,25,1,1
BRDA:176,26,0,3
BRDA:176,26,1,2
BRDA:214,27,0,1
BRDA:214,27,1,0
BRDA:243,28,0,1
BRDA:243,28,1,0
BRDA:366,29,0,0
BRDA:366,29,1,1
BRDA:366,30,0,1
BRDA:366,30,1,1
BRDA:419,31,0,1
BRDA:419,31,1,1
BRDA:434,32,0,0
BRDA:434,32,1,1
BRDA:460,33,0,0
BRDA:460,33,1,1
BRDA:460,34,0,1
BRDA:460,34,1,1
BRDA:486,35,0,2
BRDA:486,35,1,0
BRDA:520,36,0,1
BRDA:520,36,1,1
BRDA:532,37,0,0
BRDA:532,37,1,1
BRDA:547,38,0,0
BRDA:547,38,1,0
BRDA:547,39,0,0
BRDA:547,39,1,0
BRDA:549,40,0,0
BRDA:549,40,1,0
BRF:80
BRH:62
end_of_record
TN:
SF:/Users/terrencelam/Documents/Dev/debt_mgmt/debt_mgmt/src/server/lib/BoardingValidationError.js
FN:13,_interopRequireDefault
FN:17,(anonymous_2)
FNF:2
FNH:2
FNDA:1,_interopRequireDefault
FNDA:3,(anonymous_2)
DA:0,1
DA:1,1
DA:5,3
DA:6,3
DA:7,3
DA:8,3
LF:6
LH:6
BRDA:13,1,0,1
BRDA:13,1,1,0
BRDA:13,2,0,1
BRDA:13,2,1,1
BRDA:18,3,0,1
BRDA:18,3,1,2
BRDA:18,4,0,3
BRDA:18,4,1,2
BRF:8
BRH:8
end_of_record
TN:
SF:/Users/terrencelam/Documents/Dev/debt_mgmt/debt_mgmt/src/server/models/index.js
FN:31,_interopRequireDefault
FNF:1
FNH:1
FNDA:6,_interopRequireDefault
DA:0,6
DA:1,1
DA:2,1
DA:3,1
DA:4,1
DA:5,1
DA:7,1
DA:8,1
DA:10,1
DA:11,1
DA:13,1
DA:15,1
DA:16,37
DA:18,36
DA:19,36
DA:22,1
DA:23,36
DA:24,22
DA:26,36
DA:27,36
DA:31,1
DA:32,1
LF:22
LH:22
BRDA:31,1,0,1
BRDA:31,1,1,5
BRDA:31,2,0,6
BRDA:31,2,1,6
BRDA:33,3,0,1
BRDA:33,3,1,1
BRDA:41,4,0,37
BRDA:41,4,1,37
BRDA:47,5,0,22
BRDA:47,5,1,14
BRDA:50,6,0,36
BRDA:50,6,1,0
BRF:12
BRH:11
end_of_record
TN:
SF:/Users/terrencelam/Documents/Dev/debt_mgmt/debt_mgmt/src/server/config.js
FN:11,_interopRequireDefault
FNF:1
FNH:1
FNDA:1,_interopRequireDefault
DA:0,1
DA:4,1
DA:7,1
DA:11,1
DA:14,1
DA:18,1
LF:6
LH:6
BRDA:11,1,0,0
BRDA:11,1,1,1
BRDA:11,2,0,1
BRDA:11,2,1,1
BRDA:35,3,0,1
BRDA:35,3,1,1
BRF:6
BRH:6
end_of_record
TN:
SF:/Users/terrencelam/Documents/Dev/debt_mgmt/debt_mgmt/src/server/lib/logger.js
FN:19,_interopRequireDefault
FNF:1
FNH:1
FNDA:3,_interopRequireDefault
DA:0,3
DA:1,1
DA:2,1
DA:3,1
DA:7,1
DA:9,1
DA:19,1
LF:7
LH:7
BRDA:19,1,0,0
BRDA:19,1,1,3
BRDA:19,2,0,3
BRDA:19,2,1,3
BRF:4
BRH:4
end_of_record
TN:
SF:/Users/terrencelam/Documents/Dev/debt_mgmt/debt_mgmt/src/server/models/address.js
FN:7,(anonymous_1)
FNF:1
FNH:1
FNDA:1,(anonymous_1)
DA:0,1
DA:2,1
DA:12,1
DA:13,1
DA:19,1
LF:5
LH:5
BRF:0
BRH:0
end_of_record
TN:
SF:/Users/terrencelam/Documents/Dev/debt_mgmt/debt_mgmt/src/server/models/addressType.js
FN:7,(anonymous_1)
FNF:1
FNH:1
FNDA:1,(anonymous_1)
DA:0,1
DA:2,1
DA:13,1
LF:3
LH:3
BRF:0
BRH:0
end_of_record
TN:
SF:/Users/terrencelam/Documents/Dev/debt_mgmt/debt_mgmt/src/server/models/agency.js
FN:7,(anonymous_1)
FNF:1
FNH:1
FNDA:1,(anonymous_1)
DA:0,1
DA:2,1
DA:16,1
DA:22,1
LF:4
LH:4
BRF:0
BRH:0
end_of_record
TN:
SF:/Users/terrencelam/Documents/Dev/debt_mgmt/debt_mgmt/src/server/models/city.js
FN:7,(anonymous_1)
FNF:1
FNH:1
FNDA:1,(anonymous_1)
DA:0,1
DA:2,1
DA:9,1
DA:12,1
DA:20,1
LF:5
LH:5
BRF:0
BRH:0
end_of_record
TN:
SF:/Users/terrencelam/Documents/Dev/debt_mgmt/debt_mgmt/src/server/models/cityCounty.js
FN:7,(anonymous_1)
FNF:1
FNH:1
FNDA:1,(anonymous_1)
DA:0,1
DA:2,1
DA:12,1
LF:3
LH:3
BRF:0
BRH:0
end_of_record
TN:
SF:/Users/terrencelam/Documents/Dev/debt_mgmt/debt_mgmt/src/server/models/company.js
FN:7,(anonymous_1)
FNF:1
FNH:1
FNDA:1,(anonymous_1)
DA:0,1
DA:2,1
DA:16,1
DA:22,1
LF:4
LH:4
BRF:0
BRH:0
end_of_record
TN:
SF:/Users/terrencelam/Documents/Dev/debt_mgmt/debt_mgmt/src/server/models/companyType.js
FN:7,(anonymous_1)
FNF:1
FNH:1
FNDA:1,(anonymous_1)
DA:0,1
DA:2,1
DA:19,1
LF:3
LH:3
BRF:0
BRH:0
end_of_record
TN:
SF:/Users/terrencelam/Documents/Dev/debt_mgmt/debt_mgmt/src/server/models/contactNumber.js
FN:7,(anonymous_1)
FNF:1
FNH:1
FNDA:1,(anonymous_1)
DA:0,1
DA:2,1
DA:18,1
DA:19,1
DA:25,1
LF:5
LH:5
BRF:0
BRH:0
end_of_record
TN:
SF:/Users/terrencelam/Documents/Dev/debt_mgmt/debt_mgmt/src/server/models/contactNumberType.js
FN:7,(anonymous_1)
FNF:1
FNH:1
FNDA:1,(anonymous_1)
DA:0,1
DA:2,1
DA:14,1
LF:3
LH:3
BRF:0
BRH:0
end_of_record
TN:
SF:/Users/terrencelam/Documents/Dev/debt_mgmt/debt_mgmt/src/server/models/country.js
FN:7,(anonymous_1)
FNF:1
FNH:1
FNDA:1,(anonymous_1)
DA:0,1
DA:2,1
DA:9,1
DA:10,1
DA:16,1
LF:5
LH:5
BRF:0
BRH:0
end_of_record
TN:
SF:/Users/terrencelam/Documents/Dev/debt_mgmt/debt_mgmt/src/server/models/county.js
FN:7,(anonymous_1)
FNF:1
FNH:1
FNDA:1,(anonymous_1)
DA:0,1
DA:2,1
DA:9,1
DA:17,1
LF:4
LH:4
BRF:0
BRH:0
end_of_record
TN:
SF:/Users/terrencelam/Documents/Dev/debt_mgmt/debt_mgmt/src/server/models/debtorLoan.js
FN:7,(anonymous_1)
FNF:1
FNH:1
FNDA:1,(anonymous_1)
DA:0,1
DA:2,1
DA:16,1
LF:3
LH:3
BRF:0
BRH:0
end_of_record
TN:
SF:/Users/terrencelam/Documents/Dev/debt_mgmt/debt_mgmt/src/server/models/employer.js
FN:7,(anonymous_1)
FNF:1
FNH:1
FNDA:1,(anonymous_1)
DA:0,1
DA:2,1
DA:9,1
DA:10,1
DA:16,1
LF:5
LH:5
BRF:0
BRH:0
end_of_record
TN:
SF:/Users/terrencelam/Documents/Dev/debt_mgmt/debt_mgmt/src/server/models/identity.js
FN:7,(anonymous_1)
FNF:1
FNH:1
FNDA:1,(anonymous_1)
DA:0,1
DA:2,1
DA:18,1
DA:19,1
DA:20,1
DA:21,1
DA:27,1
LF:7
LH:7
BRF:0
BRH:0
end_of_record
TN:
SF:/Users/terrencelam/Documents/Dev/debt_mgmt/debt_mgmt/src/server/models/identityType.js
FN:7,(anonymous_1)
FNF:1
FNH:1
FNDA:1,(anonymous_1)
DA:0,1
DA:2,1
DA:19,1
LF:3
LH:3
BRF:0
BRH:0
end_of_record
TN:
SF:/Users/terrencelam/Documents/Dev/debt_mgmt/debt_mgmt/src/server/models/loan.js
FN:7,(anonymous_1)
FNF:1
FNH:1
FNDA:1,(anonymous_1)
DA:0,1
DA:2,1
DA:117,1
DA:118,1
DA:119,1
DA:120,1
DA:125,1
DA:129,1
DA:130,1
DA:135,1
DA:146,1
LF:11
LH:11
BRF:0
BRH:0
end_of_record
TN:
SF:/Users/terrencelam/Documents/Dev/debt_mgmt/debt_mgmt/src/server/models/loanPlacement.js
FN:7,(anonymous_1)
FNF:1
FNH:1
FNDA:1,(anonymous_1)
DA:0,1
DA:2,1
DA:16,1
DA:17,1
DA:18,1
DA:22,1
DA:23,0
DA:30,0
DA:40,1
LF:9
LH:7
BRF:0
BRH:0
end_of_record
TN:
SF:/Users/terrencelam/Documents/Dev/debt_mgmt/debt_mgmt/src/server/models/loanStatus.js
FN:7,(anonymous_1)
FNF:1
FNH:1
FNDA:1,(anonymous_1)
DA:0,1
DA:2,1
DA:18,1
LF:3
LH:3
BRF:0
BRH:0
end_of_record
TN:
SF:/Users/terrencelam/Documents/Dev/debt_mgmt/debt_mgmt/src/server/models/loanType.js
FN:7,(anonymous_1)
FNF:1
FNH:1
FNDA:1,(anonymous_1)
DA:0,1
DA:2,1
DA:14,1
LF:3
LH:3
BRF:0
BRH:0
end_of_record
TN:
SF:/Users/terrencelam/Documents/Dev/debt_mgmt/debt_mgmt/src/server/models/note.js
FN:7,(anonymous_1)
FNF:1
FNH:1
FNDA:1,(anonymous_1)
DA:0,1
DA:2,1
DA:10,1
DA:16,1
LF:4
LH:4
BRF:0
BRH:0
end_of_record
TN:
SF:/Users/terrencelam/Documents/Dev/debt_mgmt/debt_mgmt/src/server/models/person.js
FN:7,(anonymous_1)
FNF:1
FNH:1
FNDA:1,(anonymous_1)
DA:0,1
DA:2,1
DA:19,1
DA:20,1
DA:25,1
DA:26,1
DA:32,1
LF:7
LH:7
BRF:0
BRH:0
end_of_record
TN:
SF:/Users/terrencelam/Documents/Dev/debt_mgmt/debt_mgmt/src/server/models/personAddress.js
FN:7,(anonymous_1)
FNF:1
FNH:1
FNDA:1,(anonymous_1)
DA:0,1
DA:2,1
DA:15,1
DA:16,1
DA:17,1
DA:18,1
DA:19,1
DA:20,1
DA:26,1
LF:9
LH:9
BRF:0
BRH:0
end_of_record
TN:
SF:/Users/terrencelam/Documents/Dev/debt_mgmt/debt_mgmt/src/server/models/personContactNumber.js
FN:7,(anonymous_1)
FNF:1
FNH:1
FNDA:1,(anonymous_1)
DA:0,1
DA:2,1
DA:15,1
DA:16,1
DA:17,1
DA:18,1
DA:19,1
DA:25,1
LF:8
LH:8
BRF:0
BRH:0
end_of_record
TN:
SF:/Users/terrencelam/Documents/Dev/debt_mgmt/debt_mgmt/src/server/models/placement.js
FN:7,(anonymous_1)
FNF:1
FNH:1
FNDA:1,(anonymous_1)
DA:0,1
DA:2,1
DA:23,1
DA:24,1
DA:30,1
LF:5
LH:5
BRF:0
BRH:0
end_of_record
TN:
SF:/Users/terrencelam/Documents/Dev/debt_mgmt/debt_mgmt/src/server/models/placementStatus.js
FN:7,(anonymous_1)
FNF:1
FNH:1
FNDA:1,(anonymous_1)
DA:0,1
DA:2,1
DA:14,1
LF:3
LH:3
BRF:0
BRH:0
end_of_record
TN:
SF:/Users/terrencelam/Documents/Dev/debt_mgmt/debt_mgmt/src/server/models/portfolio.js
FN:7,(anonymous_1)
FNF:1
FNH:1
FNDA:1,(anonymous_1)
DA:0,1
DA:2,1
DA:19,1
DA:20,1
DA:26,1
LF:5
LH:5
BRF:0
BRH:0
end_of_record
TN:
SF:/Users/terrencelam/Documents/Dev/debt_mgmt/debt_mgmt/src/server/models/province.js
FN:7,(anonymous_1)
FNF:1
FNH:1
FNDA:1,(anonymous_1)
DA:0,1
DA:2,1
DA:9,1
DA:10,1
DA:18,1
LF:5
LH:5
BRF:0
BRH:0
end_of_record
TN:
SF:/Users/terrencelam/Documents/Dev/debt_mgmt/debt_mgmt/src/server/models/relationship.js
FN:7,(anonymous_1)
FNF:1
FNH:1
FNDA:1,(anonymous_1)
DA:0,1
DA:2,1
DA:13,1
LF:3
LH:3
BRF:0
BRH:0
end_of_record
TN:
SF:/Users/terrencelam/Documents/Dev/debt_mgmt/debt_mgmt/src/server/models/repayment.js
FN:7,(anonymous_1)
FNF:1
FNH:1
FNDA:1,(anonymous_1)
DA:0,1
DA:2,1
DA:36,1
DA:40,1
DA:41,0
DA:48,0
DA:58,1
LF:7
LH:5
BRF:0
BRH:0
end_of_record
TN:
SF:/Users/terrencelam/Documents/Dev/debt_mgmt/debt_mgmt/src/server/models/repaymentPlan.js
FN:7,(anonymous_1)
FNF:1
FNH:1
FNDA:1,(anonymous_1)
DA:0,1
DA:2,1
DA:37,1
DA:38,1
DA:39,1
DA:40,1
DA:44,1
DA:45,0
DA:52,0
DA:62,1
LF:10
LH:8
BRF:0
BRH:0
end_of_record
TN:
SF:/Users/terrencelam/Documents/Dev/debt_mgmt/debt_mgmt/src/server/models/repaymentPlanStatus.js
FN:7,(anonymous_1)
FNF:1
FNH:1
FNDA:1,(anonymous_1)
DA:0,1
DA:2,1
DA:14,1
LF:3
LH:3
BRF:0
BRH:0
end_of_record
TN:
SF:/Users/terrencelam/Documents/Dev/debt_mgmt/debt_mgmt/src/server/models/repaymentStatus.js
FN:7,(anonymous_1)
FNF:1
FNH:1
FNDA:1,(anonymous_1)
DA:0,1
DA:2,1
DA:14,1
LF:3
LH:3
BRF:0
BRH:0
end_of_record
TN:
SF:/Users/terrencelam/Documents/Dev/debt_mgmt/debt_mgmt/src/server/models/role.js
FN:7,(anonymous_1)
FNF:1
FNH:1
FNDA:1,(anonymous_1)
DA:0,1
DA:2,1
DA:14,1
DA:22,1
LF:4
LH:4
BRF:0
BRH:0
end_of_record
TN:
SF:/Users/terrencelam/Documents/Dev/debt_mgmt/debt_mgmt/src/server/models/source.js
FN:7,(anonymous_1)
FNF:1
FNH:1
FNDA:1,(anonymous_1)
DA:0,1
DA:2,1
DA:14,1
LF:3
LH:3
BRF:0
BRH:0
end_of_record
TN:
SF:/Users/terrencelam/Documents/Dev/debt_mgmt/debt_mgmt/src/server/models/user.js
FN:7,(anonymous_1)
FNF:1
FNH:1
FNDA:1,(anonymous_1)
DA:0,1
DA:2,1
DA:40,1
DA:48,1
LF:4
LH:4
BRF:0
BRH:0
end_of_record
TN:
SF:/Users/terrencelam/Documents/Dev/debt_mgmt/debt_mgmt/src/server/models/userRole.js
FN:7,(anonymous_1)
FNF:1
FNH:1
FNDA:1,(anonymous_1)
DA:0,1
DA:2,1
DA:11,1
LF:3
LH:3
BRF:0
BRH:0
end_of_record
