TN:
SF:/Users/terrencelam/Documents/Dev/debt_mgmt/debt_mgmt/src/common/debtors/actions.js
FN:61,fetchDebtors
FN:61,(anonymous_2)
FN:61,(anonymous_3)
FN:61,searchDebtors
FN:61,(anonymous_5)
FN:61,getPromise
FN:61,getPromise$
FN:61,fetchDebtor
FN:63,(anonymous_9)
FN:64,getPromise
FN:66,getPromise$
FNF:11
FNH:2
FNDA:1,fetchDebtors
FNDA:1,(anonymous_2)
FNDA:0,(anonymous_3)
FNDA:0,searchDebtors
FNDA:0,(anonymous_5)
FNDA:0,getPromise
FNDA:0,getPromise$
FNDA:0,fetchDebtor
FNDA:0,(anonymous_9)
FNDA:0,getPromise
FNDA:0,getPromise$
DA:0,1
DA:1,1
DA:3,1
DA:4,1
DA:5,1
DA:6,1
DA:7,1
DA:8,1
DA:9,1
DA:10,1
DA:11,1
DA:13,1
DA:16,1
DA:18,1
DA:26,0
DA:31,1
DA:33,1
DA:34,0
DA:36,0
DA:45,0
DA:46,0
DA:48,0
DA:61,0
DA:62,0
DA:63,0
DA:64,1
DA:66,0
DA:74,0
DA:75,0
DA:77,0
DA:80,0
LF:31
LH:17
BRDA:61,1,0,1
BRDA:61,1,1,0
BRDA:61,2,0,1
BRDA:61,2,1,0
BRDA:61,3,0,0
BRDA:61,3,1,0
BRDA:61,4,0,0
BRDA:61,4,1,0
BRDA:61,5,0,0
BRDA:61,5,1,0
BRDA:61,5,2,0
BRDA:61,5,3,0
BRDA:61,5,4,0
BRDA:61,5,5,0
BRDA:61,6,0,0
BRDA:61,6,1,0
BRDA:61,7,0,0
BRDA:61,7,1,0
BRDA:61,8,0,0
BRDA:61,8,1,0
BRDA:66,9,0,0
BRDA:66,9,1,0
BRDA:66,9,2,0
BRDA:66,9,3,0
BRDA:66,9,4,0
BRDA:66,9,5,0
BRDA:71,10,0,0
BRDA:71,10,1,0
BRF:28
BRH:2
end_of_record
TN:
SF:/Users/terrencelam/Documents/Dev/debt_mgmt/debt_mgmt/src/common/lib/error/error.js
FN:3,_interopRequireDefault
FN:3,translateHttpError
FNF:2
FNH:1
FNDA:1,_interopRequireDefault
FNDA:0,translateHttpError
DA:0,1
DA:1,1
DA:3,1
DA:4,0
DA:6,0
DA:8,0
LF:6
LH:3
BRDA:3,1,0,1
BRDA:3,1,1,0
BRDA:3,2,0,1
BRDA:3,2,1,1
BRDA:4,3,0,0
BRDA:4,3,1,0
BRF:6
BRH:3
end_of_record
TN:
SF:/Users/terrencelam/Documents/Dev/debt_mgmt/debt_mgmt/src/common/lib/error/AuthorizationError.js
FN:1,_classCallCheck
FN:1,_possibleConstructorReturn
FN:1,_inherits
FN:3,(anonymous_4)
FN:5,AuthorizationError
FNF:5
FNH:2
FNDA:0,_classCallCheck
FNDA:0,_possibleConstructorReturn
FNDA:1,_inherits
FNDA:1,(anonymous_4)
FNDA:0,AuthorizationError
DA:0,1
DA:1,1
DA:3,1
DA:5,1
DA:7,0
DA:8,0
LF:6
LH:4
BRDA:1,1,0,0
BRDA:1,1,1,0
BRDA:1,2,0,0
BRDA:1,2,1,0
BRDA:1,3,0,0
BRDA:1,3,1,0
BRDA:1,4,0,0
BRDA:1,4,1,0
BRDA:1,4,2,0
BRDA:1,5,0,0
BRDA:1,5,1,1
BRDA:1,6,0,1
BRDA:1,6,1,0
BRDA:1,7,0,1
BRDA:1,7,1,1
BRDA:1,8,0,1
BRDA:1,8,1,0
BRDA:1,9,0,1
BRDA:1,9,1,0
BRDA:5,10,0,0
BRDA:5,10,1,0
BRDA:5,11,0,0
BRDA:5,11,1,0
BRF:23
BRH:6
end_of_record
TN:
SF:/Users/terrencelam/Documents/Dev/debt_mgmt/debt_mgmt/src/server/lib/Boarding.js
FN:31,_interopRequireDefault
FN:33,getFieldNames
FN:37,getGender
FN:45,getIdInfo
FN:80,getCell
FN:89,getRows
FN:99,getColIndexes
FN:108,checkColumnNames
FN:123,checkRequiredFields
FN:141,checkIfPortfolioExists
FN:166,validateBoarding
FN:175,boarding
FNF:12
FNH:11
FNDA:5,_interopRequireDefault
FNDA:6,getFieldNames
FNDA:10,getGender
FNDA:18,getIdInfo
FNDA:3,getCell
FNDA:1,getRows
FNDA:2,getColIndexes
FNDA:3,checkColumnNames
FNDA:2,checkRequiredFields
FNDA:1,checkIfPortfolioExists
FNDA:4,validateBoarding
FNDA:0,boarding
DA:0,5
DA:1,1
DA:2,1
DA:3,1
DA:4,1
DA:5,1
DA:8,1
DA:9,6
DA:10,221
DA:14,1
DA:15,10
DA:16,10
DA:17,8
DA:19,2
DA:22,1
DA:23,18
DA:24,2
DA:26,16
DA:27,16
DA:28,2
DA:30,14
DA:31,14
DA:32,14
DA:33,14
DA:34,14
DA:35,14
DA:36,14
DA:37,7
DA:38,7
DA:39,7
DA:40,4
DA:44,4
DA:46,7
DA:47,7
DA:48,7
DA:49,7
DA:50,6
DA:54,6
DA:57,14
DA:63,1
DA:64,3
DA:65,3
DA:68,1
DA:69,1
DA:72,1
DA:73,5
DA:75,1
DA:79,1
DA:80,2
DA:81,3
DA:82,3
DA:86,1
DA:87,3
DA:88,3
DA:89,217
DA:90,217
DA:91,1
DA:96,2
DA:99,1
DA:100,2
DA:101,2
DA:102,121
DA:103,10
DA:104,57
DA:107,1
DA:114,1
DA:117,1
DA:118,1
DA:124,1
DA:125,5
DA:129,5
DA:130,0
DA:135,1
DA:142,1
DA:143,4
DA:144,1
DA:146,3
DA:150,1
DA:151,0
DA:152,0
DA:154,0
DA:158,0
DA:159,0
DA:164,0
DA:165,0
DA:166,0
DA:184,0
DA:185,0
DA:191,0
DA:195,0
DA:200,0
DA:205,0
DA:212,0
DA:215,0
DA:219,0
DA:231,0
DA:236,1
DA:238,1
DA:239,1
DA:240,1
DA:241,1
DA:242,1
DA:243,1
DA:244,1
DA:245,1
LF:105
LH:86
BRDA:31,1,0,2
BRDA:31,1,1,3
BRDA:31,2,0,5
BRDA:31,2,1,5
BRDA:39,3,0,8
BRDA:39,3,1,2
BRDA:46,4,0,2
BRDA:46,4,1,16
BRDA:50,5,0,2
BRDA:50,5,1,14
BRDA:59,6,0,7
BRDA:59,6,1,7
BRDA:62,7,0,4
BRDA:62,7,1,3
BRDA:66,8,0,7
BRDA:66,8,1,0
BRDA:69,9,0,6
BRDA:69,9,1,1
BRDA:86,10,0,2
BRDA:86,10,1,1
BRDA:100,11,0,0
BRDA:100,11,1,2
BRDA:100,12,0,2
BRDA:100,12,1,2
BRDA:109,13,0,0
BRDA:109,13,1,3
BRDA:109,14,0,3
BRDA:109,14,1,3
BRDA:114,15,0,1
BRDA:114,15,1,216
BRDA:124,16,0,0
BRDA:124,16,1,2
BRDA:124,17,0,2
BRDA:124,17,1,2
BRDA:128,18,0,10
BRDA:128,18,1,111
BRDA:130,19,0,1
BRDA:130,19,1,56
BRDA:130,20,0,57
BRDA:130,20,1,56
BRDA:153,21,0,0
BRDA:153,21,1,5
BRDA:167,22,0,2
BRDA:167,22,1,2
BRDA:167,23,0,4
BRDA:167,23,1,2
BRDA:169,24,0,1
BRDA:169,24,1,3
BRDA:169,25,0,4
BRDA:169,25,1,1
BRDA:172,26,0,3
BRDA:172,26,1,2
BRDA:176,27,0,0
BRDA:176,27,1,0
BRDA:176,28,0,0
BRDA:176,28,1,0
BRDA:178,29,0,0
BRDA:178,29,1,0
BRDA:211,30,0,0
BRDA:211,30,1,0
BRF:60
BRH:47
end_of_record
TN:
SF:/Users/terrencelam/Documents/Dev/debt_mgmt/debt_mgmt/src/server/lib/BoardingValidationError.js
FN:13,_interopRequireDefault
FN:17,(anonymous_2)
FNF:2
FNH:2
FNDA:1,_interopRequireDefault
FNDA:3,(anonymous_2)
DA:0,3
DA:1,1
DA:6,3
DA:7,3
DA:8,3
LF:5
LH:5
BRDA:13,1,0,1
BRDA:13,1,1,0
BRDA:13,2,0,1
BRDA:13,2,1,1
BRDA:18,3,0,1
BRDA:18,3,1,2
BRDA:18,4,0,3
BRDA:18,4,1,2
BRF:8
BRH:8
end_of_record
TN:
SF:/Users/terrencelam/Documents/Dev/debt_mgmt/debt_mgmt/src/server/models/index.js
FN:31,_interopRequireDefault
FNF:1
FNH:1
FNDA:6,_interopRequireDefault
DA:0,6
DA:1,1
DA:2,1
DA:3,1
DA:4,1
DA:5,1
DA:7,1
DA:8,1
DA:10,1
DA:11,1
DA:13,1
DA:15,1
DA:16,37
DA:18,36
DA:19,36
DA:22,1
DA:23,36
DA:24,22
DA:26,36
DA:27,36
DA:31,1
DA:32,1
LF:22
LH:22
BRDA:31,1,0,1
BRDA:31,1,1,5
BRDA:31,2,0,6
BRDA:31,2,1,6
BRDA:33,3,0,1
BRDA:33,3,1,1
BRDA:41,4,0,37
BRDA:41,4,1,37
BRDA:47,5,0,22
BRDA:47,5,1,14
BRDA:50,6,0,36
BRDA:50,6,1,0
BRF:12
BRH:11
end_of_record
TN:
SF:/Users/terrencelam/Documents/Dev/debt_mgmt/debt_mgmt/src/server/config.js
FN:11,_interopRequireDefault
FNF:1
FNH:1
FNDA:1,_interopRequireDefault
DA:0,1
DA:4,1
DA:6,1
DA:7,1
DA:11,1
DA:14,1
DA:18,1
LF:7
LH:7
BRDA:11,1,0,0
BRDA:11,1,1,1
BRDA:11,2,0,1
BRDA:11,2,1,1
BRDA:35,3,0,1
BRDA:35,3,1,1
BRF:6
BRH:6
end_of_record
TN:
SF:/Users/terrencelam/Documents/Dev/debt_mgmt/debt_mgmt/src/server/lib/logger.js
FN:19,_interopRequireDefault
FNF:1
FNH:1
FNDA:3,_interopRequireDefault
DA:0,3
DA:1,1
DA:2,1
DA:3,1
DA:7,1
DA:9,1
DA:17,1
DA:19,1
LF:8
LH:8
BRDA:19,1,0,0
BRDA:19,1,1,3
BRDA:19,2,0,3
BRDA:19,2,1,3
BRDA:35,3,0,0
BRDA:35,3,1,1
BRF:6
BRH:5
end_of_record
TN:
SF:/Users/terrencelam/Documents/Dev/debt_mgmt/debt_mgmt/src/server/models/address.js
FN:7,(anonymous_1)
FNF:1
FNH:1
FNDA:1,(anonymous_1)
DA:0,1
DA:2,1
DA:12,1
DA:13,1
DA:19,1
LF:5
LH:5
BRF:0
BRH:0
end_of_record
TN:
SF:/Users/terrencelam/Documents/Dev/debt_mgmt/debt_mgmt/src/server/models/addressType.js
FN:7,(anonymous_1)
FNF:1
FNH:1
FNDA:1,(anonymous_1)
DA:0,1
DA:2,1
DA:13,1
LF:3
LH:3
BRF:0
BRH:0
end_of_record
TN:
SF:/Users/terrencelam/Documents/Dev/debt_mgmt/debt_mgmt/src/server/models/agency.js
FN:7,(anonymous_1)
FNF:1
FNH:1
FNDA:1,(anonymous_1)
DA:0,1
DA:2,1
DA:16,1
DA:22,1
LF:4
LH:4
BRF:0
BRH:0
end_of_record
TN:
SF:/Users/terrencelam/Documents/Dev/debt_mgmt/debt_mgmt/src/server/models/city.js
FN:7,(anonymous_1)
FNF:1
FNH:1
FNDA:1,(anonymous_1)
DA:0,1
DA:2,1
DA:9,1
DA:12,1
DA:20,1
LF:5
LH:5
BRF:0
BRH:0
end_of_record
TN:
SF:/Users/terrencelam/Documents/Dev/debt_mgmt/debt_mgmt/src/server/models/cityCounty.js
FN:7,(anonymous_1)
FNF:1
FNH:1
FNDA:1,(anonymous_1)
DA:0,1
DA:2,1
DA:12,1
LF:3
LH:3
BRF:0
BRH:0
end_of_record
TN:
SF:/Users/terrencelam/Documents/Dev/debt_mgmt/debt_mgmt/src/server/models/company.js
FN:7,(anonymous_1)
FNF:1
FNH:1
FNDA:1,(anonymous_1)
DA:0,1
DA:2,1
DA:16,1
DA:22,1
LF:4
LH:4
BRF:0
BRH:0
end_of_record
TN:
SF:/Users/terrencelam/Documents/Dev/debt_mgmt/debt_mgmt/src/server/models/companyType.js
FN:7,(anonymous_1)
FNF:1
FNH:1
FNDA:1,(anonymous_1)
DA:0,1
DA:2,1
DA:19,1
LF:3
LH:3
BRF:0
BRH:0
end_of_record
TN:
SF:/Users/terrencelam/Documents/Dev/debt_mgmt/debt_mgmt/src/server/models/contactNumber.js
FN:7,(anonymous_1)
FNF:1
FNH:1
FNDA:1,(anonymous_1)
DA:0,1
DA:2,1
DA:18,1
DA:19,1
DA:25,1
LF:5
LH:5
BRF:0
BRH:0
end_of_record
TN:
SF:/Users/terrencelam/Documents/Dev/debt_mgmt/debt_mgmt/src/server/models/contactNumberType.js
FN:7,(anonymous_1)
FNF:1
FNH:1
FNDA:1,(anonymous_1)
DA:0,1
DA:2,1
DA:14,1
LF:3
LH:3
BRF:0
BRH:0
end_of_record
TN:
SF:/Users/terrencelam/Documents/Dev/debt_mgmt/debt_mgmt/src/server/models/country.js
FN:7,(anonymous_1)
FNF:1
FNH:1
FNDA:1,(anonymous_1)
DA:0,1
DA:2,1
DA:9,1
DA:10,1
DA:16,1
LF:5
LH:5
BRF:0
BRH:0
end_of_record
TN:
SF:/Users/terrencelam/Documents/Dev/debt_mgmt/debt_mgmt/src/server/models/county.js
FN:7,(anonymous_1)
FNF:1
FNH:1
FNDA:1,(anonymous_1)
DA:0,1
DA:2,1
DA:9,1
DA:17,1
LF:4
LH:4
BRF:0
BRH:0
end_of_record
TN:
SF:/Users/terrencelam/Documents/Dev/debt_mgmt/debt_mgmt/src/server/models/debtorLoan.js
FN:7,(anonymous_1)
FNF:1
FNH:1
FNDA:1,(anonymous_1)
DA:0,1
DA:2,1
DA:16,1
LF:3
LH:3
BRF:0
BRH:0
end_of_record
TN:
SF:/Users/terrencelam/Documents/Dev/debt_mgmt/debt_mgmt/src/server/models/employer.js
FN:7,(anonymous_1)
FNF:1
FNH:1
FNDA:1,(anonymous_1)
DA:0,1
DA:2,1
DA:9,1
DA:10,1
DA:16,1
LF:5
LH:5
BRF:0
BRH:0
end_of_record
TN:
SF:/Users/terrencelam/Documents/Dev/debt_mgmt/debt_mgmt/src/server/models/identity.js
FN:7,(anonymous_1)
FNF:1
FNH:1
FNDA:1,(anonymous_1)
DA:0,1
DA:2,1
DA:18,1
DA:19,1
DA:20,1
DA:21,1
DA:27,1
LF:7
LH:7
BRF:0
BRH:0
end_of_record
TN:
SF:/Users/terrencelam/Documents/Dev/debt_mgmt/debt_mgmt/src/server/models/identityType.js
FN:7,(anonymous_1)
FNF:1
FNH:1
FNDA:1,(anonymous_1)
DA:0,1
DA:2,1
DA:19,1
LF:3
LH:3
BRF:0
BRH:0
end_of_record
TN:
SF:/Users/terrencelam/Documents/Dev/debt_mgmt/debt_mgmt/src/server/models/loan.js
FN:7,(anonymous_1)
FNF:1
FNH:1
FNDA:1,(anonymous_1)
DA:0,1
DA:2,1
DA:85,1
DA:86,1
DA:87,1
DA:88,1
DA:93,1
DA:97,1
DA:98,0
DA:103,0
DA:114,1
LF:11
LH:9
BRF:0
BRH:0
end_of_record
TN:
SF:/Users/terrencelam/Documents/Dev/debt_mgmt/debt_mgmt/src/server/models/loanPlacement.js
FN:7,(anonymous_1)
FNF:1
FNH:1
FNDA:1,(anonymous_1)
DA:0,1
DA:2,1
DA:16,1
DA:17,1
DA:18,1
DA:22,1
DA:23,0
DA:30,0
DA:40,1
LF:9
LH:7
BRF:0
BRH:0
end_of_record
TN:
SF:/Users/terrencelam/Documents/Dev/debt_mgmt/debt_mgmt/src/server/models/loanStatus.js
FN:7,(anonymous_1)
FNF:1
FNH:1
FNDA:1,(anonymous_1)
DA:0,1
DA:2,1
DA:18,1
LF:3
LH:3
BRF:0
BRH:0
end_of_record
TN:
SF:/Users/terrencelam/Documents/Dev/debt_mgmt/debt_mgmt/src/server/models/loanType.js
FN:7,(anonymous_1)
FNF:1
FNH:1
FNDA:1,(anonymous_1)
DA:0,1
DA:2,1
DA:14,1
LF:3
LH:3
BRF:0
BRH:0
end_of_record
TN:
SF:/Users/terrencelam/Documents/Dev/debt_mgmt/debt_mgmt/src/server/models/note.js
FN:7,(anonymous_1)
FNF:1
FNH:1
FNDA:1,(anonymous_1)
DA:0,1
DA:2,1
DA:10,1
DA:16,1
LF:4
LH:4
BRF:0
BRH:0
end_of_record
TN:
SF:/Users/terrencelam/Documents/Dev/debt_mgmt/debt_mgmt/src/server/models/person.js
FN:7,(anonymous_1)
FNF:1
FNH:1
FNDA:1,(anonymous_1)
DA:0,1
DA:2,1
DA:19,1
DA:20,1
DA:25,1
DA:26,1
DA:32,1
LF:7
LH:7
BRF:0
BRH:0
end_of_record
TN:
SF:/Users/terrencelam/Documents/Dev/debt_mgmt/debt_mgmt/src/server/models/personAddress.js
FN:7,(anonymous_1)
FNF:1
FNH:1
FNDA:1,(anonymous_1)
DA:0,1
DA:2,1
DA:15,1
DA:16,1
DA:17,1
DA:18,1
DA:19,1
DA:25,1
LF:8
LH:8
BRF:0
BRH:0
end_of_record
TN:
SF:/Users/terrencelam/Documents/Dev/debt_mgmt/debt_mgmt/src/server/models/personContactNumber.js
FN:7,(anonymous_1)
FNF:1
FNH:1
FNDA:1,(anonymous_1)
DA:0,1
DA:2,1
DA:15,1
DA:16,1
DA:17,1
DA:18,1
DA:19,1
DA:25,1
LF:8
LH:8
BRF:0
BRH:0
end_of_record
TN:
SF:/Users/terrencelam/Documents/Dev/debt_mgmt/debt_mgmt/src/server/models/placement.js
FN:7,(anonymous_1)
FNF:1
FNH:1
FNDA:1,(anonymous_1)
DA:0,1
DA:2,1
DA:23,1
DA:24,1
DA:30,1
LF:5
LH:5
BRF:0
BRH:0
end_of_record
TN:
SF:/Users/terrencelam/Documents/Dev/debt_mgmt/debt_mgmt/src/server/models/placementStatus.js
FN:7,(anonymous_1)
FNF:1
FNH:1
FNDA:1,(anonymous_1)
DA:0,1
DA:2,1
DA:14,1
LF:3
LH:3
BRF:0
BRH:0
end_of_record
TN:
SF:/Users/terrencelam/Documents/Dev/debt_mgmt/debt_mgmt/src/server/models/portfolio.js
FN:7,(anonymous_1)
FNF:1
FNH:1
FNDA:1,(anonymous_1)
DA:0,1
DA:2,1
DA:19,1
DA:20,1
DA:26,1
LF:5
LH:5
BRF:0
BRH:0
end_of_record
TN:
SF:/Users/terrencelam/Documents/Dev/debt_mgmt/debt_mgmt/src/server/models/province.js
FN:7,(anonymous_1)
FNF:1
FNH:1
FNDA:1,(anonymous_1)
DA:0,1
DA:2,1
DA:9,1
DA:10,1
DA:18,1
LF:5
LH:5
BRF:0
BRH:0
end_of_record
TN:
SF:/Users/terrencelam/Documents/Dev/debt_mgmt/debt_mgmt/src/server/models/relationship.js
FN:7,(anonymous_1)
FNF:1
FNH:1
FNDA:1,(anonymous_1)
DA:0,1
DA:2,1
DA:13,1
LF:3
LH:3
BRF:0
BRH:0
end_of_record
TN:
SF:/Users/terrencelam/Documents/Dev/debt_mgmt/debt_mgmt/src/server/models/repayment.js
FN:7,(anonymous_1)
FNF:1
FNH:1
FNDA:1,(anonymous_1)
DA:0,1
DA:2,1
DA:36,1
DA:40,1
DA:41,0
DA:48,0
DA:58,1
LF:7
LH:5
BRF:0
BRH:0
end_of_record
TN:
SF:/Users/terrencelam/Documents/Dev/debt_mgmt/debt_mgmt/src/server/models/repaymentPlan.js
FN:7,(anonymous_1)
FNF:1
FNH:1
FNDA:1,(anonymous_1)
DA:0,1
DA:2,1
DA:37,1
DA:38,1
DA:39,1
DA:40,1
DA:44,1
DA:45,0
DA:52,0
DA:62,1
LF:10
LH:8
BRF:0
BRH:0
end_of_record
TN:
SF:/Users/terrencelam/Documents/Dev/debt_mgmt/debt_mgmt/src/server/models/repaymentPlanStatus.js
FN:7,(anonymous_1)
FNF:1
FNH:1
FNDA:1,(anonymous_1)
DA:0,1
DA:2,1
DA:14,1
LF:3
LH:3
BRF:0
BRH:0
end_of_record
TN:
SF:/Users/terrencelam/Documents/Dev/debt_mgmt/debt_mgmt/src/server/models/repaymentStatus.js
FN:7,(anonymous_1)
FNF:1
FNH:1
FNDA:1,(anonymous_1)
DA:0,1
DA:2,1
DA:14,1
LF:3
LH:3
BRF:0
BRH:0
end_of_record
TN:
SF:/Users/terrencelam/Documents/Dev/debt_mgmt/debt_mgmt/src/server/models/role.js
FN:7,(anonymous_1)
FNF:1
FNH:1
FNDA:1,(anonymous_1)
DA:0,1
DA:2,1
DA:14,1
DA:22,1
LF:4
LH:4
BRF:0
BRH:0
end_of_record
TN:
SF:/Users/terrencelam/Documents/Dev/debt_mgmt/debt_mgmt/src/server/models/source.js
FN:7,(anonymous_1)
FNF:1
FNH:1
FNDA:1,(anonymous_1)
DA:0,1
DA:2,1
DA:14,1
LF:3
LH:3
BRF:0
BRH:0
end_of_record
TN:
SF:/Users/terrencelam/Documents/Dev/debt_mgmt/debt_mgmt/src/server/models/user.js
FN:7,(anonymous_1)
FNF:1
FNH:1
FNDA:1,(anonymous_1)
DA:0,1
DA:2,1
DA:40,1
DA:48,1
LF:4
LH:4
BRF:0
BRH:0
end_of_record
TN:
SF:/Users/terrencelam/Documents/Dev/debt_mgmt/debt_mgmt/src/server/models/userRole.js
FN:7,(anonymous_1)
FNF:1
FNH:1
FNDA:1,(anonymous_1)
DA:0,1
DA:2,1
DA:11,1
LF:3
LH:3
BRF:0
BRH:0
end_of_record
